Training with argumentation
Images min: 0.12156862765550613 Images max: 0.95686274766922
Mask min: 0.0 Mask max: 1.0

==================================================
Trainer Configuration
==================================================
{   'Best Validation Loss': inf,
    'Device': device(type='cuda'),
    'Learning Rate': 0.001,
    'Loss Function': 'dice_loss',
    'Loss Save Path': '/home/crackscope/Road-Anomaly-Detector/road_anomaly_detector/main/model/model_files/FPN_cracktree200_lr0001_b4_p20_e500_dice/loss_plot.png',
    'Model Save Path': '/home/crackscope/Road-Anomaly-Detector/road_anomaly_detector/main/model/model_files/FPN_cracktree200_lr0001_b4_p20_e500_dice/model.pth',
    'Number of Epochs': 500,
    'Optimizer': 'Adam (\n'
                 'Parameter Group 0\n'
                 '    amsgrad: False\n'
                 '    betas: (0.9, 0.999)\n'
                 '    capturable: False\n'
                 '    differentiable: False\n'
                 '    eps: 1e-08\n'
                 '    foreach: None\n'
                 '    fused: None\n'
                 '    lr: 0.001\n'
                 '    maximize: False\n'
                 '    weight_decay: 0\n'
                 ')',
    'Patience': 20}
==================================================

Epoch [1/500], Train Loss: 0.9561, Val Loss: 0.9719
Model improved
Epoch [2/500], Train Loss: 0.9355, Val Loss: 0.9578
Model improved
Epoch [3/500], Train Loss: 0.8645, Val Loss: 0.8147
Model improved
Epoch [4/500], Train Loss: 0.7364, Val Loss: 0.7150
Model improved
Epoch [5/500], Train Loss: 0.6798, Val Loss: 0.6474
Model improved
Epoch [6/500], Train Loss: 0.6512, Val Loss: 0.6265
Model improved
Epoch [7/500], Train Loss: 0.6110, Val Loss: 0.5879
Model improved
Epoch [8/500], Train Loss: 0.5969, Val Loss: 0.5771
Model improved
Epoch [9/500], Train Loss: 0.5714, Val Loss: 0.5815
No improvement in validation loss for 1 epochs.
Epoch [10/500], Train Loss: 0.5614, Val Loss: 0.5537
Model improved
Epoch [11/500], Train Loss: 0.5609, Val Loss: 0.5587
No improvement in validation loss for 1 epochs.
Epoch [12/500], Train Loss: 0.5506, Val Loss: 0.5461
Model improved
Epoch [13/500], Train Loss: 0.5548, Val Loss: 0.5505
No improvement in validation loss for 1 epochs.
Epoch [14/500], Train Loss: 0.5456, Val Loss: 0.5488
No improvement in validation loss for 2 epochs.
Epoch [15/500], Train Loss: 0.5506, Val Loss: 0.5501
No improvement in validation loss for 3 epochs.
Epoch [16/500], Train Loss: 0.5420, Val Loss: 0.5442
Model improved
Epoch [17/500], Train Loss: 0.5407, Val Loss: 0.5567
No improvement in validation loss for 1 epochs.
Epoch [18/500], Train Loss: 0.5423, Val Loss: 0.5473
No improvement in validation loss for 2 epochs.
Epoch [19/500], Train Loss: 0.5401, Val Loss: 0.5520
No improvement in validation loss for 3 epochs.
Epoch [20/500], Train Loss: 0.5423, Val Loss: 0.5789
No improvement in validation loss for 4 epochs.
Epoch [21/500], Train Loss: 0.5385, Val Loss: 0.5400
Model improved
Epoch [22/500], Train Loss: 0.5347, Val Loss: 0.5553
No improvement in validation loss for 1 epochs.
Epoch [23/500], Train Loss: 0.5355, Val Loss: 0.5426
No improvement in validation loss for 2 epochs.
Epoch [24/500], Train Loss: 0.5333, Val Loss: 0.5441
No improvement in validation loss for 3 epochs.
Epoch [25/500], Train Loss: 0.5371, Val Loss: 0.5371
Model improved
Epoch [26/500], Train Loss: 0.5364, Val Loss: 0.5430
No improvement in validation loss for 1 epochs.
Epoch [27/500], Train Loss: 0.5367, Val Loss: 0.5414
No improvement in validation loss for 2 epochs.
Epoch [28/500], Train Loss: 0.5369, Val Loss: 0.5471
No improvement in validation loss for 3 epochs.
Epoch [29/500], Train Loss: 0.5316, Val Loss: 0.5372
No improvement in validation loss for 4 epochs.
Epoch [30/500], Train Loss: 0.5309, Val Loss: 0.5393
No improvement in validation loss for 5 epochs.
Epoch [31/500], Train Loss: 0.5314, Val Loss: 0.5322
Model improved
Epoch [32/500], Train Loss: 0.5309, Val Loss: 0.5362
No improvement in validation loss for 1 epochs.
Epoch [33/500], Train Loss: 0.5323, Val Loss: 0.5330
No improvement in validation loss for 2 epochs.
Epoch [34/500], Train Loss: 0.5387, Val Loss: 0.5648
No improvement in validation loss for 3 epochs.
Epoch [35/500], Train Loss: 0.5330, Val Loss: 0.5387
No improvement in validation loss for 4 epochs.
Epoch [36/500], Train Loss: 0.5341, Val Loss: 0.5386
No improvement in validation loss for 5 epochs.
Epoch [37/500], Train Loss: 0.5323, Val Loss: 0.5402
No improvement in validation loss for 6 epochs.
Epoch [38/500], Train Loss: 0.5295, Val Loss: 0.5370
No improvement in validation loss for 7 epochs.
Epoch [39/500], Train Loss: 0.5262, Val Loss: 0.5289
Model improved
Epoch [40/500], Train Loss: 0.5300, Val Loss: 0.5336
No improvement in validation loss for 1 epochs.
Epoch [41/500], Train Loss: 0.5254, Val Loss: 0.5264
Model improved
Epoch [42/500], Train Loss: 0.5281, Val Loss: 0.5336
No improvement in validation loss for 1 epochs.
Epoch [43/500], Train Loss: 0.5275, Val Loss: 0.5398
No improvement in validation loss for 2 epochs.
Epoch [44/500], Train Loss: 0.5289, Val Loss: 0.5322
No improvement in validation loss for 3 epochs.
Epoch [45/500], Train Loss: 0.5360, Val Loss: 0.5474
No improvement in validation loss for 4 epochs.
Epoch [46/500], Train Loss: 0.5297, Val Loss: 0.5276
No improvement in validation loss for 5 epochs.
Epoch [47/500], Train Loss: 0.5286, Val Loss: 0.5314
No improvement in validation loss for 6 epochs.
Epoch [48/500], Train Loss: 0.5259, Val Loss: 0.5336
No improvement in validation loss for 7 epochs.
Epoch [49/500], Train Loss: 0.5319, Val Loss: 0.5438
No improvement in validation loss for 8 epochs.
Epoch [50/500], Train Loss: 0.5293, Val Loss: 0.5288
No improvement in validation loss for 9 epochs.
Epoch [51/500], Train Loss: 0.5283, Val Loss: 0.5276
No improvement in validation loss for 10 epochs.
Epoch [52/500], Train Loss: 0.5259, Val Loss: 0.5308
No improvement in validation loss for 11 epochs.
Epoch [53/500], Train Loss: 0.5258, Val Loss: 0.5287
No improvement in validation loss for 12 epochs.
Epoch [54/500], Train Loss: 0.5278, Val Loss: 0.5285
No improvement in validation loss for 13 epochs.
Epoch [55/500], Train Loss: 0.5260, Val Loss: 0.5317
No improvement in validation loss for 14 epochs.
Epoch [56/500], Train Loss: 0.5258, Val Loss: 0.5379
No improvement in validation loss for 15 epochs.
Epoch [57/500], Train Loss: 0.5258, Val Loss: 0.5283
No improvement in validation loss for 16 epochs.
Epoch [58/500], Train Loss: 0.5247, Val Loss: 0.5310
No improvement in validation loss for 17 epochs.
Epoch [59/500], Train Loss: 0.5254, Val Loss: 0.5300
No improvement in validation loss for 18 epochs.
Epoch [60/500], Train Loss: 0.5256, Val Loss: 0.5298
No improvement in validation loss for 19 epochs.
Epoch [61/500], Train Loss: 0.5226, Val Loss: 0.5277
No improvement in validation loss for 20 epochs.
Early stopping after 20 epochs without improvement.
Best validation loss: 0.5264
Model saved to /home/crackscope/Road-Anomaly-Detector/road_anomaly_detector/main/model/model_files/FPN_cracktree200_lr0001_b4_p20_e500_dice/model.pth
Loss plot saved to /home/crackscope/Road-Anomaly-Detector/road_anomaly_detector/main/model/model_files/FPN_cracktree200_lr0001_b4_p20_e500_dice/loss_plot.png
