Training with argumentation
Images min: 0.027450980618596077 Images max: 0.9725490212440491
Mask min: 0.0 Mask max: 1.0
Using Focal with alpha: 0.25 and gamma: 2.0

==================================================
Trainer Configuration
==================================================
{   'Best Validation Loss': inf,
    'Device': device(type='cuda'),
    'Learning Rate': 0.001,
    'Loss Function': 'fl_loss',
    'Loss Save Path': '/home/crackscope/Road-Anomaly-Detector/road_anomaly_detector/main/model/model_files/FPN_cracktree200_lr0001_b4_p20_e500_focal/loss_plot.png',
    'Model Save Path': '/home/crackscope/Road-Anomaly-Detector/road_anomaly_detector/main/model/model_files/FPN_cracktree200_lr0001_b4_p20_e500_focal/model.pth',
    'Number of Epochs': 500,
    'Optimizer': 'Adam (\n'
                 'Parameter Group 0\n'
                 '    amsgrad: False\n'
                 '    betas: (0.9, 0.999)\n'
                 '    capturable: False\n'
                 '    differentiable: False\n'
                 '    eps: 1e-08\n'
                 '    foreach: None\n'
                 '    fused: None\n'
                 '    lr: 0.001\n'
                 '    maximize: False\n'
                 '    weight_decay: 0\n'
                 ')',
    'Patience': 20}
==================================================

Epoch [1/500], Train Loss: 0.2616, Val Loss: 0.0608
Model improved
Epoch [2/500], Train Loss: 0.0851, Val Loss: 0.0565
Model improved
Epoch [3/500], Train Loss: 0.0756, Val Loss: 0.0567
No improvement in validation loss for 1 epochs.
Epoch [4/500], Train Loss: 0.0709, Val Loss: 0.0547
Model improved
Epoch [5/500], Train Loss: 0.0717, Val Loss: 0.0659
No improvement in validation loss for 1 epochs.
Epoch [6/500], Train Loss: 0.0722, Val Loss: 0.0533
Model improved
Epoch [7/500], Train Loss: 0.0682, Val Loss: 0.0488
Model improved
Epoch [8/500], Train Loss: 0.0685, Val Loss: 0.0501
No improvement in validation loss for 1 epochs.
Epoch [9/500], Train Loss: 0.0638, Val Loss: 0.0488
No improvement in validation loss for 2 epochs.
Epoch [10/500], Train Loss: 0.0610, Val Loss: 0.0456
Model improved
Epoch [11/500], Train Loss: 0.0601, Val Loss: 0.0419
Model improved
Epoch [12/500], Train Loss: 0.0600, Val Loss: 0.0374
Model improved
Epoch [13/500], Train Loss: 0.0560, Val Loss: 0.0499
No improvement in validation loss for 1 epochs.
Epoch [14/500], Train Loss: 0.0534, Val Loss: 0.0426
No improvement in validation loss for 2 epochs.
Epoch [15/500], Train Loss: 0.0523, Val Loss: 0.0419
No improvement in validation loss for 3 epochs.
Epoch [16/500], Train Loss: 0.0529, Val Loss: 0.0932
No improvement in validation loss for 4 epochs.
Epoch [17/500], Train Loss: 0.0524, Val Loss: 0.0404
No improvement in validation loss for 5 epochs.
Epoch [18/500], Train Loss: 0.0481, Val Loss: 0.0368
Model improved
Epoch [19/500], Train Loss: 0.0478, Val Loss: 0.0517
No improvement in validation loss for 1 epochs.
Epoch [20/500], Train Loss: 0.0474, Val Loss: 0.0367
Model improved
Epoch [21/500], Train Loss: 0.0444, Val Loss: 0.0357
Model improved
Epoch [22/500], Train Loss: 0.0443, Val Loss: 0.0339
Model improved
Epoch [23/500], Train Loss: 0.0425, Val Loss: 0.0326
Model improved
Epoch [24/500], Train Loss: 0.0455, Val Loss: 0.0393
No improvement in validation loss for 1 epochs.
Epoch [25/500], Train Loss: 0.0410, Val Loss: 0.0311
Model improved
Epoch [26/500], Train Loss: 0.0407, Val Loss: 0.0296
Model improved
Epoch [27/500], Train Loss: 0.0400, Val Loss: 0.0291
Model improved
Epoch [28/500], Train Loss: 0.0387, Val Loss: 0.0293
No improvement in validation loss for 1 epochs.
Epoch [29/500], Train Loss: 0.0398, Val Loss: 0.0345
No improvement in validation loss for 2 epochs.
Epoch [30/500], Train Loss: 0.0389, Val Loss: 0.0326
No improvement in validation loss for 3 epochs.
Epoch [31/500], Train Loss: 0.0395, Val Loss: 0.0387
No improvement in validation loss for 4 epochs.
Epoch [32/500], Train Loss: 0.0371, Val Loss: 0.0289
Model improved
Epoch [33/500], Train Loss: 0.0415, Val Loss: 0.0301
No improvement in validation loss for 1 epochs.
Epoch [34/500], Train Loss: 0.0392, Val Loss: 0.0283
Model improved
Epoch [35/500], Train Loss: 0.0367, Val Loss: 0.0296
No improvement in validation loss for 1 epochs.
Epoch [36/500], Train Loss: 0.0373, Val Loss: 0.0314
No improvement in validation loss for 2 epochs.
Epoch [37/500], Train Loss: 0.0353, Val Loss: 0.0259
Model improved
Epoch [38/500], Train Loss: 0.0364, Val Loss: 0.0256
Model improved
Epoch [39/500], Train Loss: 0.0355, Val Loss: 0.0256
Model improved
Epoch [40/500], Train Loss: 0.0358, Val Loss: 0.0268
No improvement in validation loss for 1 epochs.
Epoch [41/500], Train Loss: 0.0361, Val Loss: 0.0253
Model improved
Epoch [42/500], Train Loss: 0.0358, Val Loss: 0.0329
No improvement in validation loss for 1 epochs.
Epoch [43/500], Train Loss: 0.0355, Val Loss: 0.0263
No improvement in validation loss for 2 epochs.
Epoch [44/500], Train Loss: 0.0348, Val Loss: 0.0292
No improvement in validation loss for 3 epochs.
Epoch [45/500], Train Loss: 0.0354, Val Loss: 0.0251
Model improved
Epoch [46/500], Train Loss: 0.0354, Val Loss: 0.0257
No improvement in validation loss for 1 epochs.
Epoch [47/500], Train Loss: 0.0362, Val Loss: 0.0283
No improvement in validation loss for 2 epochs.
Epoch [48/500], Train Loss: 0.0357, Val Loss: 0.0268
No improvement in validation loss for 3 epochs.
Epoch [49/500], Train Loss: 0.0350, Val Loss: 0.0315
No improvement in validation loss for 4 epochs.
Epoch [50/500], Train Loss: 0.0355, Val Loss: 0.0247
Model improved
Epoch [51/500], Train Loss: 0.0348, Val Loss: 0.0241
Model improved
Epoch [52/500], Train Loss: 0.0346, Val Loss: 0.0268
No improvement in validation loss for 1 epochs.
Epoch [53/500], Train Loss: 0.0347, Val Loss: 0.0259
No improvement in validation loss for 2 epochs.
Epoch [54/500], Train Loss: 0.0337, Val Loss: 0.0256
No improvement in validation loss for 3 epochs.
Epoch [55/500], Train Loss: 0.0341, Val Loss: 0.0258
No improvement in validation loss for 4 epochs.
Epoch [56/500], Train Loss: 0.0341, Val Loss: 0.0255
No improvement in validation loss for 5 epochs.
Epoch [57/500], Train Loss: 0.0338, Val Loss: 0.0251
No improvement in validation loss for 6 epochs.
Epoch [58/500], Train Loss: 0.0335, Val Loss: 0.0247
No improvement in validation loss for 7 epochs.
Epoch [59/500], Train Loss: 0.0338, Val Loss: 0.0268
No improvement in validation loss for 8 epochs.
Epoch [60/500], Train Loss: 0.0332, Val Loss: 0.0293
No improvement in validation loss for 9 epochs.
Epoch [61/500], Train Loss: 0.0337, Val Loss: 0.0250
No improvement in validation loss for 10 epochs.
Epoch [62/500], Train Loss: 0.0334, Val Loss: 0.0255
No improvement in validation loss for 11 epochs.
Epoch [63/500], Train Loss: 0.0333, Val Loss: 0.0253
No improvement in validation loss for 12 epochs.
Epoch [64/500], Train Loss: 0.0330, Val Loss: 0.0250
No improvement in validation loss for 13 epochs.
Epoch [65/500], Train Loss: 0.0330, Val Loss: 0.0238
Model improved
Epoch [66/500], Train Loss: 0.0332, Val Loss: 0.0245
No improvement in validation loss for 1 epochs.
Epoch [67/500], Train Loss: 0.0330, Val Loss: 0.0255
No improvement in validation loss for 2 epochs.
Epoch [68/500], Train Loss: 0.0338, Val Loss: 0.0252
No improvement in validation loss for 3 epochs.
Epoch [69/500], Train Loss: 0.0338, Val Loss: 0.0247
No improvement in validation loss for 4 epochs.
Epoch [70/500], Train Loss: 0.0328, Val Loss: 0.0244
No improvement in validation loss for 5 epochs.
Epoch [71/500], Train Loss: 0.0337, Val Loss: 0.0256
No improvement in validation loss for 6 epochs.
Epoch [72/500], Train Loss: 0.0339, Val Loss: 0.0264
No improvement in validation loss for 7 epochs.
Epoch [73/500], Train Loss: 0.0332, Val Loss: 0.0277
No improvement in validation loss for 8 epochs.
Epoch [74/500], Train Loss: 0.0329, Val Loss: 0.0322
No improvement in validation loss for 9 epochs.
Epoch [75/500], Train Loss: 0.0328, Val Loss: 0.0254
No improvement in validation loss for 10 epochs.
Epoch [76/500], Train Loss: 0.0336, Val Loss: 0.0243
No improvement in validation loss for 11 epochs.
Epoch [77/500], Train Loss: 0.0323, Val Loss: 0.0245
No improvement in validation loss for 12 epochs.
Epoch [78/500], Train Loss: 0.0329, Val Loss: 0.0258
No improvement in validation loss for 13 epochs.
Epoch [79/500], Train Loss: 0.0326, Val Loss: 0.0275
No improvement in validation loss for 14 epochs.
Epoch [80/500], Train Loss: 0.0334, Val Loss: 0.0257
No improvement in validation loss for 15 epochs.
Epoch [81/500], Train Loss: 0.0335, Val Loss: 0.0245
No improvement in validation loss for 16 epochs.
Epoch [82/500], Train Loss: 0.0333, Val Loss: 0.0244
No improvement in validation loss for 17 epochs.
Epoch [83/500], Train Loss: 0.0330, Val Loss: 0.0250
No improvement in validation loss for 18 epochs.
Epoch [84/500], Train Loss: 0.0327, Val Loss: 0.0242
No improvement in validation loss for 19 epochs.
Epoch [85/500], Train Loss: 0.0322, Val Loss: 0.0242
No improvement in validation loss for 20 epochs.
Early stopping after 20 epochs without improvement.
Best validation loss: 0.0238
Model saved to /home/crackscope/Road-Anomaly-Detector/road_anomaly_detector/main/model/model_files/FPN_cracktree200_lr0001_b4_p20_e500_focal/model.pth
Loss plot saved to /home/crackscope/Road-Anomaly-Detector/road_anomaly_detector/main/model/model_files/FPN_cracktree200_lr0001_b4_p20_e500_focal/loss_plot.png
