Training with argumentation
Images min: 0.27450981736183167 Images max: 0.8666666746139526
Mask min: 0.0 Mask max: 1.0
Using tversky with alpha: 0.7 and beta: 0.3

==================================================
Trainer Configuration
==================================================
{   'Best Validation Loss': inf,
    'Device': device(type='cuda'),
    'Learning Rate': 0.001,
    'Loss Function': 'loss_fn',
    'Loss Save Path': '/home/crackscope/Road-Anomaly-Detector/road_anomaly_detector/main/model/model_files/FPN_forest_lr0001_b4_p20_e500_tversky/loss_plot.png',
    'Model Save Path': '/home/crackscope/Road-Anomaly-Detector/road_anomaly_detector/main/model/model_files/FPN_forest_lr0001_b4_p20_e500_tversky/model.pth',
    'Number of Epochs': 500,
    'Optimizer': 'Adam (\n'
                 'Parameter Group 0\n'
                 '    amsgrad: False\n'
                 '    betas: (0.9, 0.999)\n'
                 '    capturable: False\n'
                 '    differentiable: False\n'
                 '    eps: 1e-08\n'
                 '    foreach: None\n'
                 '    fused: None\n'
                 '    lr: 0.001\n'
                 '    maximize: False\n'
                 '    weight_decay: 0\n'
                 ')',
    'Patience': 20}
==================================================

Epoch [1/500], Train Loss: 0.7021, Val Loss: 1.0000
Model improved
Epoch [2/500], Train Loss: 0.5316, Val Loss: 0.7093
Model improved
Epoch [3/500], Train Loss: 0.4973, Val Loss: 0.4926
Model improved
Epoch [4/500], Train Loss: 0.4811, Val Loss: 0.4870
Model improved
Epoch [5/500], Train Loss: 0.4616, Val Loss: 0.4676
Model improved
Epoch [6/500], Train Loss: 0.4675, Val Loss: 0.4463
Model improved
Epoch [7/500], Train Loss: 0.4679, Val Loss: 0.5009
No improvement in validation loss for 1 epochs.
Epoch [8/500], Train Loss: 0.4393, Val Loss: 0.4274
Model improved
Epoch [9/500], Train Loss: 0.4441, Val Loss: 0.4595
No improvement in validation loss for 1 epochs.
Epoch [10/500], Train Loss: 0.4400, Val Loss: 0.4198
Model improved
Epoch [11/500], Train Loss: 0.4543, Val Loss: 0.6319
No improvement in validation loss for 1 epochs.
Epoch [12/500], Train Loss: 0.4304, Val Loss: 0.4196
Model improved
Epoch [13/500], Train Loss: 0.4148, Val Loss: 0.3942
Model improved
Epoch [14/500], Train Loss: 0.4146, Val Loss: 0.4069
No improvement in validation loss for 1 epochs.
Epoch [15/500], Train Loss: 0.4016, Val Loss: 0.4006
No improvement in validation loss for 2 epochs.
Epoch [16/500], Train Loss: 0.4024, Val Loss: 0.4096
No improvement in validation loss for 3 epochs.
Epoch [17/500], Train Loss: 0.4304, Val Loss: 0.4596
No improvement in validation loss for 4 epochs.
Epoch [18/500], Train Loss: 0.4665, Val Loss: 0.4132
No improvement in validation loss for 5 epochs.
Epoch [19/500], Train Loss: 0.4250, Val Loss: 0.4259
No improvement in validation loss for 6 epochs.
Epoch [20/500], Train Loss: 0.4223, Val Loss: 0.4112
No improvement in validation loss for 7 epochs.
Epoch [21/500], Train Loss: 0.4087, Val Loss: 0.4453
No improvement in validation loss for 8 epochs.
Epoch [22/500], Train Loss: 0.4208, Val Loss: 0.4323
No improvement in validation loss for 9 epochs.
Epoch [23/500], Train Loss: 0.3957, Val Loss: 0.3788
Model improved
Epoch [24/500], Train Loss: 0.3953, Val Loss: 0.3987
No improvement in validation loss for 1 epochs.
Epoch [25/500], Train Loss: 0.3947, Val Loss: 0.3847
No improvement in validation loss for 2 epochs.
Epoch [26/500], Train Loss: 0.3913, Val Loss: 0.3914
No improvement in validation loss for 3 epochs.
Epoch [27/500], Train Loss: 0.3840, Val Loss: 0.3762
Model improved
Epoch [28/500], Train Loss: 0.3926, Val Loss: 0.3937
No improvement in validation loss for 1 epochs.
Epoch [29/500], Train Loss: 0.3789, Val Loss: 0.3948
No improvement in validation loss for 2 epochs.
Epoch [30/500], Train Loss: 0.3838, Val Loss: 0.4059
No improvement in validation loss for 3 epochs.
Epoch [31/500], Train Loss: 0.3820, Val Loss: 0.3842
No improvement in validation loss for 4 epochs.
Epoch [32/500], Train Loss: 0.3749, Val Loss: 0.3887
No improvement in validation loss for 5 epochs.
Epoch [33/500], Train Loss: 0.3806, Val Loss: 0.3772
No improvement in validation loss for 6 epochs.
Epoch [34/500], Train Loss: 0.3732, Val Loss: 0.4851
No improvement in validation loss for 7 epochs.
Epoch [35/500], Train Loss: 0.3720, Val Loss: 0.3820
No improvement in validation loss for 8 epochs.
Epoch [36/500], Train Loss: 0.3858, Val Loss: 0.3852
No improvement in validation loss for 9 epochs.
Epoch [37/500], Train Loss: 0.3799, Val Loss: 0.3957
No improvement in validation loss for 10 epochs.
Epoch [38/500], Train Loss: 0.3740, Val Loss: 0.3767
No improvement in validation loss for 11 epochs.
Epoch [39/500], Train Loss: 0.3798, Val Loss: 0.4430
No improvement in validation loss for 12 epochs.
Epoch [40/500], Train Loss: 0.3727, Val Loss: 0.3841
No improvement in validation loss for 13 epochs.
Epoch [41/500], Train Loss: 0.3755, Val Loss: 0.3930
No improvement in validation loss for 14 epochs.
Epoch [42/500], Train Loss: 0.3704, Val Loss: 0.3680
Model improved
Epoch [43/500], Train Loss: 0.3653, Val Loss: 0.3727
No improvement in validation loss for 1 epochs.
Epoch [44/500], Train Loss: 0.3655, Val Loss: 0.3895
No improvement in validation loss for 2 epochs.
Epoch [45/500], Train Loss: 0.3735, Val Loss: 0.4405
No improvement in validation loss for 3 epochs.
Epoch [46/500], Train Loss: 0.3725, Val Loss: 0.3824
No improvement in validation loss for 4 epochs.
Epoch [47/500], Train Loss: 0.3744, Val Loss: 0.4279
No improvement in validation loss for 5 epochs.
Epoch [48/500], Train Loss: 0.3695, Val Loss: 0.3914
No improvement in validation loss for 6 epochs.
Epoch [49/500], Train Loss: 0.3676, Val Loss: 0.3877
No improvement in validation loss for 7 epochs.
Epoch [50/500], Train Loss: 0.3720, Val Loss: 0.3856
No improvement in validation loss for 8 epochs.
Epoch [51/500], Train Loss: 0.3653, Val Loss: 0.3705
No improvement in validation loss for 9 epochs.
Epoch [52/500], Train Loss: 0.3695, Val Loss: 0.3699
No improvement in validation loss for 10 epochs.
Epoch [53/500], Train Loss: 0.3590, Val Loss: 0.3685
No improvement in validation loss for 11 epochs.
Epoch [54/500], Train Loss: 0.3636, Val Loss: 0.3666
Model improved
Epoch [55/500], Train Loss: 0.3628, Val Loss: 0.3775
No improvement in validation loss for 1 epochs.
Epoch [56/500], Train Loss: 0.3668, Val Loss: 0.3636
Model improved
Epoch [57/500], Train Loss: 0.3697, Val Loss: 0.3622
Model improved
Epoch [58/500], Train Loss: 0.3627, Val Loss: 0.3602
Model improved
Epoch [59/500], Train Loss: 0.3634, Val Loss: 0.3579
Model improved
Epoch [60/500], Train Loss: 0.3611, Val Loss: 0.3566
Model improved
Epoch [61/500], Train Loss: 0.3637, Val Loss: 0.3705
No improvement in validation loss for 1 epochs.
Epoch [62/500], Train Loss: 0.3588, Val Loss: 0.4335
No improvement in validation loss for 2 epochs.
Epoch [63/500], Train Loss: 0.3610, Val Loss: 0.3663
No improvement in validation loss for 3 epochs.
Epoch [64/500], Train Loss: 0.3662, Val Loss: 0.3672
No improvement in validation loss for 4 epochs.
Epoch [65/500], Train Loss: 0.3619, Val Loss: 0.3616
No improvement in validation loss for 5 epochs.
Epoch [66/500], Train Loss: 0.3631, Val Loss: 0.3674
No improvement in validation loss for 6 epochs.
Epoch [67/500], Train Loss: 0.3620, Val Loss: 0.3590
No improvement in validation loss for 7 epochs.
Epoch [68/500], Train Loss: 0.3554, Val Loss: 0.3754
No improvement in validation loss for 8 epochs.
Epoch [69/500], Train Loss: 0.3640, Val Loss: 0.3730
No improvement in validation loss for 9 epochs.
Epoch [70/500], Train Loss: 0.3584, Val Loss: 0.3698
No improvement in validation loss for 10 epochs.
Epoch [71/500], Train Loss: 0.3586, Val Loss: 0.3777
No improvement in validation loss for 11 epochs.
Epoch [72/500], Train Loss: 0.3575, Val Loss: 0.3592
No improvement in validation loss for 12 epochs.
Epoch [73/500], Train Loss: 0.3591, Val Loss: 0.3868
No improvement in validation loss for 13 epochs.
Epoch [74/500], Train Loss: 0.3684, Val Loss: 0.4164
No improvement in validation loss for 14 epochs.
Epoch [75/500], Train Loss: 0.3680, Val Loss: 0.3851
No improvement in validation loss for 15 epochs.
Epoch [76/500], Train Loss: 0.3685, Val Loss: 0.4350
No improvement in validation loss for 16 epochs.
Epoch [77/500], Train Loss: 0.3572, Val Loss: 0.3716
No improvement in validation loss for 17 epochs.
Epoch [78/500], Train Loss: 0.3563, Val Loss: 0.3734
No improvement in validation loss for 18 epochs.
Epoch [79/500], Train Loss: 0.3617, Val Loss: 0.3600
No improvement in validation loss for 19 epochs.
Epoch [80/500], Train Loss: 0.3642, Val Loss: 0.3763
No improvement in validation loss for 20 epochs.
Early stopping after 20 epochs without improvement.
Best validation loss: 0.3566
Model saved to /home/crackscope/Road-Anomaly-Detector/road_anomaly_detector/main/model/model_files/FPN_forest_lr0001_b4_p20_e500_tversky/model.pth
Loss plot saved to /home/crackscope/Road-Anomaly-Detector/road_anomaly_detector/main/model/model_files/FPN_forest_lr0001_b4_p20_e500_tversky/loss_plot.png
