Training with argumentation
Images min: 0.10980392247438431 Images max: 0.9215686321258545
Mask min: 0.0 Mask max: 1.0

==================================================
Trainer Configuration
==================================================
{   'Best Validation Loss': inf,
    'Device': device(type='cuda'),
    'Learning Rate': 0.001,
    'Loss Function': 'BCELoss()',
    'Loss Save Path': '/home/crackscope/Road-Anomaly-Detector/road_anomaly_detector/main/model/model_files/FPN_forest_lr0001_b4_p20_e500_bce/loss_plot.png',
    'Model Save Path': '/home/crackscope/Road-Anomaly-Detector/road_anomaly_detector/main/model/model_files/FPN_forest_lr0001_b4_p20_e500_bce/model.pth',
    'Number of Epochs': 500,
    'Optimizer': 'Adam (\n'
                 'Parameter Group 0\n'
                 '    amsgrad: False\n'
                 '    betas: (0.9, 0.999)\n'
                 '    capturable: False\n'
                 '    differentiable: False\n'
                 '    eps: 1e-08\n'
                 '    foreach: None\n'
                 '    fused: None\n'
                 '    lr: 0.001\n'
                 '    maximize: False\n'
                 '    weight_decay: 0\n'
                 ')',
    'Patience': 20}
==================================================

Epoch [1/500], Train Loss: 0.2146, Val Loss: 0.1461
Model improved
Epoch [2/500], Train Loss: 0.1453, Val Loss: 0.1173
Model improved
Epoch [3/500], Train Loss: 0.1231, Val Loss: 0.0977
Model improved
Epoch [4/500], Train Loss: 0.1205, Val Loss: 0.0804
Model improved
Epoch [5/500], Train Loss: 0.1096, Val Loss: 0.0703
Model improved
Epoch [6/500], Train Loss: 0.1033, Val Loss: 0.0762
No improvement in validation loss for 1 epochs.
Epoch [7/500], Train Loss: 0.1008, Val Loss: 0.0606
Model improved
Epoch [8/500], Train Loss: 0.1007, Val Loss: 0.0671
No improvement in validation loss for 1 epochs.
Epoch [9/500], Train Loss: 0.1049, Val Loss: 0.0662
No improvement in validation loss for 2 epochs.
Epoch [10/500], Train Loss: 0.0988, Val Loss: 0.0683
No improvement in validation loss for 3 epochs.
Epoch [11/500], Train Loss: 0.0981, Val Loss: 0.0931
No improvement in validation loss for 4 epochs.
Epoch [12/500], Train Loss: 0.0962, Val Loss: 0.0646
No improvement in validation loss for 5 epochs.
Epoch [13/500], Train Loss: 0.0916, Val Loss: 0.0706
No improvement in validation loss for 6 epochs.
Epoch [14/500], Train Loss: 0.0916, Val Loss: 0.0616
No improvement in validation loss for 7 epochs.
Epoch [15/500], Train Loss: 0.0896, Val Loss: 0.1058
No improvement in validation loss for 8 epochs.
Epoch [16/500], Train Loss: 0.0913, Val Loss: 0.0632
No improvement in validation loss for 9 epochs.
Epoch [17/500], Train Loss: 0.0871, Val Loss: 0.0574
Model improved
Epoch [18/500], Train Loss: 0.0927, Val Loss: 0.1106
No improvement in validation loss for 1 epochs.
Epoch [19/500], Train Loss: 0.0902, Val Loss: 0.0701
No improvement in validation loss for 2 epochs.
Epoch [20/500], Train Loss: 0.0838, Val Loss: 0.0559
Model improved
Epoch [21/500], Train Loss: 0.0819, Val Loss: 0.0579
No improvement in validation loss for 1 epochs.
Epoch [22/500], Train Loss: 0.0843, Val Loss: 0.0572
No improvement in validation loss for 2 epochs.
Epoch [23/500], Train Loss: 0.0786, Val Loss: 0.0515
Model improved
Epoch [24/500], Train Loss: 0.0802, Val Loss: 0.0487
Model improved
Epoch [25/500], Train Loss: 0.0803, Val Loss: 0.0505
No improvement in validation loss for 1 epochs.
Epoch [26/500], Train Loss: 0.0789, Val Loss: 0.0549
No improvement in validation loss for 2 epochs.
Epoch [27/500], Train Loss: 0.0809, Val Loss: 0.0534
No improvement in validation loss for 3 epochs.
Epoch [28/500], Train Loss: 0.0798, Val Loss: 0.0557
No improvement in validation loss for 4 epochs.
Epoch [29/500], Train Loss: 0.0765, Val Loss: 0.0841
No improvement in validation loss for 5 epochs.
Epoch [30/500], Train Loss: 0.0772, Val Loss: 0.0539
No improvement in validation loss for 6 epochs.
Epoch [31/500], Train Loss: 0.0766, Val Loss: 0.0494
No improvement in validation loss for 7 epochs.
Epoch [32/500], Train Loss: 0.0724, Val Loss: 0.0488
No improvement in validation loss for 8 epochs.
Epoch [33/500], Train Loss: 0.0738, Val Loss: 0.0484
Model improved
Epoch [34/500], Train Loss: 0.0730, Val Loss: 0.0486
No improvement in validation loss for 1 epochs.
Epoch [35/500], Train Loss: 0.0754, Val Loss: 0.0692
No improvement in validation loss for 2 epochs.
Epoch [36/500], Train Loss: 0.0748, Val Loss: 0.0511
No improvement in validation loss for 3 epochs.
Epoch [37/500], Train Loss: 0.0719, Val Loss: 0.0459
Model improved
Epoch [38/500], Train Loss: 0.0744, Val Loss: 0.0562
No improvement in validation loss for 1 epochs.
Epoch [39/500], Train Loss: 0.0725, Val Loss: 0.0516
No improvement in validation loss for 2 epochs.
Epoch [40/500], Train Loss: 0.0714, Val Loss: 0.0616
No improvement in validation loss for 3 epochs.
Epoch [41/500], Train Loss: 0.0716, Val Loss: 0.0466
No improvement in validation loss for 4 epochs.
Epoch [42/500], Train Loss: 0.0694, Val Loss: 0.0576
No improvement in validation loss for 5 epochs.
Epoch [43/500], Train Loss: 0.0699, Val Loss: 0.0471
No improvement in validation loss for 6 epochs.
Epoch [44/500], Train Loss: 0.0718, Val Loss: 0.0603
No improvement in validation loss for 7 epochs.
Epoch [45/500], Train Loss: 0.0709, Val Loss: 0.0455
Model improved
Epoch [46/500], Train Loss: 0.0735, Val Loss: 0.0574
No improvement in validation loss for 1 epochs.
Epoch [47/500], Train Loss: 0.0725, Val Loss: 0.0536
No improvement in validation loss for 2 epochs.
Epoch [48/500], Train Loss: 0.0705, Val Loss: 0.0487
No improvement in validation loss for 3 epochs.
Epoch [49/500], Train Loss: 0.0732, Val Loss: 0.0458
No improvement in validation loss for 4 epochs.
Epoch [50/500], Train Loss: 0.0679, Val Loss: 0.0488
No improvement in validation loss for 5 epochs.
Epoch [51/500], Train Loss: 0.0699, Val Loss: 0.0524
No improvement in validation loss for 6 epochs.
Epoch [52/500], Train Loss: 0.0724, Val Loss: 0.0450
Model improved
Epoch [53/500], Train Loss: 0.0690, Val Loss: 0.0498
No improvement in validation loss for 1 epochs.
Epoch [54/500], Train Loss: 0.0696, Val Loss: 0.0476
No improvement in validation loss for 2 epochs.
Epoch [55/500], Train Loss: 0.0756, Val Loss: 0.0540
No improvement in validation loss for 3 epochs.
Epoch [56/500], Train Loss: 0.0742, Val Loss: 0.0614
No improvement in validation loss for 4 epochs.
Epoch [57/500], Train Loss: 0.0697, Val Loss: 0.0488
No improvement in validation loss for 5 epochs.
Epoch [58/500], Train Loss: 0.0697, Val Loss: 0.0581
No improvement in validation loss for 6 epochs.
Epoch [59/500], Train Loss: 0.0686, Val Loss: 0.0473
No improvement in validation loss for 7 epochs.
Epoch [60/500], Train Loss: 0.0692, Val Loss: 0.0474
No improvement in validation loss for 8 epochs.
Epoch [61/500], Train Loss: 0.0669, Val Loss: 0.0461
No improvement in validation loss for 9 epochs.
Epoch [62/500], Train Loss: 0.0683, Val Loss: 0.0492
No improvement in validation loss for 10 epochs.
Epoch [63/500], Train Loss: 0.0672, Val Loss: 0.0477
No improvement in validation loss for 11 epochs.
Epoch [64/500], Train Loss: 0.0663, Val Loss: 0.0450
No improvement in validation loss for 12 epochs.
Epoch [65/500], Train Loss: 0.0653, Val Loss: 0.0468
No improvement in validation loss for 13 epochs.
Epoch [66/500], Train Loss: 0.0695, Val Loss: 0.0442
Model improved
Epoch [67/500], Train Loss: 0.0703, Val Loss: 0.0457
No improvement in validation loss for 1 epochs.
Epoch [68/500], Train Loss: 0.0666, Val Loss: 0.0439
Model improved
Epoch [69/500], Train Loss: 0.0670, Val Loss: 0.0461
No improvement in validation loss for 1 epochs.
Epoch [70/500], Train Loss: 0.0710, Val Loss: 0.0485
No improvement in validation loss for 2 epochs.
Epoch [71/500], Train Loss: 0.0716, Val Loss: 0.0463
No improvement in validation loss for 3 epochs.
Epoch [72/500], Train Loss: 0.0668, Val Loss: 0.0432
Model improved
Epoch [73/500], Train Loss: 0.0669, Val Loss: 0.0451
No improvement in validation loss for 1 epochs.
Epoch [74/500], Train Loss: 0.0661, Val Loss: 0.0475
No improvement in validation loss for 2 epochs.
Epoch [75/500], Train Loss: 0.0694, Val Loss: 0.0500
No improvement in validation loss for 3 epochs.
Epoch [76/500], Train Loss: 0.0704, Val Loss: 0.0681
No improvement in validation loss for 4 epochs.
Epoch [77/500], Train Loss: 0.0666, Val Loss: 0.0480
No improvement in validation loss for 5 epochs.
Epoch [78/500], Train Loss: 0.0673, Val Loss: 0.0840
No improvement in validation loss for 6 epochs.
Epoch [79/500], Train Loss: 0.0659, Val Loss: 0.0461
No improvement in validation loss for 7 epochs.
Epoch [80/500], Train Loss: 0.0663, Val Loss: 0.0483
No improvement in validation loss for 8 epochs.
Epoch [81/500], Train Loss: 0.0677, Val Loss: 0.0438
No improvement in validation loss for 9 epochs.
Epoch [82/500], Train Loss: 0.0629, Val Loss: 0.0501
No improvement in validation loss for 10 epochs.
Epoch [83/500], Train Loss: 0.0664, Val Loss: 0.0450
No improvement in validation loss for 11 epochs.
Epoch [84/500], Train Loss: 0.0648, Val Loss: 0.0450
No improvement in validation loss for 12 epochs.
Epoch [85/500], Train Loss: 0.0648, Val Loss: 0.0446
No improvement in validation loss for 13 epochs.
Epoch [86/500], Train Loss: 0.0669, Val Loss: 0.0445
No improvement in validation loss for 14 epochs.
Epoch [87/500], Train Loss: 0.0692, Val Loss: 0.0489
No improvement in validation loss for 15 epochs.
Epoch [88/500], Train Loss: 0.0673, Val Loss: 0.0451
No improvement in validation loss for 16 epochs.
Epoch [89/500], Train Loss: 0.0691, Val Loss: 0.0450
No improvement in validation loss for 17 epochs.
Epoch [90/500], Train Loss: 0.0679, Val Loss: 0.0547
No improvement in validation loss for 18 epochs.
Epoch [91/500], Train Loss: 0.0653, Val Loss: 0.0469
No improvement in validation loss for 19 epochs.
Epoch [92/500], Train Loss: 0.0658, Val Loss: 0.0442
No improvement in validation loss for 20 epochs.
Early stopping after 20 epochs without improvement.
Best validation loss: 0.0432
Model saved to /home/crackscope/Road-Anomaly-Detector/road_anomaly_detector/main/model/model_files/FPN_forest_lr0001_b4_p20_e500_bce/model.pth
Loss plot saved to /home/crackscope/Road-Anomaly-Detector/road_anomaly_detector/main/model/model_files/FPN_forest_lr0001_b4_p20_e500_bce/loss_plot.png
