Training with argumentation
Images min: 0.25882354378700256 Images max: 0.9686274528503418
Mask min: 0.0 Mask max: 1.0

==================================================
Trainer Configuration
==================================================
{   'Best Validation Loss': inf,
    'Device': device(type='cuda'),
    'Learning Rate': 0.001,
    'Loss Function': 'dice_loss',
    'Loss Save Path': '/home/crackscope/Road-Anomaly-Detector/road_anomaly_detector/main/model/model_files/FPN_forest_lr0001_b4_p20_e500_dice/loss_plot.png',
    'Model Save Path': '/home/crackscope/Road-Anomaly-Detector/road_anomaly_detector/main/model/model_files/FPN_forest_lr0001_b4_p20_e500_dice/model.pth',
    'Number of Epochs': 500,
    'Optimizer': 'Adam (\n'
                 'Parameter Group 0\n'
                 '    amsgrad: False\n'
                 '    betas: (0.9, 0.999)\n'
                 '    capturable: False\n'
                 '    differentiable: False\n'
                 '    eps: 1e-08\n'
                 '    foreach: None\n'
                 '    fused: None\n'
                 '    lr: 0.001\n'
                 '    maximize: False\n'
                 '    weight_decay: 0\n'
                 ')',
    'Patience': 20}
==================================================

Epoch [1/500], Train Loss: 0.7210, Val Loss: 1.0000
Model improved
Epoch [2/500], Train Loss: 0.5560, Val Loss: 0.6976
Model improved
Epoch [3/500], Train Loss: 0.5132, Val Loss: 0.5444
Model improved
Epoch [4/500], Train Loss: 0.5034, Val Loss: 0.4994
Model improved
Epoch [5/500], Train Loss: 0.4866, Val Loss: 0.5690
No improvement in validation loss for 1 epochs.
Epoch [6/500], Train Loss: 0.4786, Val Loss: 0.8202
No improvement in validation loss for 2 epochs.
Epoch [7/500], Train Loss: 0.5228, Val Loss: 0.6682
No improvement in validation loss for 3 epochs.
Epoch [8/500], Train Loss: 0.4693, Val Loss: 0.5118
No improvement in validation loss for 4 epochs.
Epoch [9/500], Train Loss: 0.4538, Val Loss: 0.6046
No improvement in validation loss for 5 epochs.
Epoch [10/500], Train Loss: 0.4509, Val Loss: 0.8059
No improvement in validation loss for 6 epochs.
Epoch [11/500], Train Loss: 0.4538, Val Loss: 0.7131
No improvement in validation loss for 7 epochs.
Epoch [12/500], Train Loss: 0.4471, Val Loss: 0.4390
Model improved
Epoch [13/500], Train Loss: 0.4404, Val Loss: 0.4589
No improvement in validation loss for 1 epochs.
Epoch [14/500], Train Loss: 0.4264, Val Loss: 0.5333
No improvement in validation loss for 2 epochs.
Epoch [15/500], Train Loss: 0.4323, Val Loss: 0.5772
No improvement in validation loss for 3 epochs.
Epoch [16/500], Train Loss: 0.4103, Val Loss: 0.6248
No improvement in validation loss for 4 epochs.
Epoch [17/500], Train Loss: 0.4192, Val Loss: 0.4971
No improvement in validation loss for 5 epochs.
Epoch [18/500], Train Loss: 0.4008, Val Loss: 0.3981
Model improved
Epoch [19/500], Train Loss: 0.3993, Val Loss: 0.4585
No improvement in validation loss for 1 epochs.
Epoch [20/500], Train Loss: 0.3950, Val Loss: 0.4353
No improvement in validation loss for 2 epochs.
Epoch [21/500], Train Loss: 0.3978, Val Loss: 0.6694
No improvement in validation loss for 3 epochs.
Epoch [22/500], Train Loss: 0.3945, Val Loss: 0.3897
Model improved
Epoch [23/500], Train Loss: 0.3941, Val Loss: 0.4135
No improvement in validation loss for 1 epochs.
Epoch [24/500], Train Loss: 0.3952, Val Loss: 0.4000
No improvement in validation loss for 2 epochs.
Epoch [25/500], Train Loss: 0.3930, Val Loss: 0.4073
No improvement in validation loss for 3 epochs.
Epoch [26/500], Train Loss: 0.4008, Val Loss: 0.4051
No improvement in validation loss for 4 epochs.
Epoch [27/500], Train Loss: 0.3922, Val Loss: 0.3969
No improvement in validation loss for 5 epochs.
Epoch [28/500], Train Loss: 0.3803, Val Loss: 0.3933
No improvement in validation loss for 6 epochs.
Epoch [29/500], Train Loss: 0.3887, Val Loss: 0.3887
Model improved
Epoch [30/500], Train Loss: 0.3913, Val Loss: 0.4084
No improvement in validation loss for 1 epochs.
Epoch [31/500], Train Loss: 0.3946, Val Loss: 0.3888
No improvement in validation loss for 2 epochs.
Epoch [32/500], Train Loss: 0.3837, Val Loss: 0.3780
Model improved
Epoch [33/500], Train Loss: 0.3906, Val Loss: 0.3971
No improvement in validation loss for 1 epochs.
Epoch [34/500], Train Loss: 0.3826, Val Loss: 0.3865
No improvement in validation loss for 2 epochs.
Epoch [35/500], Train Loss: 0.3779, Val Loss: 0.4025
No improvement in validation loss for 3 epochs.
Epoch [36/500], Train Loss: 0.3746, Val Loss: 0.3968
No improvement in validation loss for 4 epochs.
Epoch [37/500], Train Loss: 0.3892, Val Loss: 0.3877
No improvement in validation loss for 5 epochs.
Epoch [38/500], Train Loss: 0.3922, Val Loss: 0.5024
No improvement in validation loss for 6 epochs.
Epoch [39/500], Train Loss: 0.3917, Val Loss: 0.4520
No improvement in validation loss for 7 epochs.
Epoch [40/500], Train Loss: 0.3891, Val Loss: 0.3860
No improvement in validation loss for 8 epochs.
Epoch [41/500], Train Loss: 0.3856, Val Loss: 0.4286
No improvement in validation loss for 9 epochs.
Epoch [42/500], Train Loss: 0.3807, Val Loss: 0.4104
No improvement in validation loss for 10 epochs.
Epoch [43/500], Train Loss: 0.3766, Val Loss: 0.3878
No improvement in validation loss for 11 epochs.
Epoch [44/500], Train Loss: 0.3809, Val Loss: 0.3943
No improvement in validation loss for 12 epochs.
Epoch [45/500], Train Loss: 0.3697, Val Loss: 0.3846
No improvement in validation loss for 13 epochs.
Epoch [46/500], Train Loss: 0.3782, Val Loss: 0.3854
No improvement in validation loss for 14 epochs.
Epoch [47/500], Train Loss: 0.3750, Val Loss: 0.3823
No improvement in validation loss for 15 epochs.
Epoch [48/500], Train Loss: 0.3724, Val Loss: 0.3985
No improvement in validation loss for 16 epochs.
Epoch [49/500], Train Loss: 0.3716, Val Loss: 0.4309
No improvement in validation loss for 17 epochs.
Epoch [50/500], Train Loss: 0.3801, Val Loss: 0.4195
No improvement in validation loss for 18 epochs.
Epoch [51/500], Train Loss: 0.3706, Val Loss: 0.4071
No improvement in validation loss for 19 epochs.
Epoch [52/500], Train Loss: 0.3763, Val Loss: 0.3694
Model improved
Epoch [53/500], Train Loss: 0.3787, Val Loss: 0.4311
No improvement in validation loss for 1 epochs.
Epoch [54/500], Train Loss: 0.3760, Val Loss: 0.5898
No improvement in validation loss for 2 epochs.
Epoch [55/500], Train Loss: 0.3801, Val Loss: 0.4639
No improvement in validation loss for 3 epochs.
Epoch [56/500], Train Loss: 0.3716, Val Loss: 0.3815
No improvement in validation loss for 4 epochs.
Epoch [57/500], Train Loss: 0.3738, Val Loss: 0.3846
No improvement in validation loss for 5 epochs.
Epoch [58/500], Train Loss: 0.3670, Val Loss: 0.3722
No improvement in validation loss for 6 epochs.
Epoch [59/500], Train Loss: 0.3752, Val Loss: 0.5378
No improvement in validation loss for 7 epochs.
Epoch [60/500], Train Loss: 0.3724, Val Loss: 0.3732
No improvement in validation loss for 8 epochs.
Epoch [61/500], Train Loss: 0.3767, Val Loss: 0.3821
No improvement in validation loss for 9 epochs.
Epoch [62/500], Train Loss: 0.3679, Val Loss: 0.3936
No improvement in validation loss for 10 epochs.
Epoch [63/500], Train Loss: 0.3702, Val Loss: 0.3759
No improvement in validation loss for 11 epochs.
Epoch [64/500], Train Loss: 0.3746, Val Loss: 0.3759
No improvement in validation loss for 12 epochs.
Epoch [65/500], Train Loss: 0.3742, Val Loss: 0.4858
No improvement in validation loss for 13 epochs.
Epoch [66/500], Train Loss: 0.3750, Val Loss: 0.3682
Model improved
Epoch [67/500], Train Loss: 0.3675, Val Loss: 0.3769
No improvement in validation loss for 1 epochs.
Epoch [68/500], Train Loss: 0.3706, Val Loss: 0.3928
No improvement in validation loss for 2 epochs.
Epoch [69/500], Train Loss: 0.3661, Val Loss: 0.3820
No improvement in validation loss for 3 epochs.
Epoch [70/500], Train Loss: 0.3701, Val Loss: 0.3980
No improvement in validation loss for 4 epochs.
Epoch [71/500], Train Loss: 0.3697, Val Loss: 0.3737
No improvement in validation loss for 5 epochs.
Epoch [72/500], Train Loss: 0.3699, Val Loss: 0.3659
Model improved
Epoch [73/500], Train Loss: 0.3707, Val Loss: 0.5400
No improvement in validation loss for 1 epochs.
Epoch [74/500], Train Loss: 0.3724, Val Loss: 0.4138
No improvement in validation loss for 2 epochs.
Epoch [75/500], Train Loss: 0.3737, Val Loss: 0.3702
No improvement in validation loss for 3 epochs.
Epoch [76/500], Train Loss: 0.3674, Val Loss: 0.3783
No improvement in validation loss for 4 epochs.
Epoch [77/500], Train Loss: 0.3656, Val Loss: 0.3787
No improvement in validation loss for 5 epochs.
Epoch [78/500], Train Loss: 0.3674, Val Loss: 0.3944
No improvement in validation loss for 6 epochs.
Epoch [79/500], Train Loss: 0.3730, Val Loss: 0.3826
No improvement in validation loss for 7 epochs.
Epoch [80/500], Train Loss: 0.3679, Val Loss: 0.3873
No improvement in validation loss for 8 epochs.
Epoch [81/500], Train Loss: 0.3674, Val Loss: 0.3931
No improvement in validation loss for 9 epochs.
Epoch [82/500], Train Loss: 0.3695, Val Loss: 0.3852
No improvement in validation loss for 10 epochs.
Epoch [83/500], Train Loss: 0.3706, Val Loss: 0.3858
No improvement in validation loss for 11 epochs.
Epoch [84/500], Train Loss: 0.3654, Val Loss: 0.3773
No improvement in validation loss for 12 epochs.
Epoch [85/500], Train Loss: 0.3654, Val Loss: 0.3781
No improvement in validation loss for 13 epochs.
Epoch [86/500], Train Loss: 0.3594, Val Loss: 0.3742
No improvement in validation loss for 14 epochs.
Epoch [87/500], Train Loss: 0.3645, Val Loss: 0.3880
No improvement in validation loss for 15 epochs.
Epoch [88/500], Train Loss: 0.3652, Val Loss: 0.3905
No improvement in validation loss for 16 epochs.
Epoch [89/500], Train Loss: 0.3614, Val Loss: 0.3693
No improvement in validation loss for 17 epochs.
Epoch [90/500], Train Loss: 0.3670, Val Loss: 0.4143
No improvement in validation loss for 18 epochs.
Epoch [91/500], Train Loss: 0.3675, Val Loss: 0.4619
No improvement in validation loss for 19 epochs.
Epoch [92/500], Train Loss: 0.3632, Val Loss: 0.3885
No improvement in validation loss for 20 epochs.
Early stopping after 20 epochs without improvement.
Best validation loss: 0.3659
Model saved to /home/crackscope/Road-Anomaly-Detector/road_anomaly_detector/main/model/model_files/FPN_forest_lr0001_b4_p20_e500_dice/model.pth
Loss plot saved to /home/crackscope/Road-Anomaly-Detector/road_anomaly_detector/main/model/model_files/FPN_forest_lr0001_b4_p20_e500_dice/loss_plot.png
