/home/crackscope/miniconda3/envs/road_anomaly_detector/lib/python3.10/site-packages/albumentations/check_version.py:51: UserWarning: Error fetching version info <urlopen error [Errno -3] Temporary failure in name resolution>
  data = fetch_version_info()
Training with argumentation
Images min: 0.13725490868091583 Images max: 0.9960784316062927
Mask min: 0.0 Mask max: 1.0
Using tversky with alpha: 0.3 and beta: 0.7

==================================================
Trainer Configuration
==================================================
{   'Best Validation Loss': inf,
    'Device': device(type='cuda'),
    'Learning Rate': 0.001,
    'Loss Function': 'loss_fn',
    'Loss Save Path': '/home/crackscope/Road-Anomaly-Detector/road_anomaly_detector/main/model/model_files/HED_cracktree200_lr0001_b4_p20_e500_tversky/loss_plot.png',
    'Model Save Path': '/home/crackscope/Road-Anomaly-Detector/road_anomaly_detector/main/model/model_files/HED_cracktree200_lr0001_b4_p20_e500_tversky/model.pth',
    'Number of Epochs': 500,
    'Optimizer': 'Adam (\n'
                 'Parameter Group 0\n'
                 '    amsgrad: False\n'
                 '    betas: (0.9, 0.999)\n'
                 '    capturable: False\n'
                 '    differentiable: False\n'
                 '    eps: 1e-08\n'
                 '    foreach: None\n'
                 '    fused: None\n'
                 '    lr: 0.001\n'
                 '    maximize: False\n'
                 '    weight_decay: 0\n'
                 ')',
    'Patience': 20}
==================================================

Epoch [1/500], Train Loss: 0.7617, Val Loss: 0.8571
Model improved
Epoch [2/500], Train Loss: 0.6100, Val Loss: 0.6494
Model improved
Epoch [3/500], Train Loss: 0.5659, Val Loss: 0.5205
Model improved
Epoch [4/500], Train Loss: 0.5342, Val Loss: 0.5442
No improvement in validation loss for 1 epochs.
Epoch [5/500], Train Loss: 0.5047, Val Loss: 0.4853
Model improved
Epoch [6/500], Train Loss: 0.4826, Val Loss: 0.4994
No improvement in validation loss for 1 epochs.
Epoch [7/500], Train Loss: 0.4723, Val Loss: 0.4910
No improvement in validation loss for 2 epochs.
Epoch [8/500], Train Loss: 0.4737, Val Loss: 0.4938
No improvement in validation loss for 3 epochs.
Epoch [9/500], Train Loss: 0.4698, Val Loss: 0.4810
Model improved
Epoch [10/500], Train Loss: 0.4643, Val Loss: 0.4811
No improvement in validation loss for 1 epochs.
Epoch [11/500], Train Loss: 0.4659, Val Loss: 0.5396
No improvement in validation loss for 2 epochs.
Epoch [12/500], Train Loss: 0.4673, Val Loss: 0.4675
Model improved
Epoch [13/500], Train Loss: 0.4649, Val Loss: 0.4740
No improvement in validation loss for 1 epochs.
Epoch [14/500], Train Loss: 0.4601, Val Loss: 0.4979
No improvement in validation loss for 2 epochs.
Epoch [15/500], Train Loss: 0.4546, Val Loss: 0.4821
No improvement in validation loss for 3 epochs.
Epoch [16/500], Train Loss: 0.4549, Val Loss: 0.4669
Model improved
Epoch [17/500], Train Loss: 0.4581, Val Loss: 0.4672
No improvement in validation loss for 1 epochs.
Epoch [18/500], Train Loss: 0.4559, Val Loss: 0.4731
No improvement in validation loss for 2 epochs.
Epoch [19/500], Train Loss: 0.4518, Val Loss: 0.4688
No improvement in validation loss for 3 epochs.
Epoch [20/500], Train Loss: 0.4509, Val Loss: 0.4618
Model improved
Epoch [21/500], Train Loss: 0.4502, Val Loss: 0.4605
Model improved
Epoch [22/500], Train Loss: 0.4521, Val Loss: 0.4688
No improvement in validation loss for 1 epochs.
Epoch [23/500], Train Loss: 0.4500, Val Loss: 0.5048
No improvement in validation loss for 2 epochs.
Epoch [24/500], Train Loss: 0.4526, Val Loss: 0.4942
No improvement in validation loss for 3 epochs.
Epoch [25/500], Train Loss: 0.4554, Val Loss: 0.4736
No improvement in validation loss for 4 epochs.
Epoch [26/500], Train Loss: 0.4528, Val Loss: 0.4769
No improvement in validation loss for 5 epochs.
Epoch [27/500], Train Loss: 0.4505, Val Loss: 0.4595
Model improved
Epoch [28/500], Train Loss: 0.4486, Val Loss: 0.4862
No improvement in validation loss for 1 epochs.
Epoch [29/500], Train Loss: 0.4545, Val Loss: 0.4994
No improvement in validation loss for 2 epochs.
Epoch [30/500], Train Loss: 0.4501, Val Loss: 0.4630
No improvement in validation loss for 3 epochs.
Epoch [31/500], Train Loss: 0.4484, Val Loss: 0.4607
No improvement in validation loss for 4 epochs.
Epoch [32/500], Train Loss: 0.4494, Val Loss: 0.4929
No improvement in validation loss for 5 epochs.
Epoch [33/500], Train Loss: 0.4469, Val Loss: 0.4988
No improvement in validation loss for 6 epochs.
Epoch [34/500], Train Loss: 0.4451, Val Loss: 0.4601
No improvement in validation loss for 7 epochs.
Epoch [35/500], Train Loss: 0.4459, Val Loss: 0.4607
No improvement in validation loss for 8 epochs.
Epoch [36/500], Train Loss: 0.4456, Val Loss: 0.5140
No improvement in validation loss for 9 epochs.
Epoch [37/500], Train Loss: 0.4533, Val Loss: 0.4687
No improvement in validation loss for 10 epochs.
Epoch [38/500], Train Loss: 0.4481, Val Loss: 0.4641
No improvement in validation loss for 11 epochs.
Epoch [39/500], Train Loss: 0.4496, Val Loss: 0.4655
No improvement in validation loss for 12 epochs.
Epoch [40/500], Train Loss: 0.4467, Val Loss: 0.4630
No improvement in validation loss for 13 epochs.
Epoch [41/500], Train Loss: 0.4463, Val Loss: 0.4552
Model improved
Epoch [42/500], Train Loss: 0.4453, Val Loss: 0.4842
No improvement in validation loss for 1 epochs.
Epoch [43/500], Train Loss: 0.4450, Val Loss: 0.4534
Model improved
Epoch [44/500], Train Loss: 0.4464, Val Loss: 0.4672
No improvement in validation loss for 1 epochs.
Epoch [45/500], Train Loss: 0.4426, Val Loss: 0.4627
No improvement in validation loss for 2 epochs.
Epoch [46/500], Train Loss: 0.4496, Val Loss: 0.4652
No improvement in validation loss for 3 epochs.
Epoch [47/500], Train Loss: 0.4491, Val Loss: 0.4484
Model improved
Epoch [48/500], Train Loss: 0.4448, Val Loss: 0.4530
No improvement in validation loss for 1 epochs.
Epoch [49/500], Train Loss: 0.4421, Val Loss: 0.4606
No improvement in validation loss for 2 epochs.
Epoch [50/500], Train Loss: 0.4408, Val Loss: 0.4869
No improvement in validation loss for 3 epochs.
Epoch [51/500], Train Loss: 0.4395, Val Loss: 0.4638
No improvement in validation loss for 4 epochs.
Epoch [52/500], Train Loss: 0.4413, Val Loss: 0.4566
No improvement in validation loss for 5 epochs.
Epoch [53/500], Train Loss: 0.4415, Val Loss: 0.4589
No improvement in validation loss for 6 epochs.
Epoch [54/500], Train Loss: 0.4403, Val Loss: 0.4657
No improvement in validation loss for 7 epochs.
Epoch [55/500], Train Loss: 0.4426, Val Loss: 0.4484
Model improved
Epoch [56/500], Train Loss: 0.4395, Val Loss: 0.4496
No improvement in validation loss for 1 epochs.
Epoch [57/500], Train Loss: 0.4439, Val Loss: 0.4558
No improvement in validation loss for 2 epochs.
Epoch [58/500], Train Loss: 0.4435, Val Loss: 0.5356
No improvement in validation loss for 3 epochs.
Epoch [59/500], Train Loss: 0.4502, Val Loss: 0.4876
No improvement in validation loss for 4 epochs.
Epoch [60/500], Train Loss: 0.4418, Val Loss: 0.4487
No improvement in validation loss for 5 epochs.
Epoch [61/500], Train Loss: 0.4387, Val Loss: 0.4442
Model improved
Epoch [62/500], Train Loss: 0.4384, Val Loss: 0.4423
Model improved
Epoch [63/500], Train Loss: 0.4373, Val Loss: 0.4679
No improvement in validation loss for 1 epochs.
Epoch [64/500], Train Loss: 0.4409, Val Loss: 0.4569
No improvement in validation loss for 2 epochs.
Epoch [65/500], Train Loss: 0.4407, Val Loss: 0.4470
No improvement in validation loss for 3 epochs.
Epoch [66/500], Train Loss: 0.4391, Val Loss: 0.4711
No improvement in validation loss for 4 epochs.
Epoch [67/500], Train Loss: 0.4392, Val Loss: 0.4557
No improvement in validation loss for 5 epochs.
Epoch [68/500], Train Loss: 0.4397, Val Loss: 0.4427
No improvement in validation loss for 6 epochs.
Epoch [69/500], Train Loss: 0.4370, Val Loss: 0.5083
No improvement in validation loss for 7 epochs.
Epoch [70/500], Train Loss: 0.4367, Val Loss: 0.4456
No improvement in validation loss for 8 epochs.
Epoch [71/500], Train Loss: 0.4352, Val Loss: 0.4410
Model improved
Epoch [72/500], Train Loss: 0.4387, Val Loss: 0.4678
No improvement in validation loss for 1 epochs.
Epoch [73/500], Train Loss: 0.4398, Val Loss: 0.5369
No improvement in validation loss for 2 epochs.
Epoch [74/500], Train Loss: 0.4405, Val Loss: 0.4427
No improvement in validation loss for 3 epochs.
Epoch [75/500], Train Loss: 0.4354, Val Loss: 0.4447
No improvement in validation loss for 4 epochs.
Epoch [76/500], Train Loss: 0.4354, Val Loss: 0.4420
No improvement in validation loss for 5 epochs.
Epoch [77/500], Train Loss: 0.4336, Val Loss: 0.4644
No improvement in validation loss for 6 epochs.
Epoch [78/500], Train Loss: 0.4371, Val Loss: 0.4591
No improvement in validation loss for 7 epochs.
Epoch [79/500], Train Loss: 0.4357, Val Loss: 0.4577
No improvement in validation loss for 8 epochs.
Epoch [80/500], Train Loss: 0.4396, Val Loss: 0.4457
No improvement in validation loss for 9 epochs.
Epoch [81/500], Train Loss: 0.4374, Val Loss: 0.4529
No improvement in validation loss for 10 epochs.
Epoch [82/500], Train Loss: 0.4346, Val Loss: 0.4526
No improvement in validation loss for 11 epochs.
Epoch [83/500], Train Loss: 0.4353, Val Loss: 0.4437
No improvement in validation loss for 12 epochs.
Epoch [84/500], Train Loss: 0.4384, Val Loss: 0.4501
No improvement in validation loss for 13 epochs.
Epoch [85/500], Train Loss: 0.4333, Val Loss: 0.4534
No improvement in validation loss for 14 epochs.
Epoch [86/500], Train Loss: 0.4372, Val Loss: 0.4564
No improvement in validation loss for 15 epochs.
Epoch [87/500], Train Loss: 0.4366, Val Loss: 0.4997
No improvement in validation loss for 16 epochs.
Epoch [88/500], Train Loss: 0.4369, Val Loss: 0.4960
No improvement in validation loss for 17 epochs.
Epoch [89/500], Train Loss: 0.4369, Val Loss: 0.4730
No improvement in validation loss for 18 epochs.
Epoch [90/500], Train Loss: 0.4357, Val Loss: 0.4556
No improvement in validation loss for 19 epochs.
Epoch [91/500], Train Loss: 0.4360, Val Loss: 0.4724
No improvement in validation loss for 20 epochs.
Early stopping after 20 epochs without improvement.
Best validation loss: 0.4410
Model saved to /home/crackscope/Road-Anomaly-Detector/road_anomaly_detector/main/model/model_files/HED_cracktree200_lr0001_b4_p20_e500_tversky/model.pth
Loss plot saved to /home/crackscope/Road-Anomaly-Detector/road_anomaly_detector/main/model/model_files/HED_cracktree200_lr0001_b4_p20_e500_tversky/loss_plot.png
