Training with argumentation
Images min: 0.22745098173618317 Images max: 0.9607843160629272
Mask min: 0.0 Mask max: 1.0
Using Focal with alpha: 0.25 and gamma: 2.0

==================================================
Trainer Configuration
==================================================
{   'Best Validation Loss': inf,
    'Device': device(type='cuda'),
    'Learning Rate': 0.001,
    'Loss Function': 'fl_loss',
    'Loss Save Path': '/home/crackscope/Road-Anomaly-Detector/road_anomaly_detector/main/model/model_files/HED_forest_lr0001_b4_p20_e500_focal/loss_plot.png',
    'Model Save Path': '/home/crackscope/Road-Anomaly-Detector/road_anomaly_detector/main/model/model_files/HED_forest_lr0001_b4_p20_e500_focal/model.pth',
    'Number of Epochs': 500,
    'Optimizer': 'Adam (\n'
                 'Parameter Group 0\n'
                 '    amsgrad: False\n'
                 '    betas: (0.9, 0.999)\n'
                 '    capturable: False\n'
                 '    differentiable: False\n'
                 '    eps: 1e-08\n'
                 '    foreach: None\n'
                 '    fused: None\n'
                 '    lr: 0.001\n'
                 '    maximize: False\n'
                 '    weight_decay: 0\n'
                 ')',
    'Patience': 20}
==================================================

Epoch [1/500], Train Loss: 0.1721, Val Loss: 0.0690
Model improved
Epoch [2/500], Train Loss: 0.0816, Val Loss: 0.0606
Model improved
Epoch [3/500], Train Loss: 0.0701, Val Loss: 0.0753
No improvement in validation loss for 1 epochs.
Epoch [4/500], Train Loss: 0.0627, Val Loss: 0.0793
No improvement in validation loss for 2 epochs.
Epoch [5/500], Train Loss: 0.0637, Val Loss: 0.1017
No improvement in validation loss for 3 epochs.
Epoch [6/500], Train Loss: 0.0585, Val Loss: 0.0987
No improvement in validation loss for 4 epochs.
Epoch [7/500], Train Loss: 0.0647, Val Loss: 0.2530
No improvement in validation loss for 5 epochs.
Epoch [8/500], Train Loss: 0.0605, Val Loss: 0.0851
No improvement in validation loss for 6 epochs.
Epoch [9/500], Train Loss: 0.0543, Val Loss: 0.0379
Model improved
Epoch [10/500], Train Loss: 0.0551, Val Loss: 0.1696
No improvement in validation loss for 1 epochs.
Epoch [11/500], Train Loss: 0.0534, Val Loss: 0.0818
No improvement in validation loss for 2 epochs.
Epoch [12/500], Train Loss: 0.0554, Val Loss: 0.0413
No improvement in validation loss for 3 epochs.
Epoch [13/500], Train Loss: 0.0579, Val Loss: 0.1492
No improvement in validation loss for 4 epochs.
Epoch [14/500], Train Loss: 0.0538, Val Loss: 0.1028
No improvement in validation loss for 5 epochs.
Epoch [15/500], Train Loss: 0.0561, Val Loss: 0.0409
No improvement in validation loss for 6 epochs.
Epoch [16/500], Train Loss: 0.0507, Val Loss: 0.1673
No improvement in validation loss for 7 epochs.
Epoch [17/500], Train Loss: 0.0499, Val Loss: 0.0989
No improvement in validation loss for 8 epochs.
Epoch [18/500], Train Loss: 0.0521, Val Loss: 0.2437
No improvement in validation loss for 9 epochs.
Epoch [19/500], Train Loss: 0.0494, Val Loss: 0.0517
No improvement in validation loss for 10 epochs.
Epoch [20/500], Train Loss: 0.0507, Val Loss: 0.0435
No improvement in validation loss for 11 epochs.
Epoch [21/500], Train Loss: 0.0499, Val Loss: 0.0349
Model improved
Epoch [22/500], Train Loss: 0.0491, Val Loss: 0.0662
No improvement in validation loss for 1 epochs.
Epoch [23/500], Train Loss: 0.0483, Val Loss: 0.0467
No improvement in validation loss for 2 epochs.
Epoch [24/500], Train Loss: 0.0481, Val Loss: 0.1081
No improvement in validation loss for 3 epochs.
Epoch [25/500], Train Loss: 0.0513, Val Loss: 0.1040
No improvement in validation loss for 4 epochs.
Epoch [26/500], Train Loss: 0.0495, Val Loss: 0.0784
No improvement in validation loss for 5 epochs.
Epoch [27/500], Train Loss: 0.0487, Val Loss: 0.0334
Model improved
Epoch [28/500], Train Loss: 0.0485, Val Loss: 0.1302
No improvement in validation loss for 1 epochs.
Epoch [29/500], Train Loss: 0.0486, Val Loss: 0.0483
No improvement in validation loss for 2 epochs.
Epoch [30/500], Train Loss: 0.0472, Val Loss: 0.0444
No improvement in validation loss for 3 epochs.
Epoch [31/500], Train Loss: 0.0464, Val Loss: 0.1798
No improvement in validation loss for 4 epochs.
Epoch [32/500], Train Loss: 0.0476, Val Loss: 0.0492
No improvement in validation loss for 5 epochs.
Epoch [33/500], Train Loss: 0.0477, Val Loss: 0.0350
No improvement in validation loss for 6 epochs.
Epoch [34/500], Train Loss: 0.0474, Val Loss: 0.0377
No improvement in validation loss for 7 epochs.
Epoch [35/500], Train Loss: 0.0457, Val Loss: 0.0341
No improvement in validation loss for 8 epochs.
Epoch [36/500], Train Loss: 0.0456, Val Loss: 0.2012
No improvement in validation loss for 9 epochs.
Epoch [37/500], Train Loss: 0.0439, Val Loss: 0.0423
No improvement in validation loss for 10 epochs.
Epoch [38/500], Train Loss: 0.0457, Val Loss: 0.1319
No improvement in validation loss for 11 epochs.
Epoch [39/500], Train Loss: 0.0458, Val Loss: 0.0328
Model improved
Epoch [40/500], Train Loss: 0.0464, Val Loss: 0.0432
No improvement in validation loss for 1 epochs.
Epoch [41/500], Train Loss: 0.0459, Val Loss: 0.0438
No improvement in validation loss for 2 epochs.
Epoch [42/500], Train Loss: 0.0461, Val Loss: 0.0298
Model improved
Epoch [43/500], Train Loss: 0.0467, Val Loss: 0.0417
No improvement in validation loss for 1 epochs.
Epoch [44/500], Train Loss: 0.0448, Val Loss: 0.1783
No improvement in validation loss for 2 epochs.
Epoch [45/500], Train Loss: 0.0431, Val Loss: 0.0614
No improvement in validation loss for 3 epochs.
Epoch [46/500], Train Loss: 0.0413, Val Loss: 0.0292
Model improved
Epoch [47/500], Train Loss: 0.0430, Val Loss: 0.1494
No improvement in validation loss for 1 epochs.
Epoch [48/500], Train Loss: 0.0441, Val Loss: 0.0315
No improvement in validation loss for 2 epochs.
Epoch [49/500], Train Loss: 0.0441, Val Loss: 0.0457
No improvement in validation loss for 3 epochs.
Epoch [50/500], Train Loss: 0.0426, Val Loss: 0.0327
No improvement in validation loss for 4 epochs.
Epoch [51/500], Train Loss: 0.0398, Val Loss: 0.0330
No improvement in validation loss for 5 epochs.
Epoch [52/500], Train Loss: 0.0407, Val Loss: 0.0274
Model improved
Epoch [53/500], Train Loss: 0.0412, Val Loss: 0.0381
No improvement in validation loss for 1 epochs.
Epoch [54/500], Train Loss: 0.0405, Val Loss: 0.0388
No improvement in validation loss for 2 epochs.
Epoch [55/500], Train Loss: 0.0395, Val Loss: 0.0281
No improvement in validation loss for 3 epochs.
Epoch [56/500], Train Loss: 0.0397, Val Loss: 0.0291
No improvement in validation loss for 4 epochs.
Epoch [57/500], Train Loss: 0.0420, Val Loss: 0.0468
No improvement in validation loss for 5 epochs.
Epoch [58/500], Train Loss: 0.0397, Val Loss: 0.0277
No improvement in validation loss for 6 epochs.
Epoch [59/500], Train Loss: 0.0384, Val Loss: 0.0500
No improvement in validation loss for 7 epochs.
Epoch [60/500], Train Loss: 0.0379, Val Loss: 0.0348
No improvement in validation loss for 8 epochs.
Epoch [61/500], Train Loss: 0.0408, Val Loss: 0.0278
No improvement in validation loss for 9 epochs.
Epoch [62/500], Train Loss: 0.0393, Val Loss: 0.0294
No improvement in validation loss for 10 epochs.
Epoch [63/500], Train Loss: 0.0383, Val Loss: 0.0253
Model improved
Epoch [64/500], Train Loss: 0.0377, Val Loss: 0.0272
No improvement in validation loss for 1 epochs.
Epoch [65/500], Train Loss: 0.0360, Val Loss: 0.0287
No improvement in validation loss for 2 epochs.
Epoch [66/500], Train Loss: 0.0369, Val Loss: 0.0333
No improvement in validation loss for 3 epochs.
Epoch [67/500], Train Loss: 0.0399, Val Loss: 0.0755
No improvement in validation loss for 4 epochs.
Epoch [68/500], Train Loss: 0.0379, Val Loss: 0.0309
No improvement in validation loss for 5 epochs.
Epoch [69/500], Train Loss: 0.0394, Val Loss: 0.0281
No improvement in validation loss for 6 epochs.
Epoch [70/500], Train Loss: 0.0373, Val Loss: 0.0356
No improvement in validation loss for 7 epochs.
Epoch [71/500], Train Loss: 0.0386, Val Loss: 0.0252
Model improved
Epoch [72/500], Train Loss: 0.0369, Val Loss: 0.0395
No improvement in validation loss for 1 epochs.
Epoch [73/500], Train Loss: 0.0392, Val Loss: 0.0282
No improvement in validation loss for 2 epochs.
Epoch [74/500], Train Loss: 0.0370, Val Loss: 0.0272
No improvement in validation loss for 3 epochs.
Epoch [75/500], Train Loss: 0.0397, Val Loss: 0.0508
No improvement in validation loss for 4 epochs.
Epoch [76/500], Train Loss: 0.0400, Val Loss: 0.0273
No improvement in validation loss for 5 epochs.
Epoch [77/500], Train Loss: 0.0390, Val Loss: 0.0277
No improvement in validation loss for 6 epochs.
Epoch [78/500], Train Loss: 0.0386, Val Loss: 0.0296
No improvement in validation loss for 7 epochs.
Epoch [79/500], Train Loss: 0.0357, Val Loss: 0.0294
No improvement in validation loss for 8 epochs.
Epoch [80/500], Train Loss: 0.0375, Val Loss: 0.0381
No improvement in validation loss for 9 epochs.
Epoch [81/500], Train Loss: 0.0367, Val Loss: 0.0250
Model improved
Epoch [82/500], Train Loss: 0.0356, Val Loss: 0.0278
No improvement in validation loss for 1 epochs.
Epoch [83/500], Train Loss: 0.0357, Val Loss: 0.0245
Model improved
Epoch [84/500], Train Loss: 0.0372, Val Loss: 0.0588
No improvement in validation loss for 1 epochs.
Epoch [85/500], Train Loss: 0.0365, Val Loss: 0.0262
No improvement in validation loss for 2 epochs.
Epoch [86/500], Train Loss: 0.0370, Val Loss: 0.0245
Model improved
Epoch [87/500], Train Loss: 0.0358, Val Loss: 0.0494
No improvement in validation loss for 1 epochs.
Epoch [88/500], Train Loss: 0.0371, Val Loss: 0.0508
No improvement in validation loss for 2 epochs.
Epoch [89/500], Train Loss: 0.0369, Val Loss: 0.0282
No improvement in validation loss for 3 epochs.
Epoch [90/500], Train Loss: 0.0384, Val Loss: 0.0266
No improvement in validation loss for 4 epochs.
Epoch [91/500], Train Loss: 0.0353, Val Loss: 0.0273
No improvement in validation loss for 5 epochs.
Epoch [92/500], Train Loss: 0.0359, Val Loss: 0.0263
No improvement in validation loss for 6 epochs.
Epoch [93/500], Train Loss: 0.0353, Val Loss: 0.0281
No improvement in validation loss for 7 epochs.
Epoch [94/500], Train Loss: 0.0363, Val Loss: 0.0280
No improvement in validation loss for 8 epochs.
Epoch [95/500], Train Loss: 0.0371, Val Loss: 0.0275
No improvement in validation loss for 9 epochs.
Epoch [96/500], Train Loss: 0.0359, Val Loss: 0.0256
No improvement in validation loss for 10 epochs.
Epoch [97/500], Train Loss: 0.0361, Val Loss: 0.0260
No improvement in validation loss for 11 epochs.
Epoch [98/500], Train Loss: 0.0360, Val Loss: 0.0265
No improvement in validation loss for 12 epochs.
Epoch [99/500], Train Loss: 0.0355, Val Loss: 0.0258
No improvement in validation loss for 13 epochs.
Epoch [100/500], Train Loss: 0.0364, Val Loss: 0.0240
Model improved
Epoch [101/500], Train Loss: 0.0360, Val Loss: 0.0269
No improvement in validation loss for 1 epochs.
Epoch [102/500], Train Loss: 0.0359, Val Loss: 0.0281
No improvement in validation loss for 2 epochs.
Epoch [103/500], Train Loss: 0.0369, Val Loss: 0.0282
No improvement in validation loss for 3 epochs.
Epoch [104/500], Train Loss: 0.0376, Val Loss: 0.0244
No improvement in validation loss for 4 epochs.
Epoch [105/500], Train Loss: 0.0381, Val Loss: 0.0449
No improvement in validation loss for 5 epochs.
Epoch [106/500], Train Loss: 0.0354, Val Loss: 0.0239
Model improved
Epoch [107/500], Train Loss: 0.0359, Val Loss: 0.0253
No improvement in validation loss for 1 epochs.
Epoch [108/500], Train Loss: 0.0345, Val Loss: 0.0273
No improvement in validation loss for 2 epochs.
Epoch [109/500], Train Loss: 0.0359, Val Loss: 0.0285
No improvement in validation loss for 3 epochs.
Epoch [110/500], Train Loss: 0.0358, Val Loss: 0.0294
No improvement in validation loss for 4 epochs.
Epoch [111/500], Train Loss: 0.0351, Val Loss: 0.0262
No improvement in validation loss for 5 epochs.
Epoch [112/500], Train Loss: 0.0357, Val Loss: 0.0305
No improvement in validation loss for 6 epochs.
Epoch [113/500], Train Loss: 0.0351, Val Loss: 0.0263
No improvement in validation loss for 7 epochs.
Epoch [114/500], Train Loss: 0.0346, Val Loss: 0.0257
No improvement in validation loss for 8 epochs.
Epoch [115/500], Train Loss: 0.0362, Val Loss: 0.0240
No improvement in validation loss for 9 epochs.
Epoch [116/500], Train Loss: 0.0355, Val Loss: 0.0251
No improvement in validation loss for 10 epochs.
Epoch [117/500], Train Loss: 0.0361, Val Loss: 0.0252
No improvement in validation loss for 11 epochs.
Epoch [118/500], Train Loss: 0.0361, Val Loss: 0.0293
No improvement in validation loss for 12 epochs.
Epoch [119/500], Train Loss: 0.0354, Val Loss: 0.0267
No improvement in validation loss for 13 epochs.
Epoch [120/500], Train Loss: 0.0377, Val Loss: 0.0296
No improvement in validation loss for 14 epochs.
Epoch [121/500], Train Loss: 0.0363, Val Loss: 0.0278
No improvement in validation loss for 15 epochs.
Epoch [122/500], Train Loss: 0.0375, Val Loss: 0.0281
No improvement in validation loss for 16 epochs.
Epoch [123/500], Train Loss: 0.0339, Val Loss: 0.0253
No improvement in validation loss for 17 epochs.
Epoch [124/500], Train Loss: 0.0362, Val Loss: 0.0257
No improvement in validation loss for 18 epochs.
Epoch [125/500], Train Loss: 0.0368, Val Loss: 0.0277
No improvement in validation loss for 19 epochs.
Epoch [126/500], Train Loss: 0.0360, Val Loss: 0.0259
No improvement in validation loss for 20 epochs.
Early stopping after 20 epochs without improvement.
Best validation loss: 0.0239
Model saved to /home/crackscope/Road-Anomaly-Detector/road_anomaly_detector/main/model/model_files/HED_forest_lr0001_b4_p20_e500_focal/model.pth
Loss plot saved to /home/crackscope/Road-Anomaly-Detector/road_anomaly_detector/main/model/model_files/HED_forest_lr0001_b4_p20_e500_focal/loss_plot.png
