Training with argumentation
Images min: 0.003921568859368563 Images max: 1.0
Mask min: 0.0 Mask max: 1.0

==================================================
Trainer Configuration
==================================================
{   'Best Validation Loss': inf,
    'Device': device(type='cuda'),
    'Learning Rate': 0.001,
    'Loss Function': 'dice_loss',
    'Loss Save Path': '/home/crackscope/Road-Anomaly-Detector/road_anomaly_detector/main/model/model_files/HED_cracktree200_lr0001_b4_p20_e500_dice/loss_plot.png',
    'Model Save Path': '/home/crackscope/Road-Anomaly-Detector/road_anomaly_detector/main/model/model_files/HED_cracktree200_lr0001_b4_p20_e500_dice/model.pth',
    'Number of Epochs': 500,
    'Optimizer': 'Adam (\n'
                 'Parameter Group 0\n'
                 '    amsgrad: False\n'
                 '    betas: (0.9, 0.999)\n'
                 '    capturable: False\n'
                 '    differentiable: False\n'
                 '    eps: 1e-08\n'
                 '    foreach: None\n'
                 '    fused: None\n'
                 '    lr: 0.001\n'
                 '    maximize: False\n'
                 '    weight_decay: 0\n'
                 ')',
    'Patience': 20}
==================================================

Epoch [1/500], Train Loss: 0.8583, Val Loss: 0.8463
Model improved
Epoch [2/500], Train Loss: 0.7256, Val Loss: 0.7485
Model improved
Epoch [3/500], Train Loss: 0.6558, Val Loss: 0.6162
Model improved
Epoch [4/500], Train Loss: 0.6026, Val Loss: 0.6009
Model improved
Epoch [5/500], Train Loss: 0.5800, Val Loss: 0.5899
Model improved
Epoch [6/500], Train Loss: 0.5660, Val Loss: 0.6079
No improvement in validation loss for 1 epochs.
Epoch [7/500], Train Loss: 0.5676, Val Loss: 0.5796
Model improved
Epoch [8/500], Train Loss: 0.5648, Val Loss: 0.5532
Model improved
Epoch [9/500], Train Loss: 0.5502, Val Loss: 0.5559
No improvement in validation loss for 1 epochs.
Epoch [10/500], Train Loss: 0.5468, Val Loss: 0.5651
No improvement in validation loss for 2 epochs.
Epoch [11/500], Train Loss: 0.5399, Val Loss: 0.5664
No improvement in validation loss for 3 epochs.
Epoch [12/500], Train Loss: 0.5391, Val Loss: 0.5538
No improvement in validation loss for 4 epochs.
Epoch [13/500], Train Loss: 0.5450, Val Loss: 0.5713
No improvement in validation loss for 5 epochs.
Epoch [14/500], Train Loss: 0.5442, Val Loss: 0.5399
Model improved
Epoch [15/500], Train Loss: 0.5348, Val Loss: 0.5514
No improvement in validation loss for 1 epochs.
Epoch [16/500], Train Loss: 0.5377, Val Loss: 0.5650
No improvement in validation loss for 2 epochs.
Epoch [17/500], Train Loss: 0.5380, Val Loss: 0.5392
Model improved
Epoch [18/500], Train Loss: 0.5436, Val Loss: 0.5795
No improvement in validation loss for 1 epochs.
Epoch [19/500], Train Loss: 0.5403, Val Loss: 0.5451
No improvement in validation loss for 2 epochs.
Epoch [20/500], Train Loss: 0.5338, Val Loss: 0.5355
Model improved
Epoch [21/500], Train Loss: 0.5332, Val Loss: 0.5554
No improvement in validation loss for 1 epochs.
Epoch [22/500], Train Loss: 0.5352, Val Loss: 0.6110
No improvement in validation loss for 2 epochs.
Epoch [23/500], Train Loss: 0.5321, Val Loss: 0.5335
Model improved
Epoch [24/500], Train Loss: 0.5331, Val Loss: 0.5373
No improvement in validation loss for 1 epochs.
Epoch [25/500], Train Loss: 0.5269, Val Loss: 0.5637
No improvement in validation loss for 2 epochs.
Epoch [26/500], Train Loss: 0.5300, Val Loss: 0.5345
No improvement in validation loss for 3 epochs.
Epoch [27/500], Train Loss: 0.5284, Val Loss: 0.5384
No improvement in validation loss for 4 epochs.
Epoch [28/500], Train Loss: 0.5279, Val Loss: 0.5345
No improvement in validation loss for 5 epochs.
Epoch [29/500], Train Loss: 0.5307, Val Loss: 0.5353
No improvement in validation loss for 6 epochs.
Epoch [30/500], Train Loss: 0.5302, Val Loss: 0.5763
No improvement in validation loss for 7 epochs.
Epoch [31/500], Train Loss: 0.5316, Val Loss: 0.5355
No improvement in validation loss for 8 epochs.
Epoch [32/500], Train Loss: 0.5269, Val Loss: 0.5409
No improvement in validation loss for 9 epochs.
Epoch [33/500], Train Loss: 0.5286, Val Loss: 0.5397
No improvement in validation loss for 10 epochs.
Epoch [34/500], Train Loss: 0.5293, Val Loss: 0.5408
No improvement in validation loss for 11 epochs.
Epoch [35/500], Train Loss: 0.5278, Val Loss: 0.5332
Model improved
Epoch [36/500], Train Loss: 0.5311, Val Loss: 0.5446
No improvement in validation loss for 1 epochs.
Epoch [37/500], Train Loss: 0.5307, Val Loss: 0.5355
No improvement in validation loss for 2 epochs.
Epoch [38/500], Train Loss: 0.5255, Val Loss: 0.5303
Model improved
Epoch [39/500], Train Loss: 0.5277, Val Loss: 0.5341
No improvement in validation loss for 1 epochs.
Epoch [40/500], Train Loss: 0.5262, Val Loss: 0.5332
No improvement in validation loss for 2 epochs.
Epoch [41/500], Train Loss: 0.5294, Val Loss: 0.5600
No improvement in validation loss for 3 epochs.
Epoch [42/500], Train Loss: 0.5283, Val Loss: 0.5412
No improvement in validation loss for 4 epochs.
Epoch [43/500], Train Loss: 0.5289, Val Loss: 0.5279
Model improved
Epoch [44/500], Train Loss: 0.5247, Val Loss: 0.5348
No improvement in validation loss for 1 epochs.
Epoch [45/500], Train Loss: 0.5262, Val Loss: 0.5391
No improvement in validation loss for 2 epochs.
Epoch [46/500], Train Loss: 0.5234, Val Loss: 0.5302
No improvement in validation loss for 3 epochs.
Epoch [47/500], Train Loss: 0.5216, Val Loss: 0.5331
No improvement in validation loss for 4 epochs.
Epoch [48/500], Train Loss: 0.5219, Val Loss: 0.5284
No improvement in validation loss for 5 epochs.
Epoch [49/500], Train Loss: 0.5234, Val Loss: 0.6076
No improvement in validation loss for 6 epochs.
Epoch [50/500], Train Loss: 0.5270, Val Loss: 0.5297
No improvement in validation loss for 7 epochs.
Epoch [51/500], Train Loss: 0.5250, Val Loss: 0.5323
No improvement in validation loss for 8 epochs.
Epoch [52/500], Train Loss: 0.5230, Val Loss: 0.5489
No improvement in validation loss for 9 epochs.
Epoch [53/500], Train Loss: 0.5203, Val Loss: 0.5280
No improvement in validation loss for 10 epochs.
Epoch [54/500], Train Loss: 0.5219, Val Loss: 0.5278
Model improved
Epoch [55/500], Train Loss: 0.5241, Val Loss: 0.5253
Model improved
Epoch [56/500], Train Loss: 0.5212, Val Loss: 0.5284
No improvement in validation loss for 1 epochs.
Epoch [57/500], Train Loss: 0.5199, Val Loss: 0.5288
No improvement in validation loss for 2 epochs.
Epoch [58/500], Train Loss: 0.5232, Val Loss: 0.5320
No improvement in validation loss for 3 epochs.
Epoch [59/500], Train Loss: 0.5233, Val Loss: 0.5304
No improvement in validation loss for 4 epochs.
Epoch [60/500], Train Loss: 0.5222, Val Loss: 0.5328
No improvement in validation loss for 5 epochs.
Epoch [61/500], Train Loss: 0.5251, Val Loss: 0.5364
No improvement in validation loss for 6 epochs.
Epoch [62/500], Train Loss: 0.5253, Val Loss: 0.5381
No improvement in validation loss for 7 epochs.
Epoch [63/500], Train Loss: 0.5193, Val Loss: 0.5251
Model improved
Epoch [64/500], Train Loss: 0.5208, Val Loss: 0.5366
No improvement in validation loss for 1 epochs.
Epoch [65/500], Train Loss: 0.5208, Val Loss: 0.5307
No improvement in validation loss for 2 epochs.
Epoch [66/500], Train Loss: 0.5181, Val Loss: 0.5324
No improvement in validation loss for 3 epochs.
Epoch [67/500], Train Loss: 0.5198, Val Loss: 0.5253
No improvement in validation loss for 4 epochs.
Epoch [68/500], Train Loss: 0.5238, Val Loss: 0.5246
Model improved
Epoch [69/500], Train Loss: 0.5203, Val Loss: 0.5250
No improvement in validation loss for 1 epochs.
Epoch [70/500], Train Loss: 0.5263, Val Loss: 0.5312
No improvement in validation loss for 2 epochs.
Epoch [71/500], Train Loss: 0.5203, Val Loss: 0.5258
No improvement in validation loss for 3 epochs.
Epoch [72/500], Train Loss: 0.5202, Val Loss: 0.5411
No improvement in validation loss for 4 epochs.
Epoch [73/500], Train Loss: 0.5201, Val Loss: 0.5521
No improvement in validation loss for 5 epochs.
Epoch [74/500], Train Loss: 0.5205, Val Loss: 0.5215
Model improved
Epoch [75/500], Train Loss: 0.5191, Val Loss: 0.5270
No improvement in validation loss for 1 epochs.
Epoch [76/500], Train Loss: 0.5194, Val Loss: 0.5301
No improvement in validation loss for 2 epochs.
Epoch [77/500], Train Loss: 0.5203, Val Loss: 0.5232
No improvement in validation loss for 3 epochs.
Epoch [78/500], Train Loss: 0.5181, Val Loss: 0.5269
No improvement in validation loss for 4 epochs.
Epoch [79/500], Train Loss: 0.5164, Val Loss: 0.5250
No improvement in validation loss for 5 epochs.
Epoch [80/500], Train Loss: 0.5171, Val Loss: 0.5259
No improvement in validation loss for 6 epochs.
Epoch [81/500], Train Loss: 0.5179, Val Loss: 0.5200
Model improved
Epoch [82/500], Train Loss: 0.5225, Val Loss: 0.5292
No improvement in validation loss for 1 epochs.
Epoch [83/500], Train Loss: 0.5183, Val Loss: 0.5371
No improvement in validation loss for 2 epochs.
Epoch [84/500], Train Loss: 0.5185, Val Loss: 0.5246
No improvement in validation loss for 3 epochs.
Epoch [85/500], Train Loss: 0.5184, Val Loss: 0.5282
No improvement in validation loss for 4 epochs.
Epoch [86/500], Train Loss: 0.5183, Val Loss: 0.5246
No improvement in validation loss for 5 epochs.
Epoch [87/500], Train Loss: 0.5187, Val Loss: 0.5207
No improvement in validation loss for 6 epochs.
Epoch [88/500], Train Loss: 0.5159, Val Loss: 0.5227
No improvement in validation loss for 7 epochs.
Epoch [89/500], Train Loss: 0.5161, Val Loss: 0.5254
No improvement in validation loss for 8 epochs.
Epoch [90/500], Train Loss: 0.5172, Val Loss: 0.5261
No improvement in validation loss for 9 epochs.
Epoch [91/500], Train Loss: 0.5184, Val Loss: 0.5268
No improvement in validation loss for 10 epochs.
Epoch [92/500], Train Loss: 0.5209, Val Loss: 0.5282
No improvement in validation loss for 11 epochs.
Epoch [93/500], Train Loss: 0.5181, Val Loss: 0.5226
No improvement in validation loss for 12 epochs.
Epoch [94/500], Train Loss: 0.5159, Val Loss: 0.5239
No improvement in validation loss for 13 epochs.
Epoch [95/500], Train Loss: 0.5175, Val Loss: 0.5294
No improvement in validation loss for 14 epochs.
Epoch [96/500], Train Loss: 0.5167, Val Loss: 0.5255
No improvement in validation loss for 15 epochs.
Epoch [97/500], Train Loss: 0.5173, Val Loss: 0.5260
No improvement in validation loss for 16 epochs.
Epoch [98/500], Train Loss: 0.5173, Val Loss: 0.5237
No improvement in validation loss for 17 epochs.
Epoch [99/500], Train Loss: 0.5184, Val Loss: 0.5278
No improvement in validation loss for 18 epochs.
Epoch [100/500], Train Loss: 0.5161, Val Loss: 0.5311
No improvement in validation loss for 19 epochs.
Epoch [101/500], Train Loss: 0.5170, Val Loss: 0.5310
No improvement in validation loss for 20 epochs.
Early stopping after 20 epochs without improvement.
Best validation loss: 0.5200
Model saved to /home/crackscope/Road-Anomaly-Detector/road_anomaly_detector/main/model/model_files/HED_cracktree200_lr0001_b4_p20_e500_dice/model.pth
Loss plot saved to /home/crackscope/Road-Anomaly-Detector/road_anomaly_detector/main/model/model_files/HED_cracktree200_lr0001_b4_p20_e500_dice/loss_plot.png
