Training with argumentation
Images min: 0.3450980484485626 Images max: 0.9490196108818054
Mask min: 0.0 Mask max: 1.0

==================================================
Trainer Configuration
==================================================
{   'Best Validation Loss': inf,
    'Device': device(type='cuda'),
    'Learning Rate': 0.001,
    'Loss Function': 'dice_loss',
    'Loss Save Path': '/home/crackscope/Road-Anomaly-Detector/road_anomaly_detector/main/model/model_files/HED_forest_lr0001_b4_p20_e500_dice/loss_plot.png',
    'Model Save Path': '/home/crackscope/Road-Anomaly-Detector/road_anomaly_detector/main/model/model_files/HED_forest_lr0001_b4_p20_e500_dice/model.pth',
    'Number of Epochs': 500,
    'Optimizer': 'Adam (\n'
                 'Parameter Group 0\n'
                 '    amsgrad: False\n'
                 '    betas: (0.9, 0.999)\n'
                 '    capturable: False\n'
                 '    differentiable: False\n'
                 '    eps: 1e-08\n'
                 '    foreach: None\n'
                 '    fused: None\n'
                 '    lr: 0.001\n'
                 '    maximize: False\n'
                 '    weight_decay: 0\n'
                 ')',
    'Patience': 20}
==================================================

Epoch [1/500], Train Loss: 0.7719, Val Loss: 0.9987
Model improved
Epoch [2/500], Train Loss: 0.6264, Val Loss: 0.8815
Model improved
Epoch [3/500], Train Loss: 0.5437, Val Loss: 0.5825
Model improved
Epoch [4/500], Train Loss: 0.5199, Val Loss: 0.4772
Model improved
Epoch [5/500], Train Loss: 0.5163, Val Loss: 0.4903
No improvement in validation loss for 1 epochs.
Epoch [6/500], Train Loss: 0.5078, Val Loss: 0.7057
No improvement in validation loss for 2 epochs.
Epoch [7/500], Train Loss: 0.4768, Val Loss: 0.4904
No improvement in validation loss for 3 epochs.
Epoch [8/500], Train Loss: 0.4783, Val Loss: 0.4321
Model improved
Epoch [9/500], Train Loss: 0.4639, Val Loss: 0.6190
No improvement in validation loss for 1 epochs.
Epoch [10/500], Train Loss: 0.4570, Val Loss: 0.6577
No improvement in validation loss for 2 epochs.
Epoch [11/500], Train Loss: 0.4560, Val Loss: 0.7615
No improvement in validation loss for 3 epochs.
Epoch [12/500], Train Loss: 0.4420, Val Loss: 0.4989
No improvement in validation loss for 4 epochs.
Epoch [13/500], Train Loss: 0.4350, Val Loss: 0.5905
No improvement in validation loss for 5 epochs.
Epoch [14/500], Train Loss: 0.4277, Val Loss: 0.4195
Model improved
Epoch [15/500], Train Loss: 0.4205, Val Loss: 0.4838
No improvement in validation loss for 1 epochs.
Epoch [16/500], Train Loss: 0.4419, Val Loss: 0.4441
No improvement in validation loss for 2 epochs.
Epoch [17/500], Train Loss: 0.4300, Val Loss: 0.8141
No improvement in validation loss for 3 epochs.
Epoch [18/500], Train Loss: 0.4280, Val Loss: 0.4583
No improvement in validation loss for 4 epochs.
Epoch [19/500], Train Loss: 0.4171, Val Loss: 0.4087
Model improved
Epoch [20/500], Train Loss: 0.4130, Val Loss: 0.4302
No improvement in validation loss for 1 epochs.
Epoch [21/500], Train Loss: 0.4140, Val Loss: 0.4129
No improvement in validation loss for 2 epochs.
Epoch [22/500], Train Loss: 0.4007, Val Loss: 0.4608
No improvement in validation loss for 3 epochs.
Epoch [23/500], Train Loss: 0.4009, Val Loss: 0.4126
No improvement in validation loss for 4 epochs.
Epoch [24/500], Train Loss: 0.4164, Val Loss: 0.3984
Model improved
Epoch [25/500], Train Loss: 0.4047, Val Loss: 0.3954
Model improved
Epoch [26/500], Train Loss: 0.3994, Val Loss: 0.3949
Model improved
Epoch [27/500], Train Loss: 0.3935, Val Loss: 0.4281
No improvement in validation loss for 1 epochs.
Epoch [28/500], Train Loss: 0.3960, Val Loss: 0.3800
Model improved
Epoch [29/500], Train Loss: 0.3832, Val Loss: 0.3900
No improvement in validation loss for 1 epochs.
Epoch [30/500], Train Loss: 0.3857, Val Loss: 0.3930
No improvement in validation loss for 2 epochs.
Epoch [31/500], Train Loss: 0.3833, Val Loss: 0.5095
No improvement in validation loss for 3 epochs.
Epoch [32/500], Train Loss: 0.3872, Val Loss: 0.3833
No improvement in validation loss for 4 epochs.
Epoch [33/500], Train Loss: 0.3793, Val Loss: 0.3928
No improvement in validation loss for 5 epochs.
Epoch [34/500], Train Loss: 0.3843, Val Loss: 0.3823
No improvement in validation loss for 6 epochs.
Epoch [35/500], Train Loss: 0.3862, Val Loss: 0.3852
No improvement in validation loss for 7 epochs.
Epoch [36/500], Train Loss: 0.3804, Val Loss: 0.3922
No improvement in validation loss for 8 epochs.
Epoch [37/500], Train Loss: 0.3829, Val Loss: 0.3898
No improvement in validation loss for 9 epochs.
Epoch [38/500], Train Loss: 0.3765, Val Loss: 0.3818
No improvement in validation loss for 10 epochs.
Epoch [39/500], Train Loss: 0.3842, Val Loss: 0.4712
No improvement in validation loss for 11 epochs.
Epoch [40/500], Train Loss: 0.3956, Val Loss: 0.4185
No improvement in validation loss for 12 epochs.
Epoch [41/500], Train Loss: 0.3887, Val Loss: 0.3942
No improvement in validation loss for 13 epochs.
Epoch [42/500], Train Loss: 0.3789, Val Loss: 0.4298
No improvement in validation loss for 14 epochs.
Epoch [43/500], Train Loss: 0.3744, Val Loss: 0.3874
No improvement in validation loss for 15 epochs.
Epoch [44/500], Train Loss: 0.3760, Val Loss: 0.3864
No improvement in validation loss for 16 epochs.
Epoch [45/500], Train Loss: 0.3812, Val Loss: 0.3817
No improvement in validation loss for 17 epochs.
Epoch [46/500], Train Loss: 0.3733, Val Loss: 0.4592
No improvement in validation loss for 18 epochs.
Epoch [47/500], Train Loss: 0.3803, Val Loss: 0.4101
No improvement in validation loss for 19 epochs.
Epoch [48/500], Train Loss: 0.3831, Val Loss: 0.4156
No improvement in validation loss for 20 epochs.
Early stopping after 20 epochs without improvement.
Best validation loss: 0.3800
Model saved to /home/crackscope/Road-Anomaly-Detector/road_anomaly_detector/main/model/model_files/HED_forest_lr0001_b4_p20_e500_dice/model.pth
Loss plot saved to /home/crackscope/Road-Anomaly-Detector/road_anomaly_detector/main/model/model_files/HED_forest_lr0001_b4_p20_e500_dice/loss_plot.png
