Training with argumentation
Images min: 0.2078431397676468 Images max: 0.9647058844566345
Mask min: 0.0 Mask max: 1.0
Using tversky with alpha: 0.3 and beta: 0.7

==================================================
Trainer Configuration
==================================================
{   'Best Validation Loss': inf,
    'Device': device(type='cuda'),
    'Learning Rate': 0.001,
    'Loss Function': 'loss_fn',
    'Loss Save Path': '/home/crackscope/Road-Anomaly-Detector/road_anomaly_detector/main/model/model_files/HED_forest_lr0001_b4_p20_e500_tversky/loss_plot.png',
    'Model Save Path': '/home/crackscope/Road-Anomaly-Detector/road_anomaly_detector/main/model/model_files/HED_forest_lr0001_b4_p20_e500_tversky/model.pth',
    'Number of Epochs': 500,
    'Optimizer': 'Adam (\n'
                 'Parameter Group 0\n'
                 '    amsgrad: False\n'
                 '    betas: (0.9, 0.999)\n'
                 '    capturable: False\n'
                 '    differentiable: False\n'
                 '    eps: 1e-08\n'
                 '    foreach: None\n'
                 '    fused: None\n'
                 '    lr: 0.001\n'
                 '    maximize: False\n'
                 '    weight_decay: 0\n'
                 ')',
    'Patience': 20}
==================================================

Epoch [1/500], Train Loss: 0.7266, Val Loss: 0.9947
Model improved
Epoch [2/500], Train Loss: 0.6053, Val Loss: 0.7621
Model improved
Epoch [3/500], Train Loss: 0.5169, Val Loss: 0.4674
Model improved
Epoch [4/500], Train Loss: 0.4824, Val Loss: 0.6847
No improvement in validation loss for 1 epochs.
Epoch [5/500], Train Loss: 0.4840, Val Loss: 0.7995
No improvement in validation loss for 2 epochs.
Epoch [6/500], Train Loss: 0.4656, Val Loss: 0.5440
No improvement in validation loss for 3 epochs.
Epoch [7/500], Train Loss: 0.4415, Val Loss: 0.7364
No improvement in validation loss for 4 epochs.
Epoch [8/500], Train Loss: 0.4489, Val Loss: 0.6680
No improvement in validation loss for 5 epochs.
Epoch [9/500], Train Loss: 0.4185, Val Loss: 0.5459
No improvement in validation loss for 6 epochs.
Epoch [10/500], Train Loss: 0.4231, Val Loss: 0.7747
No improvement in validation loss for 7 epochs.
Epoch [11/500], Train Loss: 0.4007, Val Loss: 0.7745
No improvement in validation loss for 8 epochs.
Epoch [12/500], Train Loss: 0.4105, Val Loss: 0.5307
No improvement in validation loss for 9 epochs.
Epoch [13/500], Train Loss: 0.3958, Val Loss: 0.4446
Model improved
Epoch [14/500], Train Loss: 0.4139, Val Loss: 0.6328
No improvement in validation loss for 1 epochs.
Epoch [15/500], Train Loss: 0.4142, Val Loss: 0.4308
Model improved
Epoch [16/500], Train Loss: 0.3857, Val Loss: 0.4566
No improvement in validation loss for 1 epochs.
Epoch [17/500], Train Loss: 0.3757, Val Loss: 0.4258
Model improved
Epoch [18/500], Train Loss: 0.3694, Val Loss: 0.3783
Model improved
Epoch [19/500], Train Loss: 0.3601, Val Loss: 0.3614
Model improved
Epoch [20/500], Train Loss: 0.3578, Val Loss: 0.3562
Model improved
Epoch [21/500], Train Loss: 0.3734, Val Loss: 0.3559
Model improved
Epoch [22/500], Train Loss: 0.3583, Val Loss: 0.3563
No improvement in validation loss for 1 epochs.
Epoch [23/500], Train Loss: 0.3521, Val Loss: 0.4598
No improvement in validation loss for 2 epochs.
Epoch [24/500], Train Loss: 0.3640, Val Loss: 0.6204
No improvement in validation loss for 3 epochs.
Epoch [25/500], Train Loss: 0.3671, Val Loss: 0.4433
No improvement in validation loss for 4 epochs.
Epoch [26/500], Train Loss: 0.3671, Val Loss: 0.6067
No improvement in validation loss for 5 epochs.
Epoch [27/500], Train Loss: 0.3692, Val Loss: 0.4917
No improvement in validation loss for 6 epochs.
Epoch [28/500], Train Loss: 0.3594, Val Loss: 0.3833
No improvement in validation loss for 7 epochs.
Epoch [29/500], Train Loss: 0.3646, Val Loss: 0.4631
No improvement in validation loss for 8 epochs.
Epoch [30/500], Train Loss: 0.3488, Val Loss: 0.3786
No improvement in validation loss for 9 epochs.
Epoch [31/500], Train Loss: 0.3451, Val Loss: 0.3566
No improvement in validation loss for 10 epochs.
Epoch [32/500], Train Loss: 0.3365, Val Loss: 0.3624
No improvement in validation loss for 11 epochs.
Epoch [33/500], Train Loss: 0.3426, Val Loss: 0.3519
Model improved
Epoch [34/500], Train Loss: 0.3422, Val Loss: 0.3560
No improvement in validation loss for 1 epochs.
Epoch [35/500], Train Loss: 0.3442, Val Loss: 0.3497
Model improved
Epoch [36/500], Train Loss: 0.3371, Val Loss: 0.3434
Model improved
Epoch [37/500], Train Loss: 0.3381, Val Loss: 0.3542
No improvement in validation loss for 1 epochs.
Epoch [38/500], Train Loss: 0.3327, Val Loss: 0.3828
No improvement in validation loss for 2 epochs.
Epoch [39/500], Train Loss: 0.3348, Val Loss: 0.5559
No improvement in validation loss for 3 epochs.
Epoch [40/500], Train Loss: 0.3361, Val Loss: 0.3492
No improvement in validation loss for 4 epochs.
Epoch [41/500], Train Loss: 0.3406, Val Loss: 0.4088
No improvement in validation loss for 5 epochs.
Epoch [42/500], Train Loss: 0.3439, Val Loss: 0.3913
No improvement in validation loss for 6 epochs.
Epoch [43/500], Train Loss: 0.3458, Val Loss: 0.3769
No improvement in validation loss for 7 epochs.
Epoch [44/500], Train Loss: 0.3400, Val Loss: 0.3594
No improvement in validation loss for 8 epochs.
Epoch [45/500], Train Loss: 0.3375, Val Loss: 0.3557
No improvement in validation loss for 9 epochs.
Epoch [46/500], Train Loss: 0.3316, Val Loss: 0.3450
No improvement in validation loss for 10 epochs.
Epoch [47/500], Train Loss: 0.3278, Val Loss: 0.3814
No improvement in validation loss for 11 epochs.
Epoch [48/500], Train Loss: 0.3354, Val Loss: 0.3471
No improvement in validation loss for 12 epochs.
Epoch [49/500], Train Loss: 0.3335, Val Loss: 0.3343
Model improved
Epoch [50/500], Train Loss: 0.3294, Val Loss: 0.3408
No improvement in validation loss for 1 epochs.
Epoch [51/500], Train Loss: 0.3304, Val Loss: 0.3498
No improvement in validation loss for 2 epochs.
Epoch [52/500], Train Loss: 0.3342, Val Loss: 0.3540
No improvement in validation loss for 3 epochs.
Epoch [53/500], Train Loss: 0.3302, Val Loss: 0.3522
No improvement in validation loss for 4 epochs.
Epoch [54/500], Train Loss: 0.3387, Val Loss: 0.3335
Model improved
Epoch [55/500], Train Loss: 0.3323, Val Loss: 0.3289
Model improved
Epoch [56/500], Train Loss: 0.3236, Val Loss: 0.3833
No improvement in validation loss for 1 epochs.
Epoch [57/500], Train Loss: 0.3310, Val Loss: 0.3289
Model improved
Epoch [58/500], Train Loss: 0.3285, Val Loss: 0.3367
No improvement in validation loss for 1 epochs.
Epoch [59/500], Train Loss: 0.3275, Val Loss: 0.3372
No improvement in validation loss for 2 epochs.
Epoch [60/500], Train Loss: 0.3236, Val Loss: 0.3668
No improvement in validation loss for 3 epochs.
Epoch [61/500], Train Loss: 0.3291, Val Loss: 0.3283
Model improved
Epoch [62/500], Train Loss: 0.3242, Val Loss: 0.3784
No improvement in validation loss for 1 epochs.
Epoch [63/500], Train Loss: 0.3376, Val Loss: 0.3819
No improvement in validation loss for 2 epochs.
Epoch [64/500], Train Loss: 0.3391, Val Loss: 0.4533
No improvement in validation loss for 3 epochs.
Epoch [65/500], Train Loss: 0.3335, Val Loss: 0.3640
No improvement in validation loss for 4 epochs.
Epoch [66/500], Train Loss: 0.3346, Val Loss: 0.3424
No improvement in validation loss for 5 epochs.
Epoch [67/500], Train Loss: 0.3421, Val Loss: 0.4495
No improvement in validation loss for 6 epochs.
Epoch [68/500], Train Loss: 0.3319, Val Loss: 0.3454
No improvement in validation loss for 7 epochs.
Epoch [69/500], Train Loss: 0.3293, Val Loss: 0.3610
No improvement in validation loss for 8 epochs.
Epoch [70/500], Train Loss: 0.3277, Val Loss: 0.3347
No improvement in validation loss for 9 epochs.
Epoch [71/500], Train Loss: 0.3249, Val Loss: 0.3206
Model improved
Epoch [72/500], Train Loss: 0.3259, Val Loss: 0.3322
No improvement in validation loss for 1 epochs.
Epoch [73/500], Train Loss: 0.3238, Val Loss: 0.3192
Model improved
Epoch [74/500], Train Loss: 0.3198, Val Loss: 0.3494
No improvement in validation loss for 1 epochs.
Epoch [75/500], Train Loss: 0.3293, Val Loss: 0.4230
No improvement in validation loss for 2 epochs.
Epoch [76/500], Train Loss: 0.3192, Val Loss: 0.3274
No improvement in validation loss for 3 epochs.
Epoch [77/500], Train Loss: 0.3249, Val Loss: 0.3527
No improvement in validation loss for 4 epochs.
Epoch [78/500], Train Loss: 0.3287, Val Loss: 0.3255
No improvement in validation loss for 5 epochs.
Epoch [79/500], Train Loss: 0.3227, Val Loss: 0.3620
No improvement in validation loss for 6 epochs.
Epoch [80/500], Train Loss: 0.3166, Val Loss: 0.3275
No improvement in validation loss for 7 epochs.
Epoch [81/500], Train Loss: 0.3257, Val Loss: 0.4135
No improvement in validation loss for 8 epochs.
Epoch [82/500], Train Loss: 0.3339, Val Loss: 0.5259
No improvement in validation loss for 9 epochs.
Epoch [83/500], Train Loss: 0.3413, Val Loss: 0.3368
No improvement in validation loss for 10 epochs.
Epoch [84/500], Train Loss: 0.3236, Val Loss: 0.3353
No improvement in validation loss for 11 epochs.
Epoch [85/500], Train Loss: 0.3253, Val Loss: 0.3342
No improvement in validation loss for 12 epochs.
Epoch [86/500], Train Loss: 0.3202, Val Loss: 0.3313
No improvement in validation loss for 13 epochs.
Epoch [87/500], Train Loss: 0.3259, Val Loss: 0.3441
No improvement in validation loss for 14 epochs.
Epoch [88/500], Train Loss: 0.3277, Val Loss: 0.3236
No improvement in validation loss for 15 epochs.
Epoch [89/500], Train Loss: 0.3245, Val Loss: 0.3564
No improvement in validation loss for 16 epochs.
Epoch [90/500], Train Loss: 0.3273, Val Loss: 0.3354
No improvement in validation loss for 17 epochs.
Epoch [91/500], Train Loss: 0.3210, Val Loss: 0.3370
No improvement in validation loss for 18 epochs.
Epoch [92/500], Train Loss: 0.3169, Val Loss: 0.3390
No improvement in validation loss for 19 epochs.
Epoch [93/500], Train Loss: 0.3259, Val Loss: 0.3277
No improvement in validation loss for 20 epochs.
Early stopping after 20 epochs without improvement.
Best validation loss: 0.3192
Model saved to /home/crackscope/Road-Anomaly-Detector/road_anomaly_detector/main/model/model_files/HED_forest_lr0001_b4_p20_e500_tversky/model.pth
Loss plot saved to /home/crackscope/Road-Anomaly-Detector/road_anomaly_detector/main/model/model_files/HED_forest_lr0001_b4_p20_e500_tversky/loss_plot.png
