/home/crackscope/miniconda3/envs/road_anomaly_detector/lib/python3.10/site-packages/albumentations/check_version.py:51: UserWarning: Error fetching version info <urlopen error [Errno -3] Temporary failure in name resolution>
  data = fetch_version_info()
Training with argumentation
Images min: 0.027450980618596077 Images max: 1.0
Mask min: 0.0 Mask max: 1.0
Using Focal with alpha: 0.25 and gamma: 2.0

==================================================
Trainer Configuration
==================================================
{   'Best Validation Loss': inf,
    'Device': device(type='cuda'),
    'Learning Rate': 0.001,
    'Loss Function': 'fl_loss',
    'Loss Save Path': '/home/crackscope/Road-Anomaly-Detector/road_anomaly_detector/main/model/model_files/HED_cracktree200_lr0001_b4_p20_e500_focal/loss_plot.png',
    'Model Save Path': '/home/crackscope/Road-Anomaly-Detector/road_anomaly_detector/main/model/model_files/HED_cracktree200_lr0001_b4_p20_e500_focal/model.pth',
    'Number of Epochs': 500,
    'Optimizer': 'Adam (\n'
                 'Parameter Group 0\n'
                 '    amsgrad: False\n'
                 '    betas: (0.9, 0.999)\n'
                 '    capturable: False\n'
                 '    differentiable: False\n'
                 '    eps: 1e-08\n'
                 '    foreach: None\n'
                 '    fused: None\n'
                 '    lr: 0.001\n'
                 '    maximize: False\n'
                 '    weight_decay: 0\n'
                 ')',
    'Patience': 20}
==================================================

Epoch [1/500], Train Loss: 0.1603, Val Loss: 0.0537
Model improved
Epoch [2/500], Train Loss: 0.0613, Val Loss: 0.0447
Model improved
Epoch [3/500], Train Loss: 0.0592, Val Loss: 0.0450
No improvement in validation loss for 1 epochs.
Epoch [4/500], Train Loss: 0.0538, Val Loss: 0.0391
Model improved
Epoch [5/500], Train Loss: 0.0531, Val Loss: 0.0471
No improvement in validation loss for 1 epochs.
Epoch [6/500], Train Loss: 0.0531, Val Loss: 0.0402
No improvement in validation loss for 2 epochs.
Epoch [7/500], Train Loss: 0.0515, Val Loss: 0.0383
Model improved
Epoch [8/500], Train Loss: 0.0489, Val Loss: 0.0399
No improvement in validation loss for 1 epochs.
Epoch [9/500], Train Loss: 0.0497, Val Loss: 0.0346
Model improved
Epoch [10/500], Train Loss: 0.0479, Val Loss: 0.0358
No improvement in validation loss for 1 epochs.
Epoch [11/500], Train Loss: 0.0484, Val Loss: 0.0336
Model improved
Epoch [12/500], Train Loss: 0.0460, Val Loss: 0.0329
Model improved
Epoch [13/500], Train Loss: 0.0461, Val Loss: 0.0333
No improvement in validation loss for 1 epochs.
Epoch [14/500], Train Loss: 0.0456, Val Loss: 0.0309
Model improved
Epoch [15/500], Train Loss: 0.0422, Val Loss: 0.0310
No improvement in validation loss for 1 epochs.
Epoch [16/500], Train Loss: 0.0433, Val Loss: 0.0321
No improvement in validation loss for 2 epochs.
Epoch [17/500], Train Loss: 0.0429, Val Loss: 0.0284
Model improved
Epoch [18/500], Train Loss: 0.0403, Val Loss: 0.0308
No improvement in validation loss for 1 epochs.
Epoch [19/500], Train Loss: 0.0417, Val Loss: 0.0341
No improvement in validation loss for 2 epochs.
Epoch [20/500], Train Loss: 0.0403, Val Loss: 0.0278
Model improved
Epoch [21/500], Train Loss: 0.0407, Val Loss: 0.0267
Model improved
Epoch [22/500], Train Loss: 0.0388, Val Loss: 0.0276
No improvement in validation loss for 1 epochs.
Epoch [23/500], Train Loss: 0.0386, Val Loss: 0.0297
No improvement in validation loss for 2 epochs.
Epoch [24/500], Train Loss: 0.0392, Val Loss: 0.0278
No improvement in validation loss for 3 epochs.
Epoch [25/500], Train Loss: 0.0381, Val Loss: 0.0277
No improvement in validation loss for 4 epochs.
Epoch [26/500], Train Loss: 0.0382, Val Loss: 0.0274
No improvement in validation loss for 5 epochs.
Epoch [27/500], Train Loss: 0.0371, Val Loss: 0.0308
No improvement in validation loss for 6 epochs.
Epoch [28/500], Train Loss: 0.0374, Val Loss: 0.0282
No improvement in validation loss for 7 epochs.
Epoch [29/500], Train Loss: 0.0369, Val Loss: 0.0294
No improvement in validation loss for 8 epochs.
Epoch [30/500], Train Loss: 0.0376, Val Loss: 0.0274
No improvement in validation loss for 9 epochs.
Epoch [31/500], Train Loss: 0.0372, Val Loss: 0.0269
No improvement in validation loss for 10 epochs.
Epoch [32/500], Train Loss: 0.0370, Val Loss: 0.0265
Model improved
Epoch [33/500], Train Loss: 0.0360, Val Loss: 0.0258
Model improved
Epoch [34/500], Train Loss: 0.0355, Val Loss: 0.0331
No improvement in validation loss for 1 epochs.
Epoch [35/500], Train Loss: 0.0350, Val Loss: 0.0276
No improvement in validation loss for 2 epochs.
Epoch [36/500], Train Loss: 0.0357, Val Loss: 0.0285
No improvement in validation loss for 3 epochs.
Epoch [37/500], Train Loss: 0.0354, Val Loss: 0.0247
Model improved
Epoch [38/500], Train Loss: 0.0361, Val Loss: 0.0329
No improvement in validation loss for 1 epochs.
Epoch [39/500], Train Loss: 0.0359, Val Loss: 0.0255
No improvement in validation loss for 2 epochs.
Epoch [40/500], Train Loss: 0.0349, Val Loss: 0.0254
No improvement in validation loss for 3 epochs.
Epoch [41/500], Train Loss: 0.0350, Val Loss: 0.0244
Model improved
Epoch [42/500], Train Loss: 0.0347, Val Loss: 0.0305
No improvement in validation loss for 1 epochs.
Epoch [43/500], Train Loss: 0.0345, Val Loss: 0.0247
No improvement in validation loss for 2 epochs.
Epoch [44/500], Train Loss: 0.0339, Val Loss: 0.0335
No improvement in validation loss for 3 epochs.
Epoch [45/500], Train Loss: 0.0339, Val Loss: 0.0272
No improvement in validation loss for 4 epochs.
Epoch [46/500], Train Loss: 0.0342, Val Loss: 0.0251
No improvement in validation loss for 5 epochs.
Epoch [47/500], Train Loss: 0.0345, Val Loss: 0.0289
No improvement in validation loss for 6 epochs.
Epoch [48/500], Train Loss: 0.0335, Val Loss: 0.0245
No improvement in validation loss for 7 epochs.
Epoch [49/500], Train Loss: 0.0347, Val Loss: 0.0904
No improvement in validation loss for 8 epochs.
Epoch [50/500], Train Loss: 0.0360, Val Loss: 0.0250
No improvement in validation loss for 9 epochs.
Epoch [51/500], Train Loss: 0.0343, Val Loss: 0.0249
No improvement in validation loss for 10 epochs.
Epoch [52/500], Train Loss: 0.0340, Val Loss: 0.0247
No improvement in validation loss for 11 epochs.
Epoch [53/500], Train Loss: 0.0345, Val Loss: 0.0634
No improvement in validation loss for 12 epochs.
Epoch [54/500], Train Loss: 0.0350, Val Loss: 0.0293
No improvement in validation loss for 13 epochs.
Epoch [55/500], Train Loss: 0.0335, Val Loss: 0.0254
No improvement in validation loss for 14 epochs.
Epoch [56/500], Train Loss: 0.0343, Val Loss: 0.0267
No improvement in validation loss for 15 epochs.
Epoch [57/500], Train Loss: 0.0345, Val Loss: 0.0272
No improvement in validation loss for 16 epochs.
Epoch [58/500], Train Loss: 0.0345, Val Loss: 0.0268
No improvement in validation loss for 17 epochs.
Epoch [59/500], Train Loss: 0.0342, Val Loss: 0.0307
No improvement in validation loss for 18 epochs.
Epoch [60/500], Train Loss: 0.0344, Val Loss: 0.0247
No improvement in validation loss for 19 epochs.
Epoch [61/500], Train Loss: 0.0338, Val Loss: 0.0251
No improvement in validation loss for 20 epochs.
Early stopping after 20 epochs without improvement.
Best validation loss: 0.0244
Model saved to /home/crackscope/Road-Anomaly-Detector/road_anomaly_detector/main/model/model_files/HED_cracktree200_lr0001_b4_p20_e500_focal/model.pth
Loss plot saved to /home/crackscope/Road-Anomaly-Detector/road_anomaly_detector/main/model/model_files/HED_cracktree200_lr0001_b4_p20_e500_focal/loss_plot.png
