Training with argumentation
Images min: 0.10196078568696976 Images max: 0.9960784316062927
Mask min: 0.0 Mask max: 1.0

==================================================
Trainer Configuration
==================================================
{   'Best Validation Loss': inf,
    'Device': device(type='cuda'),
    'Learning Rate': 0.0001,
    'Loss Function': 'dice_loss',
    'Loss Save Path': '/home/crackscope/Road-Anomaly-Detector/road_anomaly_detector/main/model/model_files/HED_gaps384_lr00001_b4_p20_e500_dice/loss_plot.png',
    'Model Save Path': '/home/crackscope/Road-Anomaly-Detector/road_anomaly_detector/main/model/model_files/HED_gaps384_lr00001_b4_p20_e500_dice/model.pth',
    'Number of Epochs': 500,
    'Optimizer': 'Adam (\n'
                 'Parameter Group 0\n'
                 '    amsgrad: False\n'
                 '    betas: (0.9, 0.999)\n'
                 '    capturable: False\n'
                 '    differentiable: False\n'
                 '    eps: 1e-08\n'
                 '    foreach: None\n'
                 '    fused: None\n'
                 '    lr: 0.0001\n'
                 '    maximize: False\n'
                 '    weight_decay: 0\n'
                 ')',
    'Patience': 20}
==================================================

Epoch [1/500], Train Loss: 0.8838, Val Loss: 0.8103
Model improved
Epoch [2/500], Train Loss: 0.7838, Val Loss: 0.6770
Model improved
Epoch [3/500], Train Loss: 0.7104, Val Loss: 0.5684
Model improved
Epoch [4/500], Train Loss: 0.6464, Val Loss: 0.5375
Model improved
Epoch [5/500], Train Loss: 0.6442, Val Loss: 0.5472
No improvement in validation loss for 1 epochs.
Epoch [6/500], Train Loss: 0.6237, Val Loss: 0.5436
No improvement in validation loss for 2 epochs.
Epoch [7/500], Train Loss: 0.6267, Val Loss: 0.5579
No improvement in validation loss for 3 epochs.
Epoch [8/500], Train Loss: 0.6015, Val Loss: 0.4927
Model improved
Epoch [9/500], Train Loss: 0.6054, Val Loss: 0.5079
No improvement in validation loss for 1 epochs.
Epoch [10/500], Train Loss: 0.5951, Val Loss: 0.5090
No improvement in validation loss for 2 epochs.
Epoch [11/500], Train Loss: 0.6096, Val Loss: 0.5095
No improvement in validation loss for 3 epochs.
Epoch [12/500], Train Loss: 0.5884, Val Loss: 0.5326
No improvement in validation loss for 4 epochs.
Epoch [13/500], Train Loss: 0.5798, Val Loss: 0.5143
No improvement in validation loss for 5 epochs.
Epoch [14/500], Train Loss: 0.5905, Val Loss: 0.4859
Model improved
Epoch [15/500], Train Loss: 0.5975, Val Loss: 0.5266
No improvement in validation loss for 1 epochs.
Epoch [16/500], Train Loss: 0.5703, Val Loss: 0.4834
Model improved
Epoch [17/500], Train Loss: 0.5835, Val Loss: 0.4891
No improvement in validation loss for 1 epochs.
Epoch [18/500], Train Loss: 0.5816, Val Loss: 0.4538
Model improved
Epoch [19/500], Train Loss: 0.5812, Val Loss: 0.4766
No improvement in validation loss for 1 epochs.
Epoch [20/500], Train Loss: 0.5686, Val Loss: 0.4635
No improvement in validation loss for 2 epochs.
Epoch [21/500], Train Loss: 0.5752, Val Loss: 0.4501
Model improved
Epoch [22/500], Train Loss: 0.5700, Val Loss: 0.4445
Model improved
Epoch [23/500], Train Loss: 0.5704, Val Loss: 0.4540
No improvement in validation loss for 1 epochs.
Epoch [24/500], Train Loss: 0.5814, Val Loss: 0.4448
No improvement in validation loss for 2 epochs.
Epoch [25/500], Train Loss: 0.5734, Val Loss: 0.4414
Model improved
Epoch [26/500], Train Loss: 0.5645, Val Loss: 0.4804
No improvement in validation loss for 1 epochs.
Epoch [27/500], Train Loss: 0.5678, Val Loss: 0.4332
Model improved
Epoch [28/500], Train Loss: 0.5612, Val Loss: 0.4456
No improvement in validation loss for 1 epochs.
Epoch [29/500], Train Loss: 0.5628, Val Loss: 0.4419
No improvement in validation loss for 2 epochs.
Epoch [30/500], Train Loss: 0.5582, Val Loss: 0.4461
No improvement in validation loss for 3 epochs.
Epoch [31/500], Train Loss: 0.5598, Val Loss: 0.4552
No improvement in validation loss for 4 epochs.
Epoch [32/500], Train Loss: 0.5666, Val Loss: 0.4764
No improvement in validation loss for 5 epochs.
Epoch [33/500], Train Loss: 0.5588, Val Loss: 0.4483
No improvement in validation loss for 6 epochs.
Epoch [34/500], Train Loss: 0.5595, Val Loss: 0.4464
No improvement in validation loss for 7 epochs.
Epoch [35/500], Train Loss: 0.5636, Val Loss: 0.4399
No improvement in validation loss for 8 epochs.
Epoch [36/500], Train Loss: 0.5806, Val Loss: 0.4479
No improvement in validation loss for 9 epochs.
Epoch [37/500], Train Loss: 0.5531, Val Loss: 0.4317
Model improved
Epoch [38/500], Train Loss: 0.5460, Val Loss: 0.4357
No improvement in validation loss for 1 epochs.
Epoch [39/500], Train Loss: 0.5612, Val Loss: 0.4274
Model improved
Epoch [40/500], Train Loss: 0.5570, Val Loss: 0.4320
No improvement in validation loss for 1 epochs.
Epoch [41/500], Train Loss: 0.5666, Val Loss: 0.4483
No improvement in validation loss for 2 epochs.
Epoch [42/500], Train Loss: 0.5489, Val Loss: 0.4310
No improvement in validation loss for 3 epochs.
Epoch [43/500], Train Loss: 0.5546, Val Loss: 0.4419
No improvement in validation loss for 4 epochs.
Epoch [44/500], Train Loss: 0.5432, Val Loss: 0.4773
No improvement in validation loss for 5 epochs.
Epoch [45/500], Train Loss: 0.5503, Val Loss: 0.4322
No improvement in validation loss for 6 epochs.
Epoch [46/500], Train Loss: 0.5402, Val Loss: 0.4374
No improvement in validation loss for 7 epochs.
Epoch [47/500], Train Loss: 0.5542, Val Loss: 0.4384
No improvement in validation loss for 8 epochs.
Epoch [48/500], Train Loss: 0.5474, Val Loss: 0.4276
No improvement in validation loss for 9 epochs.
Epoch [49/500], Train Loss: 0.5463, Val Loss: 0.4494
No improvement in validation loss for 10 epochs.
Epoch [50/500], Train Loss: 0.5536, Val Loss: 0.4432
No improvement in validation loss for 11 epochs.
Epoch [51/500], Train Loss: 0.5546, Val Loss: 0.4383
No improvement in validation loss for 12 epochs.
Epoch [52/500], Train Loss: 0.5445, Val Loss: 0.4414
No improvement in validation loss for 13 epochs.
Epoch [53/500], Train Loss: 0.5333, Val Loss: 0.4339
No improvement in validation loss for 14 epochs.
Epoch [54/500], Train Loss: 0.5463, Val Loss: 0.4403
No improvement in validation loss for 15 epochs.
Epoch [55/500], Train Loss: 0.5516, Val Loss: 0.4500
No improvement in validation loss for 16 epochs.
Epoch [56/500], Train Loss: 0.5494, Val Loss: 0.4202
Model improved
Epoch [57/500], Train Loss: 0.5343, Val Loss: 0.4261
No improvement in validation loss for 1 epochs.
Epoch [58/500], Train Loss: 0.5510, Val Loss: 0.4418
No improvement in validation loss for 2 epochs.
Epoch [59/500], Train Loss: 0.5559, Val Loss: 0.4539
No improvement in validation loss for 3 epochs.
Epoch [60/500], Train Loss: 0.5460, Val Loss: 0.4122
Model improved
Epoch [61/500], Train Loss: 0.5528, Val Loss: 0.4254
No improvement in validation loss for 1 epochs.
Epoch [62/500], Train Loss: 0.5544, Val Loss: 0.4389
No improvement in validation loss for 2 epochs.
Epoch [63/500], Train Loss: 0.5637, Val Loss: 0.4219
No improvement in validation loss for 3 epochs.
Epoch [64/500], Train Loss: 0.5390, Val Loss: 0.4465
No improvement in validation loss for 4 epochs.
Epoch [65/500], Train Loss: 0.5465, Val Loss: 0.4382
No improvement in validation loss for 5 epochs.
Epoch [66/500], Train Loss: 0.5427, Val Loss: 0.4365
No improvement in validation loss for 6 epochs.
Epoch [67/500], Train Loss: 0.5351, Val Loss: 0.4272
No improvement in validation loss for 7 epochs.
Epoch [68/500], Train Loss: 0.5443, Val Loss: 0.4315
No improvement in validation loss for 8 epochs.
Epoch [69/500], Train Loss: 0.5555, Val Loss: 0.4304
No improvement in validation loss for 9 epochs.
Epoch [70/500], Train Loss: 0.5522, Val Loss: 0.4561
No improvement in validation loss for 10 epochs.
Epoch [71/500], Train Loss: 0.5301, Val Loss: 0.4230
No improvement in validation loss for 11 epochs.
Epoch [72/500], Train Loss: 0.5438, Val Loss: 0.4442
No improvement in validation loss for 12 epochs.
Epoch [73/500], Train Loss: 0.5565, Val Loss: 0.4249
No improvement in validation loss for 13 epochs.
Epoch [74/500], Train Loss: 0.5407, Val Loss: 0.4166
No improvement in validation loss for 14 epochs.
Epoch [75/500], Train Loss: 0.5238, Val Loss: 0.4307
No improvement in validation loss for 15 epochs.
Epoch [76/500], Train Loss: 0.5626, Val Loss: 0.4222
No improvement in validation loss for 16 epochs.
Epoch [77/500], Train Loss: 0.5394, Val Loss: 0.4325
No improvement in validation loss for 17 epochs.
Epoch [78/500], Train Loss: 0.5356, Val Loss: 0.4158
No improvement in validation loss for 18 epochs.
Epoch [79/500], Train Loss: 0.5343, Val Loss: 0.4225
No improvement in validation loss for 19 epochs.
Epoch [80/500], Train Loss: 0.5438, Val Loss: 0.4338
No improvement in validation loss for 20 epochs.
Early stopping after 20 epochs without improvement.
Best validation loss: 0.4122
Model saved to /home/crackscope/Road-Anomaly-Detector/road_anomaly_detector/main/model/model_files/HED_gaps384_lr00001_b4_p20_e500_dice/model.pth
Loss plot saved to /home/crackscope/Road-Anomaly-Detector/road_anomaly_detector/main/model/model_files/HED_gaps384_lr00001_b4_p20_e500_dice/loss_plot.png
