Training with argumentation
Images min: 0.0784313753247261 Images max: 0.9960784316062927
Mask min: 0.0 Mask max: 1.0
Using tversky with alpha: 0.7 and beta: 0.3

==================================================
Trainer Configuration
==================================================
{   'Best Validation Loss': inf,
    'Device': device(type='cuda'),
    'Learning Rate': 0.0001,
    'Loss Function': 'loss_fn',
    'Loss Save Path': '/home/crackscope/Road-Anomaly-Detector/road_anomaly_detector/main/model/model_files/HED_gaps384_lr00001_b4_p20_e500_tversky/loss_plot.png',
    'Model Save Path': '/home/crackscope/Road-Anomaly-Detector/road_anomaly_detector/main/model/model_files/HED_gaps384_lr00001_b4_p20_e500_tversky/model.pth',
    'Number of Epochs': 500,
    'Optimizer': 'Adam (\n'
                 'Parameter Group 0\n'
                 '    amsgrad: False\n'
                 '    betas: (0.9, 0.999)\n'
                 '    capturable: False\n'
                 '    differentiable: False\n'
                 '    eps: 1e-08\n'
                 '    foreach: None\n'
                 '    fused: None\n'
                 '    lr: 0.0001\n'
                 '    maximize: False\n'
                 '    weight_decay: 0\n'
                 ')',
    'Patience': 20}
==================================================

Epoch [1/500], Train Loss: 0.8929, Val Loss: 0.8221
Model improved
Epoch [2/500], Train Loss: 0.8197, Val Loss: 0.8277
No improvement in validation loss for 1 epochs.
Epoch [3/500], Train Loss: 0.7160, Val Loss: 0.6012
Model improved
Epoch [4/500], Train Loss: 0.6637, Val Loss: 0.5703
Model improved
Epoch [5/500], Train Loss: 0.6381, Val Loss: 0.6103
No improvement in validation loss for 1 epochs.
Epoch [6/500], Train Loss: 0.6253, Val Loss: 0.5430
Model improved
Epoch [7/500], Train Loss: 0.6316, Val Loss: 0.4828
Model improved
Epoch [8/500], Train Loss: 0.6114, Val Loss: 0.5064
No improvement in validation loss for 1 epochs.
Epoch [9/500], Train Loss: 0.5892, Val Loss: 0.4830
No improvement in validation loss for 2 epochs.
Epoch [10/500], Train Loss: 0.5964, Val Loss: 0.4886
No improvement in validation loss for 3 epochs.
Epoch [11/500], Train Loss: 0.5935, Val Loss: 0.4884
No improvement in validation loss for 4 epochs.
Epoch [12/500], Train Loss: 0.5811, Val Loss: 0.4790
Model improved
Epoch [13/500], Train Loss: 0.5878, Val Loss: 0.5189
No improvement in validation loss for 1 epochs.
Epoch [14/500], Train Loss: 0.5759, Val Loss: 0.4561
Model improved
Epoch [15/500], Train Loss: 0.5809, Val Loss: 0.4659
No improvement in validation loss for 1 epochs.
Epoch [16/500], Train Loss: 0.5905, Val Loss: 0.4743
No improvement in validation loss for 2 epochs.
Epoch [17/500], Train Loss: 0.5701, Val Loss: 0.4441
Model improved
Epoch [18/500], Train Loss: 0.5697, Val Loss: 0.4732
No improvement in validation loss for 1 epochs.
Epoch [19/500], Train Loss: 0.5741, Val Loss: 0.4383
Model improved
Epoch [20/500], Train Loss: 0.5702, Val Loss: 0.4507
No improvement in validation loss for 1 epochs.
Epoch [21/500], Train Loss: 0.5654, Val Loss: 0.4490
No improvement in validation loss for 2 epochs.
Epoch [22/500], Train Loss: 0.5710, Val Loss: 0.4511
No improvement in validation loss for 3 epochs.
Epoch [23/500], Train Loss: 0.5744, Val Loss: 0.4328
Model improved
Epoch [24/500], Train Loss: 0.5761, Val Loss: 0.4560
No improvement in validation loss for 1 epochs.
Epoch [25/500], Train Loss: 0.5587, Val Loss: 0.4432
No improvement in validation loss for 2 epochs.
Epoch [26/500], Train Loss: 0.5619, Val Loss: 0.4755
No improvement in validation loss for 3 epochs.
Epoch [27/500], Train Loss: 0.5692, Val Loss: 0.4489
No improvement in validation loss for 4 epochs.
Epoch [28/500], Train Loss: 0.5635, Val Loss: 0.4692
No improvement in validation loss for 5 epochs.
Epoch [29/500], Train Loss: 0.5735, Val Loss: 0.4542
No improvement in validation loss for 6 epochs.
Epoch [30/500], Train Loss: 0.5680, Val Loss: 0.4305
Model improved
Epoch [31/500], Train Loss: 0.5571, Val Loss: 0.4525
No improvement in validation loss for 1 epochs.
Epoch [32/500], Train Loss: 0.5758, Val Loss: 0.4312
No improvement in validation loss for 2 epochs.
Epoch [33/500], Train Loss: 0.5695, Val Loss: 0.4245
Model improved
Epoch [34/500], Train Loss: 0.5578, Val Loss: 0.4429
No improvement in validation loss for 1 epochs.
Epoch [35/500], Train Loss: 0.5561, Val Loss: 0.4353
No improvement in validation loss for 2 epochs.
Epoch [36/500], Train Loss: 0.5474, Val Loss: 0.4379
No improvement in validation loss for 3 epochs.
Epoch [37/500], Train Loss: 0.5566, Val Loss: 0.4409
No improvement in validation loss for 4 epochs.
Epoch [38/500], Train Loss: 0.5467, Val Loss: 0.4306
No improvement in validation loss for 5 epochs.
Epoch [39/500], Train Loss: 0.5476, Val Loss: 0.4588
No improvement in validation loss for 6 epochs.
Epoch [40/500], Train Loss: 0.5476, Val Loss: 0.4318
No improvement in validation loss for 7 epochs.
Epoch [41/500], Train Loss: 0.5579, Val Loss: 0.4550
No improvement in validation loss for 8 epochs.
Epoch [42/500], Train Loss: 0.5526, Val Loss: 0.4548
No improvement in validation loss for 9 epochs.
Epoch [43/500], Train Loss: 0.5462, Val Loss: 0.4199
Model improved
Epoch [44/500], Train Loss: 0.5392, Val Loss: 0.4668
No improvement in validation loss for 1 epochs.
Epoch [45/500], Train Loss: 0.5420, Val Loss: 0.4335
No improvement in validation loss for 2 epochs.
Epoch [46/500], Train Loss: 0.5541, Val Loss: 0.4745
No improvement in validation loss for 3 epochs.
Epoch [47/500], Train Loss: 0.5481, Val Loss: 0.4340
No improvement in validation loss for 4 epochs.
Epoch [48/500], Train Loss: 0.5403, Val Loss: 0.4392
No improvement in validation loss for 5 epochs.
Epoch [49/500], Train Loss: 0.5496, Val Loss: 0.4416
No improvement in validation loss for 6 epochs.
Epoch [50/500], Train Loss: 0.5522, Val Loss: 0.4331
No improvement in validation loss for 7 epochs.
Epoch [51/500], Train Loss: 0.5614, Val Loss: 0.4335
No improvement in validation loss for 8 epochs.
Epoch [52/500], Train Loss: 0.5470, Val Loss: 0.4343
No improvement in validation loss for 9 epochs.
Epoch [53/500], Train Loss: 0.5590, Val Loss: 0.4406
No improvement in validation loss for 10 epochs.
Epoch [54/500], Train Loss: 0.5483, Val Loss: 0.4936
No improvement in validation loss for 11 epochs.
Epoch [55/500], Train Loss: 0.5447, Val Loss: 0.4261
No improvement in validation loss for 12 epochs.
Epoch [56/500], Train Loss: 0.5487, Val Loss: 0.4367
No improvement in validation loss for 13 epochs.
Epoch [57/500], Train Loss: 0.5342, Val Loss: 0.4142
Model improved
Epoch [58/500], Train Loss: 0.5380, Val Loss: 0.4149
No improvement in validation loss for 1 epochs.
Epoch [59/500], Train Loss: 0.5314, Val Loss: 0.4790
No improvement in validation loss for 2 epochs.
Epoch [60/500], Train Loss: 0.5462, Val Loss: 0.4186
No improvement in validation loss for 3 epochs.
Epoch [61/500], Train Loss: 0.5334, Val Loss: 0.4332
No improvement in validation loss for 4 epochs.
Epoch [62/500], Train Loss: 0.5259, Val Loss: 0.4163
No improvement in validation loss for 5 epochs.
Epoch [63/500], Train Loss: 0.5446, Val Loss: 0.4310
No improvement in validation loss for 6 epochs.
Epoch [64/500], Train Loss: 0.5525, Val Loss: 0.4285
No improvement in validation loss for 7 epochs.
Epoch [65/500], Train Loss: 0.5534, Val Loss: 0.4308
No improvement in validation loss for 8 epochs.
Epoch [66/500], Train Loss: 0.5401, Val Loss: 0.4417
No improvement in validation loss for 9 epochs.
Epoch [67/500], Train Loss: 0.5324, Val Loss: 0.4161
No improvement in validation loss for 10 epochs.
Epoch [68/500], Train Loss: 0.5461, Val Loss: 0.4246
No improvement in validation loss for 11 epochs.
Epoch [69/500], Train Loss: 0.5326, Val Loss: 0.4338
No improvement in validation loss for 12 epochs.
Epoch [70/500], Train Loss: 0.5519, Val Loss: 0.4289
No improvement in validation loss for 13 epochs.
Epoch [71/500], Train Loss: 0.5473, Val Loss: 0.4378
No improvement in validation loss for 14 epochs.
Epoch [72/500], Train Loss: 0.5522, Val Loss: 0.4254
No improvement in validation loss for 15 epochs.
Epoch [73/500], Train Loss: 0.5249, Val Loss: 0.4342
No improvement in validation loss for 16 epochs.
Epoch [74/500], Train Loss: 0.5388, Val Loss: 0.4121
Model improved
Epoch [75/500], Train Loss: 0.5384, Val Loss: 0.4149
No improvement in validation loss for 1 epochs.
Epoch [76/500], Train Loss: 0.5442, Val Loss: 0.4244
No improvement in validation loss for 2 epochs.
Epoch [77/500], Train Loss: 0.5307, Val Loss: 0.4157
No improvement in validation loss for 3 epochs.
Epoch [78/500], Train Loss: 0.5361, Val Loss: 0.4144
No improvement in validation loss for 4 epochs.
Epoch [79/500], Train Loss: 0.5428, Val Loss: 0.4249
No improvement in validation loss for 5 epochs.
Epoch [80/500], Train Loss: 0.5385, Val Loss: 0.4194
No improvement in validation loss for 6 epochs.
Epoch [81/500], Train Loss: 0.5446, Val Loss: 0.4162
No improvement in validation loss for 7 epochs.
Epoch [82/500], Train Loss: 0.5253, Val Loss: 0.4227
No improvement in validation loss for 8 epochs.
Epoch [83/500], Train Loss: 0.5332, Val Loss: 0.4040
Model improved
Epoch [84/500], Train Loss: 0.5245, Val Loss: 0.4149
No improvement in validation loss for 1 epochs.
Epoch [85/500], Train Loss: 0.5250, Val Loss: 0.4242
No improvement in validation loss for 2 epochs.
Epoch [86/500], Train Loss: 0.5419, Val Loss: 0.4274
No improvement in validation loss for 3 epochs.
Epoch [87/500], Train Loss: 0.5450, Val Loss: 0.4109
No improvement in validation loss for 4 epochs.
Epoch [88/500], Train Loss: 0.5442, Val Loss: 0.4132
No improvement in validation loss for 5 epochs.
Epoch [89/500], Train Loss: 0.5211, Val Loss: 0.4425
No improvement in validation loss for 6 epochs.
Epoch [90/500], Train Loss: 0.5316, Val Loss: 0.4186
No improvement in validation loss for 7 epochs.
Epoch [91/500], Train Loss: 0.5241, Val Loss: 0.4416
No improvement in validation loss for 8 epochs.
Epoch [92/500], Train Loss: 0.5299, Val Loss: 0.4114
No improvement in validation loss for 9 epochs.
Epoch [93/500], Train Loss: 0.5396, Val Loss: 0.4210
No improvement in validation loss for 10 epochs.
Epoch [94/500], Train Loss: 0.5306, Val Loss: 0.4464
No improvement in validation loss for 11 epochs.
Epoch [95/500], Train Loss: 0.5293, Val Loss: 0.4093
No improvement in validation loss for 12 epochs.
Epoch [96/500], Train Loss: 0.5260, Val Loss: 0.4170
No improvement in validation loss for 13 epochs.
Epoch [97/500], Train Loss: 0.5447, Val Loss: 0.4121
No improvement in validation loss for 14 epochs.
Epoch [98/500], Train Loss: 0.5385, Val Loss: 0.4491
No improvement in validation loss for 15 epochs.
Epoch [99/500], Train Loss: 0.5330, Val Loss: 0.4082
No improvement in validation loss for 16 epochs.
Epoch [100/500], Train Loss: 0.5236, Val Loss: 0.4103
No improvement in validation loss for 17 epochs.
Epoch [101/500], Train Loss: 0.5310, Val Loss: 0.4212
No improvement in validation loss for 18 epochs.
Epoch [102/500], Train Loss: 0.5308, Val Loss: 0.4382
No improvement in validation loss for 19 epochs.
Epoch [103/500], Train Loss: 0.5387, Val Loss: 0.4137
No improvement in validation loss for 20 epochs.
Early stopping after 20 epochs without improvement.
Best validation loss: 0.4040
Model saved to /home/crackscope/Road-Anomaly-Detector/road_anomaly_detector/main/model/model_files/HED_gaps384_lr00001_b4_p20_e500_tversky/model.pth
Loss plot saved to /home/crackscope/Road-Anomaly-Detector/road_anomaly_detector/main/model/model_files/HED_gaps384_lr00001_b4_p20_e500_tversky/loss_plot.png
