Training with argumentation
Images min: 0.18431372940540314 Images max: 0.929411768913269
Mask min: 0.0 Mask max: 1.0

==================================================
Trainer Configuration
==================================================
{   'Best Validation Loss': inf,
    'Device': device(type='cuda'),
    'Learning Rate': 0.001,
    'Loss Function': 'BCELoss()',
    'Loss Save Path': '/home/crackscope/Road-Anomaly-Detector/road_anomaly_detector/main/model/model_files/UNET_forest_lr0001_b4_p20_e500_bce/loss_plot.png',
    'Model Save Path': '/home/crackscope/Road-Anomaly-Detector/road_anomaly_detector/main/model/model_files/UNET_forest_lr0001_b4_p20_e500_bce/model.pth',
    'Number of Epochs': 500,
    'Optimizer': 'Adam (\n'
                 'Parameter Group 0\n'
                 '    amsgrad: False\n'
                 '    betas: (0.9, 0.999)\n'
                 '    capturable: False\n'
                 '    differentiable: False\n'
                 '    eps: 1e-08\n'
                 '    foreach: None\n'
                 '    fused: None\n'
                 '    lr: 0.001\n'
                 '    maximize: False\n'
                 '    weight_decay: 0\n'
                 ')',
    'Patience': 20}
==================================================

Epoch [1/500], Train Loss: 0.4074, Val Loss: 0.2626
Model improved
Epoch [2/500], Train Loss: 0.2553, Val Loss: 0.3650
No improvement in validation loss for 1 epochs.
Epoch [3/500], Train Loss: 0.1900, Val Loss: 0.1515
Model improved
Epoch [4/500], Train Loss: 0.1611, Val Loss: 0.1264
Model improved
Epoch [5/500], Train Loss: 0.1336, Val Loss: 0.1022
Model improved
Epoch [6/500], Train Loss: 0.1208, Val Loss: 0.2181
No improvement in validation loss for 1 epochs.
Epoch [7/500], Train Loss: 0.1173, Val Loss: 0.3411
No improvement in validation loss for 2 epochs.
Epoch [8/500], Train Loss: 0.1086, Val Loss: 0.1204
No improvement in validation loss for 3 epochs.
Epoch [9/500], Train Loss: 0.1027, Val Loss: 0.0701
Model improved
Epoch [10/500], Train Loss: 0.1008, Val Loss: 0.3911
No improvement in validation loss for 1 epochs.
Epoch [11/500], Train Loss: 0.1028, Val Loss: 0.0749
No improvement in validation loss for 2 epochs.
Epoch [12/500], Train Loss: 0.0982, Val Loss: 0.1141
No improvement in validation loss for 3 epochs.
Epoch [13/500], Train Loss: 0.0945, Val Loss: 0.0805
No improvement in validation loss for 4 epochs.
Epoch [14/500], Train Loss: 0.0941, Val Loss: 0.0654
Model improved
Epoch [15/500], Train Loss: 0.0895, Val Loss: 0.0861
No improvement in validation loss for 1 epochs.
Epoch [16/500], Train Loss: 0.0898, Val Loss: 0.0706
No improvement in validation loss for 2 epochs.
Epoch [17/500], Train Loss: 0.0875, Val Loss: 0.0667
No improvement in validation loss for 3 epochs.
Epoch [18/500], Train Loss: 0.0896, Val Loss: 0.0619
Model improved
Epoch [19/500], Train Loss: 0.0846, Val Loss: 0.0566
Model improved
Epoch [20/500], Train Loss: 0.0831, Val Loss: 0.0641
No improvement in validation loss for 1 epochs.
Epoch [21/500], Train Loss: 0.0812, Val Loss: 0.0722
No improvement in validation loss for 2 epochs.
Epoch [22/500], Train Loss: 0.0830, Val Loss: 0.0576
No improvement in validation loss for 3 epochs.
Epoch [23/500], Train Loss: 0.0777, Val Loss: 0.0520
Model improved
Epoch [24/500], Train Loss: 0.0818, Val Loss: 0.0635
No improvement in validation loss for 1 epochs.
Epoch [25/500], Train Loss: 0.0765, Val Loss: 0.0508
Model improved
Epoch [26/500], Train Loss: 0.0733, Val Loss: 0.0570
No improvement in validation loss for 1 epochs.
Epoch [27/500], Train Loss: 0.0744, Val Loss: 0.0534
No improvement in validation loss for 2 epochs.
Epoch [28/500], Train Loss: 0.0761, Val Loss: 0.0508
Model improved
Epoch [29/500], Train Loss: 0.0805, Val Loss: 0.0609
No improvement in validation loss for 1 epochs.
Epoch [30/500], Train Loss: 0.0735, Val Loss: 0.0533
No improvement in validation loss for 2 epochs.
Epoch [31/500], Train Loss: 0.0762, Val Loss: 0.0661
No improvement in validation loss for 3 epochs.
Epoch [32/500], Train Loss: 0.0730, Val Loss: 0.0517
No improvement in validation loss for 4 epochs.
Epoch [33/500], Train Loss: 0.0744, Val Loss: 0.0509
No improvement in validation loss for 5 epochs.
Epoch [34/500], Train Loss: 0.0705, Val Loss: 0.0485
Model improved
Epoch [35/500], Train Loss: 0.0732, Val Loss: 0.0472
Model improved
Epoch [36/500], Train Loss: 0.0703, Val Loss: 0.0512
No improvement in validation loss for 1 epochs.
Epoch [37/500], Train Loss: 0.0699, Val Loss: 0.0462
Model improved
Epoch [38/500], Train Loss: 0.0703, Val Loss: 0.0515
No improvement in validation loss for 1 epochs.
Epoch [39/500], Train Loss: 0.0685, Val Loss: 0.0471
No improvement in validation loss for 2 epochs.
Epoch [40/500], Train Loss: 0.0683, Val Loss: 0.0477
No improvement in validation loss for 3 epochs.
Epoch [41/500], Train Loss: 0.0718, Val Loss: 0.0484
No improvement in validation loss for 4 epochs.
Epoch [42/500], Train Loss: 0.0727, Val Loss: 0.0484
No improvement in validation loss for 5 epochs.
Epoch [43/500], Train Loss: 0.0723, Val Loss: 0.0620
No improvement in validation loss for 6 epochs.
Epoch [44/500], Train Loss: 0.0734, Val Loss: 0.0501
No improvement in validation loss for 7 epochs.
Epoch [45/500], Train Loss: 0.0710, Val Loss: 0.0494
No improvement in validation loss for 8 epochs.
Epoch [46/500], Train Loss: 0.0700, Val Loss: 0.0502
No improvement in validation loss for 9 epochs.
Epoch [47/500], Train Loss: 0.0691, Val Loss: 0.0467
No improvement in validation loss for 10 epochs.
Epoch [48/500], Train Loss: 0.0707, Val Loss: 0.0563
No improvement in validation loss for 11 epochs.
Epoch [49/500], Train Loss: 0.0717, Val Loss: 0.0562
No improvement in validation loss for 12 epochs.
Epoch [50/500], Train Loss: 0.0712, Val Loss: 0.0469
No improvement in validation loss for 13 epochs.
Epoch [51/500], Train Loss: 0.0704, Val Loss: 0.0488
No improvement in validation loss for 14 epochs.
Epoch [52/500], Train Loss: 0.0677, Val Loss: 0.0467
No improvement in validation loss for 15 epochs.
Epoch [53/500], Train Loss: 0.0713, Val Loss: 0.0442
Model improved
Epoch [54/500], Train Loss: 0.0673, Val Loss: 0.0491
No improvement in validation loss for 1 epochs.
Epoch [55/500], Train Loss: 0.0661, Val Loss: 0.0609
No improvement in validation loss for 2 epochs.
Epoch [56/500], Train Loss: 0.0693, Val Loss: 0.0639
No improvement in validation loss for 3 epochs.
Epoch [57/500], Train Loss: 0.0722, Val Loss: 0.0542
No improvement in validation loss for 4 epochs.
Epoch [58/500], Train Loss: 0.0670, Val Loss: 0.0504
No improvement in validation loss for 5 epochs.
Epoch [59/500], Train Loss: 0.0711, Val Loss: 0.0491
No improvement in validation loss for 6 epochs.
Epoch [60/500], Train Loss: 0.0703, Val Loss: 0.0473
No improvement in validation loss for 7 epochs.
Epoch [61/500], Train Loss: 0.0697, Val Loss: 0.0503
No improvement in validation loss for 8 epochs.
Epoch [62/500], Train Loss: 0.0712, Val Loss: 0.0461
No improvement in validation loss for 9 epochs.
Epoch [63/500], Train Loss: 0.0697, Val Loss: 0.0469
No improvement in validation loss for 10 epochs.
Epoch [64/500], Train Loss: 0.0682, Val Loss: 0.0465
No improvement in validation loss for 11 epochs.
Epoch [65/500], Train Loss: 0.0676, Val Loss: 0.0462
No improvement in validation loss for 12 epochs.
Epoch [66/500], Train Loss: 0.0665, Val Loss: 0.0472
No improvement in validation loss for 13 epochs.
Epoch [67/500], Train Loss: 0.0666, Val Loss: 0.0446
No improvement in validation loss for 14 epochs.
Epoch [68/500], Train Loss: 0.0696, Val Loss: 0.0534
No improvement in validation loss for 15 epochs.
Epoch [69/500], Train Loss: 0.0675, Val Loss: 0.0468
No improvement in validation loss for 16 epochs.
Epoch [70/500], Train Loss: 0.0676, Val Loss: 0.0558
No improvement in validation loss for 17 epochs.
Epoch [71/500], Train Loss: 0.0657, Val Loss: 0.0648
No improvement in validation loss for 18 epochs.
Epoch [72/500], Train Loss: 0.0653, Val Loss: 0.0512
No improvement in validation loss for 19 epochs.
Epoch [73/500], Train Loss: 0.0689, Val Loss: 0.0518
No improvement in validation loss for 20 epochs.
Early stopping after 20 epochs without improvement.
Best validation loss: 0.0442
Model saved to /home/crackscope/Road-Anomaly-Detector/road_anomaly_detector/main/model/model_files/UNET_forest_lr0001_b4_p20_e500_bce/model.pth
Loss plot saved to /home/crackscope/Road-Anomaly-Detector/road_anomaly_detector/main/model/model_files/UNET_forest_lr0001_b4_p20_e500_bce/loss_plot.png
