Training with argumentation
Images min: 0.0 Images max: 0.9411764740943909
Mask min: 0.0 Mask max: 1.0
Using tversky with alpha: 0.3 and beta: 0.7

==================================================
Trainer Configuration
==================================================
{   'Best Validation Loss': inf,
    'Device': device(type='cuda'),
    'Learning Rate': 0.001,
    'Loss Function': 'loss_fn',
    'Loss Save Path': '/home/crackscope/Road-Anomaly-Detector/road_anomaly_detector/main/model/model_files/UNET_cracktree200_lr0001_b4_p20_e500_tversky/loss_plot.png',
    'Model Save Path': '/home/crackscope/Road-Anomaly-Detector/road_anomaly_detector/main/model/model_files/UNET_cracktree200_lr0001_b4_p20_e500_tversky/model.pth',
    'Number of Epochs': 500,
    'Optimizer': 'Adam (\n'
                 'Parameter Group 0\n'
                 '    amsgrad: False\n'
                 '    betas: (0.9, 0.999)\n'
                 '    capturable: False\n'
                 '    differentiable: False\n'
                 '    eps: 1e-08\n'
                 '    foreach: None\n'
                 '    fused: None\n'
                 '    lr: 0.001\n'
                 '    maximize: False\n'
                 '    weight_decay: 0\n'
                 ')',
    'Patience': 20}
==================================================

Epoch [1/500], Train Loss: 0.8380, Val Loss: 0.9230
Model improved
Epoch [2/500], Train Loss: 0.7321, Val Loss: 0.7414
Model improved
Epoch [3/500], Train Loss: 0.6241, Val Loss: 0.6044
Model improved
Epoch [4/500], Train Loss: 0.5281, Val Loss: 0.5767
Model improved
Epoch [5/500], Train Loss: 0.5123, Val Loss: 0.5803
No improvement in validation loss for 1 epochs.
Epoch [6/500], Train Loss: 0.4947, Val Loss: 0.5585
Model improved
Epoch [7/500], Train Loss: 0.4838, Val Loss: 0.5173
Model improved
Epoch [8/500], Train Loss: 0.4800, Val Loss: 0.4778
Model improved
Epoch [9/500], Train Loss: 0.4724, Val Loss: 0.4862
No improvement in validation loss for 1 epochs.
Epoch [10/500], Train Loss: 0.4720, Val Loss: 0.4943
No improvement in validation loss for 2 epochs.
Epoch [11/500], Train Loss: 0.4651, Val Loss: 0.4635
Model improved
Epoch [12/500], Train Loss: 0.4616, Val Loss: 0.4784
No improvement in validation loss for 1 epochs.
Epoch [13/500], Train Loss: 0.4634, Val Loss: 0.4860
No improvement in validation loss for 2 epochs.
Epoch [14/500], Train Loss: 0.4573, Val Loss: 0.4745
No improvement in validation loss for 3 epochs.
Epoch [15/500], Train Loss: 0.4598, Val Loss: 0.4661
No improvement in validation loss for 4 epochs.
Epoch [16/500], Train Loss: 0.4531, Val Loss: 0.4655
No improvement in validation loss for 5 epochs.
Epoch [17/500], Train Loss: 0.4561, Val Loss: 0.4881
No improvement in validation loss for 6 epochs.
Epoch [18/500], Train Loss: 0.4587, Val Loss: 0.4639
No improvement in validation loss for 7 epochs.
Epoch [19/500], Train Loss: 0.4549, Val Loss: 0.4770
No improvement in validation loss for 8 epochs.
Epoch [20/500], Train Loss: 0.4598, Val Loss: 0.4663
No improvement in validation loss for 9 epochs.
Epoch [21/500], Train Loss: 0.4555, Val Loss: 0.4652
No improvement in validation loss for 10 epochs.
Epoch [22/500], Train Loss: 0.4545, Val Loss: 0.4613
Model improved
Epoch [23/500], Train Loss: 0.4570, Val Loss: 0.4779
No improvement in validation loss for 1 epochs.
Epoch [24/500], Train Loss: 0.4527, Val Loss: 0.4606
Model improved
Epoch [25/500], Train Loss: 0.4510, Val Loss: 0.4449
Model improved
Epoch [26/500], Train Loss: 0.4527, Val Loss: 0.4457
No improvement in validation loss for 1 epochs.
Epoch [27/500], Train Loss: 0.4493, Val Loss: 0.4637
No improvement in validation loss for 2 epochs.
Epoch [28/500], Train Loss: 0.4518, Val Loss: 0.4478
No improvement in validation loss for 3 epochs.
Epoch [29/500], Train Loss: 0.4501, Val Loss: 0.4631
No improvement in validation loss for 4 epochs.
Epoch [30/500], Train Loss: 0.4445, Val Loss: 0.4534
No improvement in validation loss for 5 epochs.
Epoch [31/500], Train Loss: 0.4493, Val Loss: 0.4586
No improvement in validation loss for 6 epochs.
Epoch [32/500], Train Loss: 0.4460, Val Loss: 0.4539
No improvement in validation loss for 7 epochs.
Epoch [33/500], Train Loss: 0.4416, Val Loss: 0.4434
Model improved
Epoch [34/500], Train Loss: 0.4507, Val Loss: 0.4554
No improvement in validation loss for 1 epochs.
Epoch [35/500], Train Loss: 0.4481, Val Loss: 0.4438
No improvement in validation loss for 2 epochs.
Epoch [36/500], Train Loss: 0.4472, Val Loss: 0.4538
No improvement in validation loss for 3 epochs.
Epoch [37/500], Train Loss: 0.4411, Val Loss: 0.4497
No improvement in validation loss for 4 epochs.
Epoch [38/500], Train Loss: 0.4442, Val Loss: 0.4526
No improvement in validation loss for 5 epochs.
Epoch [39/500], Train Loss: 0.4412, Val Loss: 0.4540
No improvement in validation loss for 6 epochs.
Epoch [40/500], Train Loss: 0.4433, Val Loss: 0.4446
No improvement in validation loss for 7 epochs.
Epoch [41/500], Train Loss: 0.4416, Val Loss: 0.4448
No improvement in validation loss for 8 epochs.
Epoch [42/500], Train Loss: 0.4431, Val Loss: 0.4476
No improvement in validation loss for 9 epochs.
Epoch [43/500], Train Loss: 0.4434, Val Loss: 0.4488
No improvement in validation loss for 10 epochs.
Epoch [44/500], Train Loss: 0.4408, Val Loss: 0.4402
Model improved
Epoch [45/500], Train Loss: 0.4460, Val Loss: 0.4494
No improvement in validation loss for 1 epochs.
Epoch [46/500], Train Loss: 0.4449, Val Loss: 0.4418
No improvement in validation loss for 2 epochs.
Epoch [47/500], Train Loss: 0.4433, Val Loss: 0.4424
No improvement in validation loss for 3 epochs.
Epoch [48/500], Train Loss: 0.4413, Val Loss: 0.4409
No improvement in validation loss for 4 epochs.
Epoch [49/500], Train Loss: 0.4419, Val Loss: 0.4682
No improvement in validation loss for 5 epochs.
Epoch [50/500], Train Loss: 0.4430, Val Loss: 0.4473
No improvement in validation loss for 6 epochs.
Epoch [51/500], Train Loss: 0.4394, Val Loss: 0.4384
Model improved
Epoch [52/500], Train Loss: 0.4428, Val Loss: 0.4486
No improvement in validation loss for 1 epochs.
Epoch [53/500], Train Loss: 0.4425, Val Loss: 0.4418
No improvement in validation loss for 2 epochs.
Epoch [54/500], Train Loss: 0.4424, Val Loss: 0.4402
No improvement in validation loss for 3 epochs.
Epoch [55/500], Train Loss: 0.4415, Val Loss: 0.4436
No improvement in validation loss for 4 epochs.
Epoch [56/500], Train Loss: 0.4405, Val Loss: 0.4445
No improvement in validation loss for 5 epochs.
Epoch [57/500], Train Loss: 0.4411, Val Loss: 0.4423
No improvement in validation loss for 6 epochs.
Epoch [58/500], Train Loss: 0.4375, Val Loss: 0.4486
No improvement in validation loss for 7 epochs.
Epoch [59/500], Train Loss: 0.4382, Val Loss: 0.4378
Model improved
Epoch [60/500], Train Loss: 0.4387, Val Loss: 0.4518
No improvement in validation loss for 1 epochs.
Epoch [61/500], Train Loss: 0.4427, Val Loss: 0.4447
No improvement in validation loss for 2 epochs.
Epoch [62/500], Train Loss: 0.4432, Val Loss: 0.4456
No improvement in validation loss for 3 epochs.
Epoch [63/500], Train Loss: 0.4408, Val Loss: 0.4458
No improvement in validation loss for 4 epochs.
Epoch [64/500], Train Loss: 0.4387, Val Loss: 0.4403
No improvement in validation loss for 5 epochs.
Epoch [65/500], Train Loss: 0.4383, Val Loss: 0.4485
No improvement in validation loss for 6 epochs.
Epoch [66/500], Train Loss: 0.4390, Val Loss: 0.4461
No improvement in validation loss for 7 epochs.
Epoch [67/500], Train Loss: 0.4372, Val Loss: 0.4340
Model improved
Epoch [68/500], Train Loss: 0.4360, Val Loss: 0.4460
No improvement in validation loss for 1 epochs.
Epoch [69/500], Train Loss: 0.4394, Val Loss: 0.4428
No improvement in validation loss for 2 epochs.
Epoch [70/500], Train Loss: 0.4341, Val Loss: 0.4473
No improvement in validation loss for 3 epochs.
Epoch [71/500], Train Loss: 0.4375, Val Loss: 0.4537
No improvement in validation loss for 4 epochs.
Epoch [72/500], Train Loss: 0.4392, Val Loss: 0.4438
No improvement in validation loss for 5 epochs.
Epoch [73/500], Train Loss: 0.4354, Val Loss: 0.4669
No improvement in validation loss for 6 epochs.
Epoch [74/500], Train Loss: 0.4384, Val Loss: 0.4503
No improvement in validation loss for 7 epochs.
Epoch [75/500], Train Loss: 0.4356, Val Loss: 0.4602
No improvement in validation loss for 8 epochs.
Epoch [76/500], Train Loss: 0.4357, Val Loss: 0.4396
No improvement in validation loss for 9 epochs.
Epoch [77/500], Train Loss: 0.4347, Val Loss: 0.4376
No improvement in validation loss for 10 epochs.
Epoch [78/500], Train Loss: 0.4357, Val Loss: 0.4347
No improvement in validation loss for 11 epochs.
Epoch [79/500], Train Loss: 0.4319, Val Loss: 0.4689
No improvement in validation loss for 12 epochs.
Epoch [80/500], Train Loss: 0.4423, Val Loss: 0.4349
No improvement in validation loss for 13 epochs.
Epoch [81/500], Train Loss: 0.4365, Val Loss: 0.4360
No improvement in validation loss for 14 epochs.
Epoch [82/500], Train Loss: 0.4351, Val Loss: 0.4386
No improvement in validation loss for 15 epochs.
Epoch [83/500], Train Loss: 0.4386, Val Loss: 0.4360
No improvement in validation loss for 16 epochs.
Epoch [84/500], Train Loss: 0.4397, Val Loss: 0.4509
No improvement in validation loss for 17 epochs.
Epoch [85/500], Train Loss: 0.4352, Val Loss: 0.4412
No improvement in validation loss for 18 epochs.
Epoch [86/500], Train Loss: 0.4349, Val Loss: 0.4468
No improvement in validation loss for 19 epochs.
Epoch [87/500], Train Loss: 0.4350, Val Loss: 0.4431
No improvement in validation loss for 20 epochs.
Early stopping after 20 epochs without improvement.
Best validation loss: 0.4340
Model saved to /home/crackscope/Road-Anomaly-Detector/road_anomaly_detector/main/model/model_files/UNET_cracktree200_lr0001_b4_p20_e500_tversky/model.pth
Loss plot saved to /home/crackscope/Road-Anomaly-Detector/road_anomaly_detector/main/model/model_files/UNET_cracktree200_lr0001_b4_p20_e500_tversky/loss_plot.png
