Training with argumentation
Images min: 0.250980406999588 Images max: 1.0
Mask min: 0.0 Mask max: 1.0
Using Focal with alpha: 0.25 and gamma: 2.0

==================================================
Trainer Configuration
==================================================
{   'Best Validation Loss': inf,
    'Device': device(type='cuda'),
    'Learning Rate': 0.001,
    'Loss Function': 'fl_loss',
    'Loss Save Path': '/home/crackscope/Road-Anomaly-Detector/road_anomaly_detector/main/model/model_files/UNET_forest_lr0001_b4_p20_e500_focal/loss_plot.png',
    'Model Save Path': '/home/crackscope/Road-Anomaly-Detector/road_anomaly_detector/main/model/model_files/UNET_forest_lr0001_b4_p20_e500_focal/model.pth',
    'Number of Epochs': 500,
    'Optimizer': 'Adam (\n'
                 'Parameter Group 0\n'
                 '    amsgrad: False\n'
                 '    betas: (0.9, 0.999)\n'
                 '    capturable: False\n'
                 '    differentiable: False\n'
                 '    eps: 1e-08\n'
                 '    foreach: None\n'
                 '    fused: None\n'
                 '    lr: 0.001\n'
                 '    maximize: False\n'
                 '    weight_decay: 0\n'
                 ')',
    'Patience': 20}
==================================================

Epoch [1/500], Train Loss: 0.1551, Val Loss: 0.1051
Model improved
Epoch [2/500], Train Loss: 0.0857, Val Loss: 0.0613
Model improved
Epoch [3/500], Train Loss: 0.0710, Val Loss: 0.0855
No improvement in validation loss for 1 epochs.
Epoch [4/500], Train Loss: 0.0750, Val Loss: 0.0933
No improvement in validation loss for 2 epochs.
Epoch [5/500], Train Loss: 0.0663, Val Loss: 0.0593
Model improved
Epoch [6/500], Train Loss: 0.0655, Val Loss: 0.1057
No improvement in validation loss for 1 epochs.
Epoch [7/500], Train Loss: 0.0623, Val Loss: 0.0407
Model improved
Epoch [8/500], Train Loss: 0.0585, Val Loss: 0.1032
No improvement in validation loss for 1 epochs.
Epoch [9/500], Train Loss: 0.0579, Val Loss: 0.0376
Model improved
Epoch [10/500], Train Loss: 0.0559, Val Loss: 0.0481
No improvement in validation loss for 1 epochs.
Epoch [11/500], Train Loss: 0.0519, Val Loss: 0.0385
No improvement in validation loss for 2 epochs.
Epoch [12/500], Train Loss: 0.0544, Val Loss: 0.0559
No improvement in validation loss for 3 epochs.
Epoch [13/500], Train Loss: 0.0582, Val Loss: 0.0411
No improvement in validation loss for 4 epochs.
Epoch [14/500], Train Loss: 0.0541, Val Loss: 0.1419
No improvement in validation loss for 5 epochs.
Epoch [15/500], Train Loss: 0.0523, Val Loss: 0.0390
No improvement in validation loss for 6 epochs.
Epoch [16/500], Train Loss: 0.0526, Val Loss: 0.1703
No improvement in validation loss for 7 epochs.
Epoch [17/500], Train Loss: 0.0525, Val Loss: 0.0721
No improvement in validation loss for 8 epochs.
Epoch [18/500], Train Loss: 0.0509, Val Loss: 0.0508
No improvement in validation loss for 9 epochs.
Epoch [19/500], Train Loss: 0.0506, Val Loss: 0.0491
No improvement in validation loss for 10 epochs.
Epoch [20/500], Train Loss: 0.0495, Val Loss: 0.0387
No improvement in validation loss for 11 epochs.
Epoch [21/500], Train Loss: 0.0474, Val Loss: 0.0334
Model improved
Epoch [22/500], Train Loss: 0.0459, Val Loss: 0.0415
No improvement in validation loss for 1 epochs.
Epoch [23/500], Train Loss: 0.0454, Val Loss: 0.0274
Model improved
Epoch [24/500], Train Loss: 0.0455, Val Loss: 0.0287
No improvement in validation loss for 1 epochs.
Epoch [25/500], Train Loss: 0.0455, Val Loss: 0.0495
No improvement in validation loss for 2 epochs.
Epoch [26/500], Train Loss: 0.0526, Val Loss: 0.0354
No improvement in validation loss for 3 epochs.
Epoch [27/500], Train Loss: 0.0427, Val Loss: 0.0282
No improvement in validation loss for 4 epochs.
Epoch [28/500], Train Loss: 0.0439, Val Loss: 0.0336
No improvement in validation loss for 5 epochs.
Epoch [29/500], Train Loss: 0.0463, Val Loss: 0.0324
No improvement in validation loss for 6 epochs.
Epoch [30/500], Train Loss: 0.0431, Val Loss: 0.0299
No improvement in validation loss for 7 epochs.
Epoch [31/500], Train Loss: 0.0422, Val Loss: 0.0323
No improvement in validation loss for 8 epochs.
Epoch [32/500], Train Loss: 0.0405, Val Loss: 0.0300
No improvement in validation loss for 9 epochs.
Epoch [33/500], Train Loss: 0.0406, Val Loss: 0.0304
No improvement in validation loss for 10 epochs.
Epoch [34/500], Train Loss: 0.0396, Val Loss: 0.0291
No improvement in validation loss for 11 epochs.
Epoch [35/500], Train Loss: 0.0405, Val Loss: 0.0270
Model improved
Epoch [36/500], Train Loss: 0.0407, Val Loss: 0.0340
No improvement in validation loss for 1 epochs.
Epoch [37/500], Train Loss: 0.0411, Val Loss: 0.0452
No improvement in validation loss for 2 epochs.
Epoch [38/500], Train Loss: 0.0377, Val Loss: 0.0245
Model improved
Epoch [39/500], Train Loss: 0.0403, Val Loss: 0.0275
No improvement in validation loss for 1 epochs.
Epoch [40/500], Train Loss: 0.0417, Val Loss: 0.0302
No improvement in validation loss for 2 epochs.
Epoch [41/500], Train Loss: 0.0387, Val Loss: 0.0323
No improvement in validation loss for 3 epochs.
Epoch [42/500], Train Loss: 0.0378, Val Loss: 0.0240
Model improved
Epoch [43/500], Train Loss: 0.0403, Val Loss: 0.0259
No improvement in validation loss for 1 epochs.
Epoch [44/500], Train Loss: 0.0387, Val Loss: 0.0267
No improvement in validation loss for 2 epochs.
Epoch [45/500], Train Loss: 0.0384, Val Loss: 0.0255
No improvement in validation loss for 3 epochs.
Epoch [46/500], Train Loss: 0.0404, Val Loss: 0.0257
No improvement in validation loss for 4 epochs.
Epoch [47/500], Train Loss: 0.0382, Val Loss: 0.0246
No improvement in validation loss for 5 epochs.
Epoch [48/500], Train Loss: 0.0384, Val Loss: 0.0242
No improvement in validation loss for 6 epochs.
Epoch [49/500], Train Loss: 0.0385, Val Loss: 0.0295
No improvement in validation loss for 7 epochs.
Epoch [50/500], Train Loss: 0.0384, Val Loss: 0.0248
No improvement in validation loss for 8 epochs.
Epoch [51/500], Train Loss: 0.0391, Val Loss: 0.0281
No improvement in validation loss for 9 epochs.
Epoch [52/500], Train Loss: 0.0372, Val Loss: 0.0246
No improvement in validation loss for 10 epochs.
Epoch [53/500], Train Loss: 0.0360, Val Loss: 0.0241
No improvement in validation loss for 11 epochs.
Epoch [54/500], Train Loss: 0.0365, Val Loss: 0.0248
No improvement in validation loss for 12 epochs.
Epoch [55/500], Train Loss: 0.0373, Val Loss: 0.0248
No improvement in validation loss for 13 epochs.
Epoch [56/500], Train Loss: 0.0375, Val Loss: 0.0238
Model improved
Epoch [57/500], Train Loss: 0.0387, Val Loss: 0.0318
No improvement in validation loss for 1 epochs.
Epoch [58/500], Train Loss: 0.0382, Val Loss: 0.0331
No improvement in validation loss for 2 epochs.
Epoch [59/500], Train Loss: 0.0421, Val Loss: 0.0310
No improvement in validation loss for 3 epochs.
Epoch [60/500], Train Loss: 0.0386, Val Loss: 0.0295
No improvement in validation loss for 4 epochs.
Epoch [61/500], Train Loss: 0.0413, Val Loss: 0.0238
Model improved
Epoch [62/500], Train Loss: 0.0399, Val Loss: 0.0309
No improvement in validation loss for 1 epochs.
Epoch [63/500], Train Loss: 0.0381, Val Loss: 0.0250
No improvement in validation loss for 2 epochs.
Epoch [64/500], Train Loss: 0.0373, Val Loss: 0.0242
No improvement in validation loss for 3 epochs.
Epoch [65/500], Train Loss: 0.0379, Val Loss: 0.0241
No improvement in validation loss for 4 epochs.
Epoch [66/500], Train Loss: 0.0370, Val Loss: 0.0249
No improvement in validation loss for 5 epochs.
Epoch [67/500], Train Loss: 0.0365, Val Loss: 0.0253
No improvement in validation loss for 6 epochs.
Epoch [68/500], Train Loss: 0.0371, Val Loss: 0.0236
Model improved
Epoch [69/500], Train Loss: 0.0363, Val Loss: 0.0241
No improvement in validation loss for 1 epochs.
Epoch [70/500], Train Loss: 0.0375, Val Loss: 0.0261
No improvement in validation loss for 2 epochs.
Epoch [71/500], Train Loss: 0.0367, Val Loss: 0.0248
No improvement in validation loss for 3 epochs.
Epoch [72/500], Train Loss: 0.0357, Val Loss: 0.0311
No improvement in validation loss for 4 epochs.
Epoch [73/500], Train Loss: 0.0366, Val Loss: 0.0250
No improvement in validation loss for 5 epochs.
Epoch [74/500], Train Loss: 0.0371, Val Loss: 0.0321
No improvement in validation loss for 6 epochs.
Epoch [75/500], Train Loss: 0.0366, Val Loss: 0.0247
No improvement in validation loss for 7 epochs.
Epoch [76/500], Train Loss: 0.0360, Val Loss: 0.0238
No improvement in validation loss for 8 epochs.
Epoch [77/500], Train Loss: 0.0375, Val Loss: 0.0289
No improvement in validation loss for 9 epochs.
Epoch [78/500], Train Loss: 0.0371, Val Loss: 0.0247
No improvement in validation loss for 10 epochs.
Epoch [79/500], Train Loss: 0.0349, Val Loss: 0.0236
Model improved
Epoch [80/500], Train Loss: 0.0353, Val Loss: 0.0256
No improvement in validation loss for 1 epochs.
Epoch [81/500], Train Loss: 0.0358, Val Loss: 0.0292
No improvement in validation loss for 2 epochs.
Epoch [82/500], Train Loss: 0.0342, Val Loss: 0.0324
No improvement in validation loss for 3 epochs.
Epoch [83/500], Train Loss: 0.0352, Val Loss: 0.0258
No improvement in validation loss for 4 epochs.
Epoch [84/500], Train Loss: 0.0363, Val Loss: 0.0239
No improvement in validation loss for 5 epochs.
Epoch [85/500], Train Loss: 0.0346, Val Loss: 0.0281
No improvement in validation loss for 6 epochs.
Epoch [86/500], Train Loss: 0.0372, Val Loss: 0.0255
No improvement in validation loss for 7 epochs.
Epoch [87/500], Train Loss: 0.0349, Val Loss: 0.0258
No improvement in validation loss for 8 epochs.
Epoch [88/500], Train Loss: 0.0355, Val Loss: 0.0241
No improvement in validation loss for 9 epochs.
Epoch [89/500], Train Loss: 0.0377, Val Loss: 0.0243
No improvement in validation loss for 10 epochs.
Epoch [90/500], Train Loss: 0.0350, Val Loss: 0.0275
No improvement in validation loss for 11 epochs.
Epoch [91/500], Train Loss: 0.0355, Val Loss: 0.0254
No improvement in validation loss for 12 epochs.
Epoch [92/500], Train Loss: 0.0359, Val Loss: 0.0251
No improvement in validation loss for 13 epochs.
Epoch [93/500], Train Loss: 0.0368, Val Loss: 0.0843
No improvement in validation loss for 14 epochs.
Epoch [94/500], Train Loss: 0.0375, Val Loss: 0.0283
No improvement in validation loss for 15 epochs.
Epoch [95/500], Train Loss: 0.0362, Val Loss: 0.0263
No improvement in validation loss for 16 epochs.
Epoch [96/500], Train Loss: 0.0370, Val Loss: 0.0287
No improvement in validation loss for 17 epochs.
Epoch [97/500], Train Loss: 0.0364, Val Loss: 0.0269
No improvement in validation loss for 18 epochs.
Epoch [98/500], Train Loss: 0.0365, Val Loss: 0.0249
No improvement in validation loss for 19 epochs.
Epoch [99/500], Train Loss: 0.0348, Val Loss: 0.0264
No improvement in validation loss for 20 epochs.
Early stopping after 20 epochs without improvement.
Best validation loss: 0.0236
Model saved to /home/crackscope/Road-Anomaly-Detector/road_anomaly_detector/main/model/model_files/UNET_forest_lr0001_b4_p20_e500_focal/model.pth
Loss plot saved to /home/crackscope/Road-Anomaly-Detector/road_anomaly_detector/main/model/model_files/UNET_forest_lr0001_b4_p20_e500_focal/loss_plot.png
