Training with argumentation
Images min: 0.0 Images max: 0.9882352948188782
Mask min: 0.0 Mask max: 1.0

==================================================
Trainer Configuration
==================================================
{   'Best Validation Loss': inf,
    'Device': device(type='cuda'),
    'Learning Rate': 0.001,
    'Loss Function': 'BCELoss()',
    'Loss Save Path': '/home/crackscope/Road-Anomaly-Detector/road_anomaly_detector/main/model/model_files/UNET_cracktree200_lr0001_b4_p20_e500_bce/loss_plot.png',
    'Model Save Path': '/home/crackscope/Road-Anomaly-Detector/road_anomaly_detector/main/model/model_files/UNET_cracktree200_lr0001_b4_p20_e500_bce/model.pth',
    'Number of Epochs': 500,
    'Optimizer': 'Adam (\n'
                 'Parameter Group 0\n'
                 '    amsgrad: False\n'
                 '    betas: (0.9, 0.999)\n'
                 '    capturable: False\n'
                 '    differentiable: False\n'
                 '    eps: 1e-08\n'
                 '    foreach: None\n'
                 '    fused: None\n'
                 '    lr: 0.001\n'
                 '    maximize: False\n'
                 '    weight_decay: 0\n'
                 ')',
    'Patience': 20}
==================================================

Epoch [1/500], Train Loss: 0.3881, Val Loss: 0.2900
Model improved
Epoch [2/500], Train Loss: 0.2100, Val Loss: 0.1516
Model improved
Epoch [3/500], Train Loss: 0.1520, Val Loss: 0.1145
Model improved
Epoch [4/500], Train Loss: 0.1294, Val Loss: 0.0964
Model improved
Epoch [5/500], Train Loss: 0.1174, Val Loss: 0.0887
Model improved
Epoch [6/500], Train Loss: 0.1120, Val Loss: 0.0997
No improvement in validation loss for 1 epochs.
Epoch [7/500], Train Loss: 0.1068, Val Loss: 0.0782
Model improved
Epoch [8/500], Train Loss: 0.1023, Val Loss: 0.0717
Model improved
Epoch [9/500], Train Loss: 0.0955, Val Loss: 0.0718
No improvement in validation loss for 1 epochs.
Epoch [10/500], Train Loss: 0.0904, Val Loss: 0.0717
Model improved
Epoch [11/500], Train Loss: 0.0875, Val Loss: 0.0697
Model improved
Epoch [12/500], Train Loss: 0.0826, Val Loss: 0.0611
Model improved
Epoch [13/500], Train Loss: 0.0804, Val Loss: 0.0702
No improvement in validation loss for 1 epochs.
Epoch [14/500], Train Loss: 0.0794, Val Loss: 0.0582
Model improved
Epoch [15/500], Train Loss: 0.0766, Val Loss: 0.0546
Model improved
Epoch [16/500], Train Loss: 0.0708, Val Loss: 0.0543
Model improved
Epoch [17/500], Train Loss: 0.0706, Val Loss: 0.0513
Model improved
Epoch [18/500], Train Loss: 0.0690, Val Loss: 0.0517
No improvement in validation loss for 1 epochs.
Epoch [19/500], Train Loss: 0.0710, Val Loss: 0.0502
Model improved
Epoch [20/500], Train Loss: 0.0684, Val Loss: 0.0494
Model improved
Epoch [21/500], Train Loss: 0.0661, Val Loss: 0.0475
Model improved
Epoch [22/500], Train Loss: 0.0667, Val Loss: 0.0631
No improvement in validation loss for 1 epochs.
Epoch [23/500], Train Loss: 0.0660, Val Loss: 0.0462
Model improved
Epoch [24/500], Train Loss: 0.0643, Val Loss: 0.0495
No improvement in validation loss for 1 epochs.
Epoch [25/500], Train Loss: 0.0648, Val Loss: 0.0486
No improvement in validation loss for 2 epochs.
Epoch [26/500], Train Loss: 0.0640, Val Loss: 0.0470
No improvement in validation loss for 3 epochs.
Epoch [27/500], Train Loss: 0.0635, Val Loss: 0.0465
No improvement in validation loss for 4 epochs.
Epoch [28/500], Train Loss: 0.0634, Val Loss: 0.0478
No improvement in validation loss for 5 epochs.
Epoch [29/500], Train Loss: 0.0628, Val Loss: 0.0476
No improvement in validation loss for 6 epochs.
Epoch [30/500], Train Loss: 0.0635, Val Loss: 0.0469
No improvement in validation loss for 7 epochs.
Epoch [31/500], Train Loss: 0.0630, Val Loss: 0.0457
Model improved
Epoch [32/500], Train Loss: 0.0631, Val Loss: 0.0462
No improvement in validation loss for 1 epochs.
Epoch [33/500], Train Loss: 0.0621, Val Loss: 0.0448
Model improved
Epoch [34/500], Train Loss: 0.0629, Val Loss: 0.0460
No improvement in validation loss for 1 epochs.
Epoch [35/500], Train Loss: 0.0622, Val Loss: 0.0458
No improvement in validation loss for 2 epochs.
Epoch [36/500], Train Loss: 0.0622, Val Loss: 0.0464
No improvement in validation loss for 3 epochs.
Epoch [37/500], Train Loss: 0.0633, Val Loss: 0.0455
No improvement in validation loss for 4 epochs.
Epoch [38/500], Train Loss: 0.0622, Val Loss: 0.0463
No improvement in validation loss for 5 epochs.
Epoch [39/500], Train Loss: 0.0620, Val Loss: 0.0461
No improvement in validation loss for 6 epochs.
Epoch [40/500], Train Loss: 0.0622, Val Loss: 0.0452
No improvement in validation loss for 7 epochs.
Epoch [41/500], Train Loss: 0.0615, Val Loss: 0.0455
No improvement in validation loss for 8 epochs.
Epoch [42/500], Train Loss: 0.0627, Val Loss: 0.0444
Model improved
Epoch [43/500], Train Loss: 0.0611, Val Loss: 0.0459
No improvement in validation loss for 1 epochs.
Epoch [44/500], Train Loss: 0.0597, Val Loss: 0.0451
No improvement in validation loss for 2 epochs.
Epoch [45/500], Train Loss: 0.0616, Val Loss: 0.0443
Model improved
Epoch [46/500], Train Loss: 0.0614, Val Loss: 0.0452
No improvement in validation loss for 1 epochs.
Epoch [47/500], Train Loss: 0.0598, Val Loss: 0.0474
No improvement in validation loss for 2 epochs.
Epoch [48/500], Train Loss: 0.0605, Val Loss: 0.0449
No improvement in validation loss for 3 epochs.
Epoch [49/500], Train Loss: 0.0604, Val Loss: 0.0454
No improvement in validation loss for 4 epochs.
Epoch [50/500], Train Loss: 0.0603, Val Loss: 0.0516
No improvement in validation loss for 5 epochs.
Epoch [51/500], Train Loss: 0.0611, Val Loss: 0.0438
Model improved
Epoch [52/500], Train Loss: 0.0600, Val Loss: 0.0431
Model improved
Epoch [53/500], Train Loss: 0.0606, Val Loss: 0.0445
No improvement in validation loss for 1 epochs.
Epoch [54/500], Train Loss: 0.0612, Val Loss: 0.0438
No improvement in validation loss for 2 epochs.
Epoch [55/500], Train Loss: 0.0614, Val Loss: 0.0445
No improvement in validation loss for 3 epochs.
Epoch [56/500], Train Loss: 0.0615, Val Loss: 0.0454
No improvement in validation loss for 4 epochs.
Epoch [57/500], Train Loss: 0.0601, Val Loss: 0.0438
No improvement in validation loss for 5 epochs.
Epoch [58/500], Train Loss: 0.0604, Val Loss: 0.0449
No improvement in validation loss for 6 epochs.
Epoch [59/500], Train Loss: 0.0589, Val Loss: 0.0456
No improvement in validation loss for 7 epochs.
Epoch [60/500], Train Loss: 0.0602, Val Loss: 0.0439
No improvement in validation loss for 8 epochs.
Epoch [61/500], Train Loss: 0.0595, Val Loss: 0.0437
No improvement in validation loss for 9 epochs.
Epoch [62/500], Train Loss: 0.0585, Val Loss: 0.0449
No improvement in validation loss for 10 epochs.
Epoch [63/500], Train Loss: 0.0594, Val Loss: 0.0441
No improvement in validation loss for 11 epochs.
Epoch [64/500], Train Loss: 0.0592, Val Loss: 0.0446
No improvement in validation loss for 12 epochs.
Epoch [65/500], Train Loss: 0.0598, Val Loss: 0.0448
No improvement in validation loss for 13 epochs.
Epoch [66/500], Train Loss: 0.0603, Val Loss: 0.0436
No improvement in validation loss for 14 epochs.
Epoch [67/500], Train Loss: 0.0591, Val Loss: 0.0431
Model improved
Epoch [68/500], Train Loss: 0.0598, Val Loss: 0.0438
No improvement in validation loss for 1 epochs.
Epoch [69/500], Train Loss: 0.0582, Val Loss: 0.0429
Model improved
Epoch [70/500], Train Loss: 0.0602, Val Loss: 0.0445
No improvement in validation loss for 1 epochs.
Epoch [71/500], Train Loss: 0.0595, Val Loss: 0.0490
No improvement in validation loss for 2 epochs.
Epoch [72/500], Train Loss: 0.0595, Val Loss: 0.0449
No improvement in validation loss for 3 epochs.
Epoch [73/500], Train Loss: 0.0590, Val Loss: 0.0447
No improvement in validation loss for 4 epochs.
Epoch [74/500], Train Loss: 0.0589, Val Loss: 0.0440
No improvement in validation loss for 5 epochs.
Epoch [75/500], Train Loss: 0.0594, Val Loss: 0.0521
No improvement in validation loss for 6 epochs.
Epoch [76/500], Train Loss: 0.0611, Val Loss: 0.0440
No improvement in validation loss for 7 epochs.
Epoch [77/500], Train Loss: 0.0609, Val Loss: 0.0449
No improvement in validation loss for 8 epochs.
Epoch [78/500], Train Loss: 0.0591, Val Loss: 0.0433
No improvement in validation loss for 9 epochs.
Epoch [79/500], Train Loss: 0.0597, Val Loss: 0.0432
No improvement in validation loss for 10 epochs.
Epoch [80/500], Train Loss: 0.0596, Val Loss: 0.0431
No improvement in validation loss for 11 epochs.
Epoch [81/500], Train Loss: 0.0594, Val Loss: 0.0434
No improvement in validation loss for 12 epochs.
Epoch [82/500], Train Loss: 0.0595, Val Loss: 0.0436
No improvement in validation loss for 13 epochs.
Epoch [83/500], Train Loss: 0.0581, Val Loss: 0.0433
No improvement in validation loss for 14 epochs.
Epoch [84/500], Train Loss: 0.0593, Val Loss: 0.0451
No improvement in validation loss for 15 epochs.
Epoch [85/500], Train Loss: 0.0577, Val Loss: 0.0450
No improvement in validation loss for 16 epochs.
Epoch [86/500], Train Loss: 0.0597, Val Loss: 0.0433
No improvement in validation loss for 17 epochs.
Epoch [87/500], Train Loss: 0.0596, Val Loss: 0.0457
No improvement in validation loss for 18 epochs.
Epoch [88/500], Train Loss: 0.0593, Val Loss: 0.0432
No improvement in validation loss for 19 epochs.
Epoch [89/500], Train Loss: 0.0597, Val Loss: 0.0435
No improvement in validation loss for 20 epochs.
Early stopping after 20 epochs without improvement.
Best validation loss: 0.0429
Model saved to /home/crackscope/Road-Anomaly-Detector/road_anomaly_detector/main/model/model_files/UNET_cracktree200_lr0001_b4_p20_e500_bce/model.pth
Loss plot saved to /home/crackscope/Road-Anomaly-Detector/road_anomaly_detector/main/model/model_files/UNET_cracktree200_lr0001_b4_p20_e500_bce/loss_plot.png
