Training with argumentation
Images min: 0.0 Images max: 0.9882352948188782
Mask min: 0.0 Mask max: 1.0
Using Focal with alpha: 0.25 and gamma: 2.0

==================================================
Trainer Configuration
==================================================
{   'Best Validation Loss': inf,
    'Device': device(type='cuda'),
    'Learning Rate': 0.001,
    'Loss Function': 'fl_loss',
    'Loss Save Path': '/home/crackscope/Road-Anomaly-Detector/road_anomaly_detector/main/model/model_files/UNET_cracktree200_lr0001_b4_p20_e500_focal/loss_plot.png',
    'Model Save Path': '/home/crackscope/Road-Anomaly-Detector/road_anomaly_detector/main/model/model_files/UNET_cracktree200_lr0001_b4_p20_e500_focal/model.pth',
    'Number of Epochs': 500,
    'Optimizer': 'Adam (\n'
                 'Parameter Group 0\n'
                 '    amsgrad: False\n'
                 '    betas: (0.9, 0.999)\n'
                 '    capturable: False\n'
                 '    differentiable: False\n'
                 '    eps: 1e-08\n'
                 '    foreach: None\n'
                 '    fused: None\n'
                 '    lr: 0.001\n'
                 '    maximize: False\n'
                 '    weight_decay: 0\n'
                 ')',
    'Patience': 20}
==================================================

Epoch [1/500], Train Loss: 0.1633, Val Loss: 0.0682
Model improved
Epoch [2/500], Train Loss: 0.0719, Val Loss: 0.0600
Model improved
Epoch [3/500], Train Loss: 0.0651, Val Loss: 0.0572
Model improved
Epoch [4/500], Train Loss: 0.0632, Val Loss: 0.0599
No improvement in validation loss for 1 epochs.
Epoch [5/500], Train Loss: 0.0577, Val Loss: 0.0438
Model improved
Epoch [6/500], Train Loss: 0.0538, Val Loss: 0.0355
Model improved
Epoch [7/500], Train Loss: 0.0517, Val Loss: 0.0355
No improvement in validation loss for 1 epochs.
Epoch [8/500], Train Loss: 0.0490, Val Loss: 0.0352
Model improved
Epoch [9/500], Train Loss: 0.0458, Val Loss: 0.0337
Model improved
Epoch [10/500], Train Loss: 0.0446, Val Loss: 0.0316
Model improved
Epoch [11/500], Train Loss: 0.0416, Val Loss: 0.0302
Model improved
Epoch [12/500], Train Loss: 0.0396, Val Loss: 0.0290
Model improved
Epoch [13/500], Train Loss: 0.0401, Val Loss: 0.0284
Model improved
Epoch [14/500], Train Loss: 0.0374, Val Loss: 0.0287
No improvement in validation loss for 1 epochs.
Epoch [15/500], Train Loss: 0.0371, Val Loss: 0.0281
Model improved
Epoch [16/500], Train Loss: 0.0355, Val Loss: 0.0263
Model improved
Epoch [17/500], Train Loss: 0.0354, Val Loss: 0.0254
Model improved
Epoch [18/500], Train Loss: 0.0358, Val Loss: 0.0262
No improvement in validation loss for 1 epochs.
Epoch [19/500], Train Loss: 0.0348, Val Loss: 0.0262
No improvement in validation loss for 2 epochs.
Epoch [20/500], Train Loss: 0.0346, Val Loss: 0.0255
No improvement in validation loss for 3 epochs.
Epoch [21/500], Train Loss: 0.0350, Val Loss: 0.0308
No improvement in validation loss for 4 epochs.
Epoch [22/500], Train Loss: 0.0330, Val Loss: 0.0254
No improvement in validation loss for 5 epochs.
Epoch [23/500], Train Loss: 0.0338, Val Loss: 0.0261
No improvement in validation loss for 6 epochs.
Epoch [24/500], Train Loss: 0.0334, Val Loss: 0.0245
Model improved
Epoch [25/500], Train Loss: 0.0333, Val Loss: 0.0259
No improvement in validation loss for 1 epochs.
Epoch [26/500], Train Loss: 0.0344, Val Loss: 0.0319
No improvement in validation loss for 2 epochs.
Epoch [27/500], Train Loss: 0.0336, Val Loss: 0.0263
No improvement in validation loss for 3 epochs.
Epoch [28/500], Train Loss: 0.0335, Val Loss: 0.0258
No improvement in validation loss for 4 epochs.
Epoch [29/500], Train Loss: 0.0329, Val Loss: 0.0252
No improvement in validation loss for 5 epochs.
Epoch [30/500], Train Loss: 0.0328, Val Loss: 0.0242
Model improved
Epoch [31/500], Train Loss: 0.0325, Val Loss: 0.0271
No improvement in validation loss for 1 epochs.
Epoch [32/500], Train Loss: 0.0333, Val Loss: 0.0261
No improvement in validation loss for 2 epochs.
Epoch [33/500], Train Loss: 0.0327, Val Loss: 0.0244
No improvement in validation loss for 3 epochs.
Epoch [34/500], Train Loss: 0.0323, Val Loss: 0.0234
Model improved
Epoch [35/500], Train Loss: 0.0337, Val Loss: 0.0251
No improvement in validation loss for 1 epochs.
Epoch [36/500], Train Loss: 0.0329, Val Loss: 0.0243
No improvement in validation loss for 2 epochs.
Epoch [37/500], Train Loss: 0.0322, Val Loss: 0.0241
No improvement in validation loss for 3 epochs.
Epoch [38/500], Train Loss: 0.0321, Val Loss: 0.0241
No improvement in validation loss for 4 epochs.
Epoch [39/500], Train Loss: 0.0326, Val Loss: 0.0279
No improvement in validation loss for 5 epochs.
Epoch [40/500], Train Loss: 0.0325, Val Loss: 0.0247
No improvement in validation loss for 6 epochs.
Epoch [41/500], Train Loss: 0.0319, Val Loss: 0.0244
No improvement in validation loss for 7 epochs.
Epoch [42/500], Train Loss: 0.0318, Val Loss: 0.0249
No improvement in validation loss for 8 epochs.
Epoch [43/500], Train Loss: 0.0316, Val Loss: 0.0237
No improvement in validation loss for 9 epochs.
Epoch [44/500], Train Loss: 0.0314, Val Loss: 0.0249
No improvement in validation loss for 10 epochs.
Epoch [45/500], Train Loss: 0.0323, Val Loss: 0.0241
No improvement in validation loss for 11 epochs.
Epoch [46/500], Train Loss: 0.0310, Val Loss: 0.0237
No improvement in validation loss for 12 epochs.
Epoch [47/500], Train Loss: 0.0315, Val Loss: 0.0236
No improvement in validation loss for 13 epochs.
Epoch [48/500], Train Loss: 0.0322, Val Loss: 0.0239
No improvement in validation loss for 14 epochs.
Epoch [49/500], Train Loss: 0.0312, Val Loss: 0.0243
No improvement in validation loss for 15 epochs.
Epoch [50/500], Train Loss: 0.0312, Val Loss: 0.0234
Model improved
Epoch [51/500], Train Loss: 0.0322, Val Loss: 0.0237
No improvement in validation loss for 1 epochs.
Epoch [52/500], Train Loss: 0.0319, Val Loss: 0.0236
No improvement in validation loss for 2 epochs.
Epoch [53/500], Train Loss: 0.0320, Val Loss: 0.0238
No improvement in validation loss for 3 epochs.
Epoch [54/500], Train Loss: 0.0314, Val Loss: 0.0256
No improvement in validation loss for 4 epochs.
Epoch [55/500], Train Loss: 0.0324, Val Loss: 0.0240
No improvement in validation loss for 5 epochs.
Epoch [56/500], Train Loss: 0.0321, Val Loss: 0.0244
No improvement in validation loss for 6 epochs.
Epoch [57/500], Train Loss: 0.0315, Val Loss: 0.0240
No improvement in validation loss for 7 epochs.
Epoch [58/500], Train Loss: 0.0316, Val Loss: 0.0242
No improvement in validation loss for 8 epochs.
Epoch [59/500], Train Loss: 0.0311, Val Loss: 0.0246
No improvement in validation loss for 9 epochs.
Epoch [60/500], Train Loss: 0.0312, Val Loss: 0.0246
No improvement in validation loss for 10 epochs.
Epoch [61/500], Train Loss: 0.0321, Val Loss: 0.0238
No improvement in validation loss for 11 epochs.
Epoch [62/500], Train Loss: 0.0311, Val Loss: 0.0232
Model improved
Epoch [63/500], Train Loss: 0.0310, Val Loss: 0.0234
No improvement in validation loss for 1 epochs.
Epoch [64/500], Train Loss: 0.0313, Val Loss: 0.0238
No improvement in validation loss for 2 epochs.
Epoch [65/500], Train Loss: 0.0318, Val Loss: 0.0412
No improvement in validation loss for 3 epochs.
Epoch [66/500], Train Loss: 0.0325, Val Loss: 0.0241
No improvement in validation loss for 4 epochs.
Epoch [67/500], Train Loss: 0.0309, Val Loss: 0.0233
No improvement in validation loss for 5 epochs.
Epoch [68/500], Train Loss: 0.0310, Val Loss: 0.0234
No improvement in validation loss for 6 epochs.
Epoch [69/500], Train Loss: 0.0310, Val Loss: 0.0231
Model improved
Epoch [70/500], Train Loss: 0.0312, Val Loss: 0.0229
Model improved
Epoch [71/500], Train Loss: 0.0311, Val Loss: 0.0238
No improvement in validation loss for 1 epochs.
Epoch [72/500], Train Loss: 0.0308, Val Loss: 0.0227
Model improved
Epoch [73/500], Train Loss: 0.0310, Val Loss: 0.0224
Model improved
Epoch [74/500], Train Loss: 0.0312, Val Loss: 0.0229
No improvement in validation loss for 1 epochs.
Epoch [75/500], Train Loss: 0.0311, Val Loss: 0.0233
No improvement in validation loss for 2 epochs.
Epoch [76/500], Train Loss: 0.0303, Val Loss: 0.0227
No improvement in validation loss for 3 epochs.
Epoch [77/500], Train Loss: 0.0318, Val Loss: 0.0256
No improvement in validation loss for 4 epochs.
Epoch [78/500], Train Loss: 0.0318, Val Loss: 0.0239
No improvement in validation loss for 5 epochs.
Epoch [79/500], Train Loss: 0.0316, Val Loss: 0.0228
No improvement in validation loss for 6 epochs.
Epoch [80/500], Train Loss: 0.0306, Val Loss: 0.0225
No improvement in validation loss for 7 epochs.
Epoch [81/500], Train Loss: 0.0305, Val Loss: 0.0230
No improvement in validation loss for 8 epochs.
Epoch [82/500], Train Loss: 0.0313, Val Loss: 0.0236
No improvement in validation loss for 9 epochs.
Epoch [83/500], Train Loss: 0.0307, Val Loss: 0.0234
No improvement in validation loss for 10 epochs.
Epoch [84/500], Train Loss: 0.0302, Val Loss: 0.0228
No improvement in validation loss for 11 epochs.
Epoch [85/500], Train Loss: 0.0310, Val Loss: 0.0225
No improvement in validation loss for 12 epochs.
Epoch [86/500], Train Loss: 0.0310, Val Loss: 0.0228
No improvement in validation loss for 13 epochs.
Epoch [87/500], Train Loss: 0.0306, Val Loss: 0.0234
No improvement in validation loss for 14 epochs.
Epoch [88/500], Train Loss: 0.0310, Val Loss: 0.0252
No improvement in validation loss for 15 epochs.
Epoch [89/500], Train Loss: 0.0314, Val Loss: 0.0235
No improvement in validation loss for 16 epochs.
Epoch [90/500], Train Loss: 0.0305, Val Loss: 0.0230
No improvement in validation loss for 17 epochs.
Epoch [91/500], Train Loss: 0.0303, Val Loss: 0.0238
No improvement in validation loss for 18 epochs.
Epoch [92/500], Train Loss: 0.0312, Val Loss: 0.0244
No improvement in validation loss for 19 epochs.
Epoch [93/500], Train Loss: 0.0307, Val Loss: 0.0229
No improvement in validation loss for 20 epochs.
Early stopping after 20 epochs without improvement.
Best validation loss: 0.0224
Model saved to /home/crackscope/Road-Anomaly-Detector/road_anomaly_detector/main/model/model_files/UNET_cracktree200_lr0001_b4_p20_e500_focal/model.pth
Loss plot saved to /home/crackscope/Road-Anomaly-Detector/road_anomaly_detector/main/model/model_files/UNET_cracktree200_lr0001_b4_p20_e500_focal/loss_plot.png
