Training with argumentation
Images min: 0.0 Images max: 0.9725490212440491
Mask min: 0.0 Mask max: 1.0

==================================================
Trainer Configuration
==================================================
{   'Best Validation Loss': inf,
    'Device': device(type='cuda'),
    'Learning Rate': 0.001,
    'Loss Function': 'dice_loss',
    'Loss Save Path': '/home/crackscope/Road-Anomaly-Detector/road_anomaly_detector/main/model/model_files/UNET_cracktree200_lr0001_b4_p20_e500_dice/loss_plot.png',
    'Model Save Path': '/home/crackscope/Road-Anomaly-Detector/road_anomaly_detector/main/model/model_files/UNET_cracktree200_lr0001_b4_p20_e500_dice/model.pth',
    'Number of Epochs': 500,
    'Optimizer': 'Adam (\n'
                 'Parameter Group 0\n'
                 '    amsgrad: False\n'
                 '    betas: (0.9, 0.999)\n'
                 '    capturable: False\n'
                 '    differentiable: False\n'
                 '    eps: 1e-08\n'
                 '    foreach: None\n'
                 '    fused: None\n'
                 '    lr: 0.001\n'
                 '    maximize: False\n'
                 '    weight_decay: 0\n'
                 ')',
    'Patience': 20}
==================================================

Epoch [1/500], Train Loss: 0.8953, Val Loss: 0.7759
Model improved
Epoch [2/500], Train Loss: 0.8372, Val Loss: 0.8137
No improvement in validation loss for 1 epochs.
Epoch [3/500], Train Loss: 0.7769, Val Loss: 0.7979
No improvement in validation loss for 2 epochs.
Epoch [4/500], Train Loss: 0.7124, Val Loss: 0.6800
Model improved
Epoch [5/500], Train Loss: 0.6405, Val Loss: 0.5909
Model improved
Epoch [6/500], Train Loss: 0.5920, Val Loss: 0.5773
Model improved
Epoch [7/500], Train Loss: 0.5709, Val Loss: 0.5608
Model improved
Epoch [8/500], Train Loss: 0.5571, Val Loss: 0.6076
No improvement in validation loss for 1 epochs.
Epoch [9/500], Train Loss: 0.5592, Val Loss: 0.5583
Model improved
Epoch [10/500], Train Loss: 0.5503, Val Loss: 0.5619
No improvement in validation loss for 1 epochs.
Epoch [11/500], Train Loss: 0.5476, Val Loss: 0.5381
Model improved
Epoch [12/500], Train Loss: 0.5446, Val Loss: 0.5442
No improvement in validation loss for 1 epochs.
Epoch [13/500], Train Loss: 0.5434, Val Loss: 0.5376
Model improved
Epoch [14/500], Train Loss: 0.5399, Val Loss: 0.5397
No improvement in validation loss for 1 epochs.
Epoch [15/500], Train Loss: 0.5349, Val Loss: 0.5357
Model improved
Epoch [16/500], Train Loss: 0.5414, Val Loss: 0.5735
No improvement in validation loss for 1 epochs.
Epoch [17/500], Train Loss: 0.5389, Val Loss: 0.5278
Model improved
Epoch [18/500], Train Loss: 0.5401, Val Loss: 0.5354
No improvement in validation loss for 1 epochs.
Epoch [19/500], Train Loss: 0.5346, Val Loss: 0.5559
No improvement in validation loss for 2 epochs.
Epoch [20/500], Train Loss: 0.5361, Val Loss: 0.5515
No improvement in validation loss for 3 epochs.
Epoch [21/500], Train Loss: 0.5331, Val Loss: 0.5502
No improvement in validation loss for 4 epochs.
Epoch [22/500], Train Loss: 0.5335, Val Loss: 0.5355
No improvement in validation loss for 5 epochs.
Epoch [23/500], Train Loss: 0.5334, Val Loss: 0.5495
No improvement in validation loss for 6 epochs.
Epoch [24/500], Train Loss: 0.5323, Val Loss: 0.5451
No improvement in validation loss for 7 epochs.
Epoch [25/500], Train Loss: 0.5353, Val Loss: 0.5398
No improvement in validation loss for 8 epochs.
Epoch [26/500], Train Loss: 0.5326, Val Loss: 0.5663
No improvement in validation loss for 9 epochs.
Epoch [27/500], Train Loss: 0.5338, Val Loss: 0.5307
No improvement in validation loss for 10 epochs.
Epoch [28/500], Train Loss: 0.5334, Val Loss: 0.5313
No improvement in validation loss for 11 epochs.
Epoch [29/500], Train Loss: 0.5271, Val Loss: 0.5279
No improvement in validation loss for 12 epochs.
Epoch [30/500], Train Loss: 0.5271, Val Loss: 0.5398
No improvement in validation loss for 13 epochs.
Epoch [31/500], Train Loss: 0.5294, Val Loss: 0.5382
No improvement in validation loss for 14 epochs.
Epoch [32/500], Train Loss: 0.5306, Val Loss: 0.5285
No improvement in validation loss for 15 epochs.
Epoch [33/500], Train Loss: 0.5294, Val Loss: 0.5443
No improvement in validation loss for 16 epochs.
Epoch [34/500], Train Loss: 0.5269, Val Loss: 0.5366
No improvement in validation loss for 17 epochs.
Epoch [35/500], Train Loss: 0.5275, Val Loss: 0.5242
Model improved
Epoch [36/500], Train Loss: 0.5271, Val Loss: 0.5339
No improvement in validation loss for 1 epochs.
Epoch [37/500], Train Loss: 0.5252, Val Loss: 0.5323
No improvement in validation loss for 2 epochs.
Epoch [38/500], Train Loss: 0.5266, Val Loss: 0.5280
No improvement in validation loss for 3 epochs.
Epoch [39/500], Train Loss: 0.5279, Val Loss: 0.5288
No improvement in validation loss for 4 epochs.
Epoch [40/500], Train Loss: 0.5284, Val Loss: 0.5327
No improvement in validation loss for 5 epochs.
Epoch [41/500], Train Loss: 0.5281, Val Loss: 0.5518
No improvement in validation loss for 6 epochs.
Epoch [42/500], Train Loss: 0.5263, Val Loss: 0.5348
No improvement in validation loss for 7 epochs.
Epoch [43/500], Train Loss: 0.5276, Val Loss: 0.5250
No improvement in validation loss for 8 epochs.
Epoch [44/500], Train Loss: 0.5265, Val Loss: 0.5303
No improvement in validation loss for 9 epochs.
Epoch [45/500], Train Loss: 0.5274, Val Loss: 0.5332
No improvement in validation loss for 10 epochs.
Epoch [46/500], Train Loss: 0.5259, Val Loss: 0.5350
No improvement in validation loss for 11 epochs.
Epoch [47/500], Train Loss: 0.5230, Val Loss: 0.5266
No improvement in validation loss for 12 epochs.
Epoch [48/500], Train Loss: 0.5244, Val Loss: 0.5277
No improvement in validation loss for 13 epochs.
Epoch [49/500], Train Loss: 0.5254, Val Loss: 0.5238
Model improved
Epoch [50/500], Train Loss: 0.5231, Val Loss: 0.5362
No improvement in validation loss for 1 epochs.
Epoch [51/500], Train Loss: 0.5241, Val Loss: 0.5260
No improvement in validation loss for 2 epochs.
Epoch [52/500], Train Loss: 0.5243, Val Loss: 0.5244
No improvement in validation loss for 3 epochs.
Epoch [53/500], Train Loss: 0.5255, Val Loss: 0.5229
Model improved
Epoch [54/500], Train Loss: 0.5218, Val Loss: 0.5231
No improvement in validation loss for 1 epochs.
Epoch [55/500], Train Loss: 0.5221, Val Loss: 0.5285
No improvement in validation loss for 2 epochs.
Epoch [56/500], Train Loss: 0.5253, Val Loss: 0.5233
No improvement in validation loss for 3 epochs.
Epoch [57/500], Train Loss: 0.5252, Val Loss: 0.5461
No improvement in validation loss for 4 epochs.
Epoch [58/500], Train Loss: 0.5276, Val Loss: 0.5250
No improvement in validation loss for 5 epochs.
Epoch [59/500], Train Loss: 0.5245, Val Loss: 0.5352
No improvement in validation loss for 6 epochs.
Epoch [60/500], Train Loss: 0.5221, Val Loss: 0.5516
No improvement in validation loss for 7 epochs.
Epoch [61/500], Train Loss: 0.5249, Val Loss: 0.5318
No improvement in validation loss for 8 epochs.
Epoch [62/500], Train Loss: 0.5250, Val Loss: 0.5324
No improvement in validation loss for 9 epochs.
Epoch [63/500], Train Loss: 0.5225, Val Loss: 0.5269
No improvement in validation loss for 10 epochs.
Epoch [64/500], Train Loss: 0.5220, Val Loss: 0.5240
No improvement in validation loss for 11 epochs.
Epoch [65/500], Train Loss: 0.5224, Val Loss: 0.5263
No improvement in validation loss for 12 epochs.
Epoch [66/500], Train Loss: 0.5208, Val Loss: 0.5248
No improvement in validation loss for 13 epochs.
Epoch [67/500], Train Loss: 0.5195, Val Loss: 0.5253
No improvement in validation loss for 14 epochs.
Epoch [68/500], Train Loss: 0.5217, Val Loss: 0.5278
No improvement in validation loss for 15 epochs.
Epoch [69/500], Train Loss: 0.5223, Val Loss: 0.5310
No improvement in validation loss for 16 epochs.
Epoch [70/500], Train Loss: 0.5244, Val Loss: 0.5352
No improvement in validation loss for 17 epochs.
Epoch [71/500], Train Loss: 0.5213, Val Loss: 0.5239
No improvement in validation loss for 18 epochs.
Epoch [72/500], Train Loss: 0.5230, Val Loss: 0.5259
No improvement in validation loss for 19 epochs.
Epoch [73/500], Train Loss: 0.5209, Val Loss: 0.5351
No improvement in validation loss for 20 epochs.
Early stopping after 20 epochs without improvement.
Best validation loss: 0.5229
Model saved to /home/crackscope/Road-Anomaly-Detector/road_anomaly_detector/main/model/model_files/UNET_cracktree200_lr0001_b4_p20_e500_dice/model.pth
Loss plot saved to /home/crackscope/Road-Anomaly-Detector/road_anomaly_detector/main/model/model_files/UNET_cracktree200_lr0001_b4_p20_e500_dice/loss_plot.png
