Training with argumentation
Images min: 0.0784313753247261 Images max: 0.9372549057006836
Mask min: 0.0 Mask max: 1.0
Using tversky with alpha: 0.7 and beta: 0.3

==================================================
Trainer Configuration
==================================================
{   'Best Validation Loss': inf,
    'Device': device(type='cuda'),
    'Learning Rate': 0.001,
    'Loss Function': 'loss_fn',
    'Loss Save Path': '/home/crackscope/Road-Anomaly-Detector/road_anomaly_detector/main/model/model_files/UNET_cracktree200_lr0001_b4_p20_e500_tversky/loss_plot.png',
    'Model Save Path': '/home/crackscope/Road-Anomaly-Detector/road_anomaly_detector/main/model/model_files/UNET_cracktree200_lr0001_b4_p20_e500_tversky/model.pth',
    'Number of Epochs': 500,
    'Optimizer': 'Adam (\n'
                 'Parameter Group 0\n'
                 '    amsgrad: False\n'
                 '    betas: (0.9, 0.999)\n'
                 '    capturable: False\n'
                 '    differentiable: False\n'
                 '    eps: 1e-08\n'
                 '    foreach: None\n'
                 '    fused: None\n'
                 '    lr: 0.001\n'
                 '    maximize: False\n'
                 '    weight_decay: 0\n'
                 ')',
    'Patience': 20}
==================================================

Epoch [1/500], Train Loss: 0.9069, Val Loss: 0.9222
Model improved
Epoch [2/500], Train Loss: 0.8438, Val Loss: 0.8155
Model improved
Epoch [3/500], Train Loss: 0.7864, Val Loss: 0.7189
Model improved
Epoch [4/500], Train Loss: 0.7353, Val Loss: 0.7153
Model improved
Epoch [5/500], Train Loss: 0.6598, Val Loss: 0.6416
Model improved
Epoch [6/500], Train Loss: 0.6093, Val Loss: 0.5922
Model improved
Epoch [7/500], Train Loss: 0.6008, Val Loss: 0.6315
No improvement in validation loss for 1 epochs.
Epoch [8/500], Train Loss: 0.5939, Val Loss: 0.5879
Model improved
Epoch [9/500], Train Loss: 0.5833, Val Loss: 0.5783
Model improved
Epoch [10/500], Train Loss: 0.5831, Val Loss: 0.5779
Model improved
Epoch [11/500], Train Loss: 0.5764, Val Loss: 0.5969
No improvement in validation loss for 1 epochs.
Epoch [12/500], Train Loss: 0.5770, Val Loss: 0.5844
No improvement in validation loss for 2 epochs.
Epoch [13/500], Train Loss: 0.5853, Val Loss: 0.5937
No improvement in validation loss for 3 epochs.
Epoch [14/500], Train Loss: 0.5768, Val Loss: 0.6036
No improvement in validation loss for 4 epochs.
Epoch [15/500], Train Loss: 0.5753, Val Loss: 0.5861
No improvement in validation loss for 5 epochs.
Epoch [16/500], Train Loss: 0.5778, Val Loss: 0.5708
Model improved
Epoch [17/500], Train Loss: 0.5736, Val Loss: 0.5708
No improvement in validation loss for 1 epochs.
Epoch [18/500], Train Loss: 0.5700, Val Loss: 0.5704
Model improved
Epoch [19/500], Train Loss: 0.5678, Val Loss: 0.5660
Model improved
Epoch [20/500], Train Loss: 0.5718, Val Loss: 0.5770
No improvement in validation loss for 1 epochs.
Epoch [21/500], Train Loss: 0.5696, Val Loss: 0.5641
Model improved
Epoch [22/500], Train Loss: 0.5696, Val Loss: 0.5855
No improvement in validation loss for 1 epochs.
Epoch [23/500], Train Loss: 0.5677, Val Loss: 0.5989
No improvement in validation loss for 2 epochs.
Epoch [24/500], Train Loss: 0.5668, Val Loss: 0.5707
No improvement in validation loss for 3 epochs.
Epoch [25/500], Train Loss: 0.5688, Val Loss: 0.5798
No improvement in validation loss for 4 epochs.
Epoch [26/500], Train Loss: 0.5677, Val Loss: 0.5689
No improvement in validation loss for 5 epochs.
Epoch [27/500], Train Loss: 0.5664, Val Loss: 0.5829
No improvement in validation loss for 6 epochs.
Epoch [28/500], Train Loss: 0.5666, Val Loss: 0.5680
No improvement in validation loss for 7 epochs.
Epoch [29/500], Train Loss: 0.5660, Val Loss: 0.5914
No improvement in validation loss for 8 epochs.
Epoch [30/500], Train Loss: 0.5640, Val Loss: 0.5729
No improvement in validation loss for 9 epochs.
Epoch [31/500], Train Loss: 0.5660, Val Loss: 0.6145
No improvement in validation loss for 10 epochs.
Epoch [32/500], Train Loss: 0.5675, Val Loss: 0.5603
Model improved
Epoch [33/500], Train Loss: 0.5634, Val Loss: 0.5756
No improvement in validation loss for 1 epochs.
Epoch [34/500], Train Loss: 0.5640, Val Loss: 0.5653
No improvement in validation loss for 2 epochs.
Epoch [35/500], Train Loss: 0.5645, Val Loss: 0.5594
Model improved
Epoch [36/500], Train Loss: 0.5662, Val Loss: 0.5580
Model improved
Epoch [37/500], Train Loss: 0.5648, Val Loss: 0.5702
No improvement in validation loss for 1 epochs.
Epoch [38/500], Train Loss: 0.5634, Val Loss: 0.5670
No improvement in validation loss for 2 epochs.
Epoch [39/500], Train Loss: 0.5634, Val Loss: 0.5664
No improvement in validation loss for 3 epochs.
Epoch [40/500], Train Loss: 0.5638, Val Loss: 0.5661
No improvement in validation loss for 4 epochs.
Epoch [41/500], Train Loss: 0.5611, Val Loss: 0.5714
No improvement in validation loss for 5 epochs.
Epoch [42/500], Train Loss: 0.5626, Val Loss: 0.5594
No improvement in validation loss for 6 epochs.
Epoch [43/500], Train Loss: 0.5592, Val Loss: 0.5701
No improvement in validation loss for 7 epochs.
Epoch [44/500], Train Loss: 0.5616, Val Loss: 0.5622
No improvement in validation loss for 8 epochs.
Epoch [45/500], Train Loss: 0.5613, Val Loss: 0.5741
No improvement in validation loss for 9 epochs.
Epoch [46/500], Train Loss: 0.5643, Val Loss: 0.5692
No improvement in validation loss for 10 epochs.
Epoch [47/500], Train Loss: 0.5631, Val Loss: 0.5591
No improvement in validation loss for 11 epochs.
Epoch [48/500], Train Loss: 0.5606, Val Loss: 0.5679
No improvement in validation loss for 12 epochs.
Epoch [49/500], Train Loss: 0.5609, Val Loss: 0.5576
Model improved
Epoch [50/500], Train Loss: 0.5614, Val Loss: 0.5603
No improvement in validation loss for 1 epochs.
Epoch [51/500], Train Loss: 0.5606, Val Loss: 0.5641
No improvement in validation loss for 2 epochs.
Epoch [52/500], Train Loss: 0.5609, Val Loss: 0.5583
No improvement in validation loss for 3 epochs.
Epoch [53/500], Train Loss: 0.5584, Val Loss: 0.5615
No improvement in validation loss for 4 epochs.
Epoch [54/500], Train Loss: 0.5592, Val Loss: 0.5593
No improvement in validation loss for 5 epochs.
Epoch [55/500], Train Loss: 0.5605, Val Loss: 0.5563
Model improved
Epoch [56/500], Train Loss: 0.5599, Val Loss: 0.5559
Model improved
Epoch [57/500], Train Loss: 0.5606, Val Loss: 0.5852
No improvement in validation loss for 1 epochs.
Epoch [58/500], Train Loss: 0.5615, Val Loss: 0.5616
No improvement in validation loss for 2 epochs.
Epoch [59/500], Train Loss: 0.5596, Val Loss: 0.5633
No improvement in validation loss for 3 epochs.
Epoch [60/500], Train Loss: 0.5577, Val Loss: 0.5595
No improvement in validation loss for 4 epochs.
Epoch [61/500], Train Loss: 0.5584, Val Loss: 0.5829
No improvement in validation loss for 5 epochs.
Epoch [62/500], Train Loss: 0.5582, Val Loss: 0.5684
No improvement in validation loss for 6 epochs.
Epoch [63/500], Train Loss: 0.5606, Val Loss: 0.5550
Model improved
Epoch [64/500], Train Loss: 0.5613, Val Loss: 0.5566
No improvement in validation loss for 1 epochs.
Epoch [65/500], Train Loss: 0.5599, Val Loss: 0.5816
No improvement in validation loss for 2 epochs.
Epoch [66/500], Train Loss: 0.5606, Val Loss: 0.5569
No improvement in validation loss for 3 epochs.
Epoch [67/500], Train Loss: 0.5621, Val Loss: 0.5587
No improvement in validation loss for 4 epochs.
Epoch [68/500], Train Loss: 0.5573, Val Loss: 0.5577
No improvement in validation loss for 5 epochs.
Epoch [69/500], Train Loss: 0.5597, Val Loss: 0.5625
No improvement in validation loss for 6 epochs.
Epoch [70/500], Train Loss: 0.5605, Val Loss: 0.5654
No improvement in validation loss for 7 epochs.
Epoch [71/500], Train Loss: 0.5604, Val Loss: 0.5540
Model improved
Epoch [72/500], Train Loss: 0.5574, Val Loss: 0.5584
No improvement in validation loss for 1 epochs.
Epoch [73/500], Train Loss: 0.5582, Val Loss: 0.5761
No improvement in validation loss for 2 epochs.
Epoch [74/500], Train Loss: 0.5569, Val Loss: 0.5568
No improvement in validation loss for 3 epochs.
Epoch [75/500], Train Loss: 0.5582, Val Loss: 0.5606
No improvement in validation loss for 4 epochs.
Epoch [76/500], Train Loss: 0.5575, Val Loss: 0.5571
No improvement in validation loss for 5 epochs.
Epoch [77/500], Train Loss: 0.5567, Val Loss: 0.5615
No improvement in validation loss for 6 epochs.
Epoch [78/500], Train Loss: 0.5560, Val Loss: 0.5652
No improvement in validation loss for 7 epochs.
Epoch [79/500], Train Loss: 0.5576, Val Loss: 0.5589
No improvement in validation loss for 8 epochs.
Epoch [80/500], Train Loss: 0.5575, Val Loss: 0.5672
No improvement in validation loss for 9 epochs.
Epoch [81/500], Train Loss: 0.5600, Val Loss: 0.5673
No improvement in validation loss for 10 epochs.
Epoch [82/500], Train Loss: 0.5591, Val Loss: 0.5617
No improvement in validation loss for 11 epochs.
Epoch [83/500], Train Loss: 0.5574, Val Loss: 0.5638
No improvement in validation loss for 12 epochs.
Epoch [84/500], Train Loss: 0.5602, Val Loss: 0.5740
No improvement in validation loss for 13 epochs.
Epoch [85/500], Train Loss: 0.5573, Val Loss: 0.5726
No improvement in validation loss for 14 epochs.
Epoch [86/500], Train Loss: 0.5611, Val Loss: 0.5693
No improvement in validation loss for 15 epochs.
Epoch [87/500], Train Loss: 0.5660, Val Loss: 0.5919
No improvement in validation loss for 16 epochs.
Epoch [88/500], Train Loss: 0.5633, Val Loss: 0.5614
No improvement in validation loss for 17 epochs.
Epoch [89/500], Train Loss: 0.5588, Val Loss: 0.5755
No improvement in validation loss for 18 epochs.
Epoch [90/500], Train Loss: 0.5593, Val Loss: 0.5597
No improvement in validation loss for 19 epochs.
Epoch [91/500], Train Loss: 0.5575, Val Loss: 0.5711
No improvement in validation loss for 20 epochs.
Early stopping after 20 epochs without improvement.
Best validation loss: 0.5540
Model saved to /home/crackscope/Road-Anomaly-Detector/road_anomaly_detector/main/model/model_files/UNET_cracktree200_lr0001_b4_p20_e500_tversky/model.pth
Loss plot saved to /home/crackscope/Road-Anomaly-Detector/road_anomaly_detector/main/model/model_files/UNET_cracktree200_lr0001_b4_p20_e500_tversky/loss_plot.png
