Training with argumentation
Images min: 0.062745101749897 Images max: 0.843137264251709
Mask min: 0.0 Mask max: 1.0

==================================================
Trainer Configuration
==================================================
{   'Best Validation Loss': inf,
    'Device': device(type='cuda'),
    'Learning Rate': 0.001,
    'Loss Function': 'dice_loss',
    'Loss Save Path': '/home/crackscope/Road-Anomaly-Detector/road_anomaly_detector/main/model/model_files/UNET_forest_lr0001_b4_p20_e500_dice/loss_plot.png',
    'Model Save Path': '/home/crackscope/Road-Anomaly-Detector/road_anomaly_detector/main/model/model_files/UNET_forest_lr0001_b4_p20_e500_dice/model.pth',
    'Number of Epochs': 500,
    'Optimizer': 'Adam (\n'
                 'Parameter Group 0\n'
                 '    amsgrad: False\n'
                 '    betas: (0.9, 0.999)\n'
                 '    capturable: False\n'
                 '    differentiable: False\n'
                 '    eps: 1e-08\n'
                 '    foreach: None\n'
                 '    fused: None\n'
                 '    lr: 0.001\n'
                 '    maximize: False\n'
                 '    weight_decay: 0\n'
                 ')',
    'Patience': 20}
==================================================

Epoch [1/500], Train Loss: 0.8653, Val Loss: 0.9681
Model improved
Epoch [2/500], Train Loss: 0.7975, Val Loss: 0.8297
Model improved
Epoch [3/500], Train Loss: 0.7499, Val Loss: 0.9247
No improvement in validation loss for 1 epochs.
Epoch [4/500], Train Loss: 0.7017, Val Loss: 0.9299
No improvement in validation loss for 2 epochs.
Epoch [5/500], Train Loss: 0.6620, Val Loss: 0.9312
No improvement in validation loss for 3 epochs.
Epoch [6/500], Train Loss: 0.6211, Val Loss: 0.8962
No improvement in validation loss for 4 epochs.
Epoch [7/500], Train Loss: 0.6019, Val Loss: 0.9220
No improvement in validation loss for 5 epochs.
Epoch [8/500], Train Loss: 0.5976, Val Loss: 0.7974
Model improved
Epoch [9/500], Train Loss: 0.5508, Val Loss: 0.9441
No improvement in validation loss for 1 epochs.
Epoch [10/500], Train Loss: 0.5153, Val Loss: 0.7644
Model improved
Epoch [11/500], Train Loss: 0.5094, Val Loss: 0.8429
No improvement in validation loss for 1 epochs.
Epoch [12/500], Train Loss: 0.4892, Val Loss: 0.6810
Model improved
Epoch [13/500], Train Loss: 0.4722, Val Loss: 0.7151
No improvement in validation loss for 1 epochs.
Epoch [14/500], Train Loss: 0.4594, Val Loss: 0.4394
Model improved
Epoch [15/500], Train Loss: 0.4578, Val Loss: 0.5444
No improvement in validation loss for 1 epochs.
Epoch [16/500], Train Loss: 0.4471, Val Loss: 0.6382
No improvement in validation loss for 2 epochs.
Epoch [17/500], Train Loss: 0.4441, Val Loss: 0.5800
No improvement in validation loss for 3 epochs.
Epoch [18/500], Train Loss: 0.4278, Val Loss: 0.4776
No improvement in validation loss for 4 epochs.
Epoch [19/500], Train Loss: 0.4265, Val Loss: 0.5995
No improvement in validation loss for 5 epochs.
Epoch [20/500], Train Loss: 0.4296, Val Loss: 0.4779
No improvement in validation loss for 6 epochs.
Epoch [21/500], Train Loss: 0.4169, Val Loss: 0.4264
Model improved
Epoch [22/500], Train Loss: 0.4112, Val Loss: 0.4754
No improvement in validation loss for 1 epochs.
Epoch [23/500], Train Loss: 0.4239, Val Loss: 0.6164
No improvement in validation loss for 2 epochs.
Epoch [24/500], Train Loss: 0.4247, Val Loss: 0.5770
No improvement in validation loss for 3 epochs.
Epoch [25/500], Train Loss: 0.4108, Val Loss: 0.4168
Model improved
Epoch [26/500], Train Loss: 0.4138, Val Loss: 0.3935
Model improved
Epoch [27/500], Train Loss: 0.4056, Val Loss: 0.4305
No improvement in validation loss for 1 epochs.
Epoch [28/500], Train Loss: 0.3951, Val Loss: 0.5288
No improvement in validation loss for 2 epochs.
Epoch [29/500], Train Loss: 0.4007, Val Loss: 0.4368
No improvement in validation loss for 3 epochs.
Epoch [30/500], Train Loss: 0.3976, Val Loss: 0.4165
No improvement in validation loss for 4 epochs.
Epoch [31/500], Train Loss: 0.3972, Val Loss: 0.4110
No improvement in validation loss for 5 epochs.
Epoch [32/500], Train Loss: 0.3971, Val Loss: 0.4119
No improvement in validation loss for 6 epochs.
Epoch [33/500], Train Loss: 0.3919, Val Loss: 0.4132
No improvement in validation loss for 7 epochs.
Epoch [34/500], Train Loss: 0.3897, Val Loss: 0.3993
No improvement in validation loss for 8 epochs.
Epoch [35/500], Train Loss: 0.3861, Val Loss: 0.4292
No improvement in validation loss for 9 epochs.
Epoch [36/500], Train Loss: 0.3942, Val Loss: 0.4611
No improvement in validation loss for 10 epochs.
Epoch [37/500], Train Loss: 0.3943, Val Loss: 0.4462
No improvement in validation loss for 11 epochs.
Epoch [38/500], Train Loss: 0.4000, Val Loss: 0.4096
No improvement in validation loss for 12 epochs.
Epoch [39/500], Train Loss: 0.3933, Val Loss: 0.3874
Model improved
Epoch [40/500], Train Loss: 0.3840, Val Loss: 0.3943
No improvement in validation loss for 1 epochs.
Epoch [41/500], Train Loss: 0.3833, Val Loss: 0.4389
No improvement in validation loss for 2 epochs.
Epoch [42/500], Train Loss: 0.3807, Val Loss: 0.4114
No improvement in validation loss for 3 epochs.
Epoch [43/500], Train Loss: 0.3833, Val Loss: 0.3928
No improvement in validation loss for 4 epochs.
Epoch [44/500], Train Loss: 0.3875, Val Loss: 0.4647
No improvement in validation loss for 5 epochs.
Epoch [45/500], Train Loss: 0.3780, Val Loss: 0.3869
Model improved
Epoch [46/500], Train Loss: 0.3806, Val Loss: 0.3790
Model improved
Epoch [47/500], Train Loss: 0.3796, Val Loss: 0.3880
No improvement in validation loss for 1 epochs.
Epoch [48/500], Train Loss: 0.3801, Val Loss: 0.4961
No improvement in validation loss for 2 epochs.
Epoch [49/500], Train Loss: 0.3799, Val Loss: 0.4107
No improvement in validation loss for 3 epochs.
Epoch [50/500], Train Loss: 0.3822, Val Loss: 0.3907
No improvement in validation loss for 4 epochs.
Epoch [51/500], Train Loss: 0.3756, Val Loss: 0.4026
No improvement in validation loss for 5 epochs.
Epoch [52/500], Train Loss: 0.3733, Val Loss: 0.3908
No improvement in validation loss for 6 epochs.
Epoch [53/500], Train Loss: 0.3815, Val Loss: 0.4170
No improvement in validation loss for 7 epochs.
Epoch [54/500], Train Loss: 0.3983, Val Loss: 0.4773
No improvement in validation loss for 8 epochs.
Epoch [55/500], Train Loss: 0.3833, Val Loss: 0.3886
No improvement in validation loss for 9 epochs.
Epoch [56/500], Train Loss: 0.3754, Val Loss: 0.3826
No improvement in validation loss for 10 epochs.
Epoch [57/500], Train Loss: 0.3787, Val Loss: 0.4118
No improvement in validation loss for 11 epochs.
Epoch [58/500], Train Loss: 0.3744, Val Loss: 0.3955
No improvement in validation loss for 12 epochs.
Epoch [59/500], Train Loss: 0.3761, Val Loss: 0.4130
No improvement in validation loss for 13 epochs.
Epoch [60/500], Train Loss: 0.3685, Val Loss: 0.4035
No improvement in validation loss for 14 epochs.
Epoch [61/500], Train Loss: 0.3844, Val Loss: 0.4908
No improvement in validation loss for 15 epochs.
Epoch [62/500], Train Loss: 0.3765, Val Loss: 0.4115
No improvement in validation loss for 16 epochs.
Epoch [63/500], Train Loss: 0.3734, Val Loss: 0.4090
No improvement in validation loss for 17 epochs.
Epoch [64/500], Train Loss: 0.3672, Val Loss: 0.3864
No improvement in validation loss for 18 epochs.
Epoch [65/500], Train Loss: 0.3809, Val Loss: 0.4260
No improvement in validation loss for 19 epochs.
Epoch [66/500], Train Loss: 0.3736, Val Loss: 0.3862
No improvement in validation loss for 20 epochs.
Early stopping after 20 epochs without improvement.
Best validation loss: 0.3790
Model saved to /home/crackscope/Road-Anomaly-Detector/road_anomaly_detector/main/model/model_files/UNET_forest_lr0001_b4_p20_e500_dice/model.pth
Loss plot saved to /home/crackscope/Road-Anomaly-Detector/road_anomaly_detector/main/model/model_files/UNET_forest_lr0001_b4_p20_e500_dice/loss_plot.png
