Traceback (most recent call last):
  File "C:\Users\Bruger\Documents\Thesis\Road-Anomaly-Detector\road_anomaly_detector\main\model\main.py", line 3, in <module>
    from data_loader import get_data_loaders
  File "C:\Users\Bruger\Documents\Thesis\Road-Anomaly-Detector\road_anomaly_detector\main\model\data_loader.py", line 5, in <module>
    from sklearn.model_selection import train_test_split
  File "C:\Users\Bruger\miniconda3\envs\road_anomaly_detector\lib\site-packages\sklearn\__init__.py", line 84, in <module>
    from .base import clone
  File "C:\Users\Bruger\miniconda3\envs\road_anomaly_detector\lib\site-packages\sklearn\base.py", line 19, in <module>
    from .utils._estimator_html_repr import _HTMLDocumentationLinkMixin, estimator_html_repr
  File "C:\Users\Bruger\miniconda3\envs\road_anomaly_detector\lib\site-packages\sklearn\utils\__init__.py", line 11, in <module>
    from ._chunking import gen_batches, gen_even_slices
  File "C:\Users\Bruger\miniconda3\envs\road_anomaly_detector\lib\site-packages\sklearn\utils\_chunking.py", line 8, in <module>
    from ._param_validation import Interval, validate_params
  File "C:\Users\Bruger\miniconda3\envs\road_anomaly_detector\lib\site-packages\sklearn\utils\_param_validation.py", line 11, in <module>
    from scipy.sparse import csr_matrix, issparse
  File "C:\Users\Bruger\miniconda3\envs\road_anomaly_detector\lib\site-packages\scipy\sparse\__init__.py", line 274, in <module>
    from ._construct import *
  File "<frozen importlib._bootstrap>", line 1027, in _find_and_load
  File "<frozen importlib._bootstrap>", line 1002, in _find_and_load_unlocked
  File "<frozen importlib._bootstrap>", line 945, in _find_spec
  File "<frozen importlib._bootstrap_external>", line 1439, in find_spec
  File "<frozen importlib._bootstrap_external>", line 1411, in _get_spec
  File "<frozen importlib._bootstrap_external>", line 1578, in find_spec
  File "<frozen importlib._bootstrap_external>", line 1533, in _get_spec
  File "<frozen importlib._bootstrap_external>", line 746, in spec_from_file_location
  File "<frozen importlib._bootstrap_external>", line 176, in _path_isabs
KeyboardInterrupt
